16:16:43 **** Build of configuration Debug for project run-gftl3 ****
make all 
'Building file: ../src/nvme/debug.c'
'Invoking: ARM v8 gcc compiler'
aarch64-none-elf-gcc -Wall -O0 -g3 -c -fmessage-length=0 -MT"src/nvme/debug.o" -I../../run-gftl3_bsp/psu_cortexa53_0/include -MMD -MP -MF"src/nvme/debug.d" -MT"src/nvme/debug.o" -o "src/nvme/debug.o" "../src/nvme/debug.c"
'Finished building: ../src/nvme/debug.c'
' '
'Building file: ../src/nvme/host_lld.c'
'Invoking: ARM v8 gcc compiler'
aarch64-none-elf-gcc -Wall -O0 -g3 -c -fmessage-length=0 -MT"src/nvme/host_lld.o" -I../../run-gftl3_bsp/psu_cortexa53_0/include -MMD -MP -MF"src/nvme/host_lld.d" -MT"src/nvme/host_lld.o" -o "src/nvme/host_lld.o" "../src/nvme/host_lld.c"
In file included from ../src/nvme/host_lld.c:57:
../src/nvme/host_lld.c: In function 'dev_irq_init':
../src/nvme/host_lld.h:58:28: error: 'XPAR_NVME_CTRL_0_BASEADDR' undeclared (first use in this function); did you mean 'XPAR_BRAM_1_CTRL_BASEADDR'?
 #define HOST_IP_ADDR      (XPAR_NVME_CTRL_0_BASEADDR)
                            ^~~~~~~~~~~~~~~~~~~~~~~~~
../src/nvme/io_access.h:51:60: note: in definition of macro 'IO_WRITE32'
 #define IO_WRITE32(addr, val)  *((volatile unsigned int *)(addr)) = val
                                                            ^~~~
../src/nvme/host_lld.h:60:35: note: in expansion of macro 'HOST_IP_ADDR'
 #define DEV_IRQ_MASK_REG_ADDR    (HOST_IP_ADDR + 0x4)
                                   ^~~~~~~~~~~~
../src/nvme/host_lld.c:83:13: note: in expansion of macro 'DEV_IRQ_MASK_REG_ADDR'
  IO_WRITE32(DEV_IRQ_MASK_REG_ADDR, devReg.dword);
             ^~~~~~~~~~~~~~~~~~~~~
../src/nvme/host_lld.h:58:28: note: each undeclared identifier is reported only once for each function it appears in
 #define HOST_IP_ADDR      (XPAR_NVME_CTRL_0_BASEADDR)
                            ^~~~~~~~~~~~~~~~~~~~~~~~~
../src/nvme/io_access.h:51:60: note: in definition of macro 'IO_WRITE32'
 #define IO_WRITE32(addr, val)  *((volatile unsigned int *)(addr)) = val
                                                            ^~~~
../src/nvme/host_lld.h:60:35: note: in expansion of macro 'HOST_IP_ADDR'
 #define DEV_IRQ_MASK_REG_ADDR    (HOST_IP_ADDR + 0x4)
                                   ^~~~~~~~~~~~
../src/nvme/host_lld.c:83:13: note: in expansion of macro 'DEV_IRQ_MASK_REG_ADDR'
  IO_WRITE32(DEV_IRQ_MASK_REG_ADDR, devReg.dword);
             ^~~~~~~~~~~~~~~~~~~~~
../src/nvme/host_lld.c: In function 'dev_irq_handler':
../src/nvme/host_lld.h:58:28: error: 'XPAR_NVME_CTRL_0_BASEADDR' undeclared (first use in this function); did you mean 'XPAR_BRAM_1_CTRL_BASEADDR'?
 #define HOST_IP_ADDR      (XPAR_NVME_CTRL_0_BASEADDR)
                            ^~~~~~~~~~~~~~~~~~~~~~~~~
../src/nvme/io_access.h:52:56: note: in definition of macro 'IO_READ32'
 #define IO_READ32(addr)    *((volatile unsigned int *)(addr))
                                                        ^~~~
../src/nvme/host_lld.h:62:37: note: in expansion of macro 'HOST_IP_ADDR'
 #define DEV_IRQ_STATUS_REG_ADDR    (HOST_IP_ADDR + 0xC)
                                     ^~~~~~~~~~~~
../src/nvme/host_lld.c:91:27: note: in expansion of macro 'DEV_IRQ_STATUS_REG_ADDR'
  devReg.dword = IO_READ32(DEV_IRQ_STATUS_REG_ADDR);
                           ^~~~~~~~~~~~~~~~~~~~~~~
../src/nvme/host_lld.c: In function 'check_nvme_cc_en':
../src/nvme/host_lld.h:58:28: error: 'XPAR_NVME_CTRL_0_BASEADDR' undeclared (first use in this function); did you mean 'XPAR_BRAM_1_CTRL_BASEADDR'?
 #define HOST_IP_ADDR      (XPAR_NVME_CTRL_0_BASEADDR)
                            ^~~~~~~~~~~~~~~~~~~~~~~~~
../src/nvme/io_access.h:52:56: note: in definition of macro 'IO_READ32'
 #define IO_READ32(addr)    *((volatile unsigned int *)(addr))
                                                        ^~~~
../src/nvme/host_lld.h:67:34: note: in expansion of macro 'HOST_IP_ADDR'
 #define NVME_STATUS_REG_ADDR    (HOST_IP_ADDR + 0x200)
                                  ^~~~~~~~~~~~
../src/nvme/host_lld.c:181:28: note: in expansion of macro 'NVME_STATUS_REG_ADDR'
  nvmeReg.dword = IO_READ32(NVME_STATUS_REG_ADDR);
                            ^~~~~~~~~~~~~~~~~~~~
../src/nvme/host_lld.c: In function 'pcie_async_reset':
../src/nvme/host_lld.h:58:28: error: 'XPAR_NVME_CTRL_0_BASEADDR' undeclared (first use in this function); did you mean 'XPAR_BRAM_1_CTRL_BASEADDR'?
 #define HOST_IP_ADDR      (XPAR_NVME_CTRL_0_BASEADDR)
                            ^~~~~~~~~~~~~~~~~~~~~~~~~
../src/nvme/io_access.h:51:60: note: in definition of macro 'IO_WRITE32'
 #define IO_WRITE32(addr, val)  *((volatile unsigned int *)(addr)) = val
                                                            ^~~~
../src/nvme/host_lld.h:67:34: note: in expansion of macro 'HOST_IP_ADDR'
 #define NVME_STATUS_REG_ADDR    (HOST_IP_ADDR + 0x200)
                                  ^~~~~~~~~~~~
../src/nvme/host_lld.c:192:13: note: in expansion of macro 'NVME_STATUS_REG_ADDR'
  IO_WRITE32(NVME_STATUS_REG_ADDR, nvmeReg.dword);
             ^~~~~~~~~~~~~~~~~~~~
../src/nvme/host_lld.c: In function 'set_link_width':
../src/nvme/host_lld.h:58:28: error: 'XPAR_NVME_CTRL_0_BASEADDR' undeclared (first use in this function); did you mean 'XPAR_BRAM_1_CTRL_BASEADDR'?
 #define HOST_IP_ADDR      (XPAR_NVME_CTRL_0_BASEADDR)
                            ^~~~~~~~~~~~~~~~~~~~~~~~~
../src/nvme/io_access.h:51:60: note: in definition of macro 'IO_WRITE32'
 #define IO_WRITE32(addr, val)  *((volatile unsigned int *)(addr)) = val
                                                            ^~~~
../src/nvme/host_lld.h:67:34: note: in expansion of macro 'HOST_IP_ADDR'
 #define NVME_STATUS_REG_ADDR    (HOST_IP_ADDR + 0x200)
                                  ^~~~~~~~~~~~
../src/nvme/host_lld.c:203:13: note: in expansion of macro 'NVME_STATUS_REG_ADDR'
  IO_WRITE32(NVME_STATUS_REG_ADDR, nvmeReg.dword);
             ^~~~~~~~~~~~~~~~~~~~
../src/nvme/host_lld.c: In function 'set_nvme_csts_rdy':
../src/nvme/host_lld.h:58:28: error: 'XPAR_NVME_CTRL_0_BASEADDR' undeclared (first use in this function); did you mean 'XPAR_BRAM_1_CTRL_BASEADDR'?
 #define HOST_IP_ADDR      (XPAR_NVME_CTRL_0_BASEADDR)
                            ^~~~~~~~~~~~~~~~~~~~~~~~~
../src/nvme/io_access.h:52:56: note: in definition of macro 'IO_READ32'
 #define IO_READ32(addr)    *((volatile unsigned int *)(addr))
                                                        ^~~~
../src/nvme/host_lld.h:67:34: note: in expansion of macro 'HOST_IP_ADDR'
 #define NVME_STATUS_REG_ADDR    (HOST_IP_ADDR + 0x200)
                                  ^~~~~~~~~~~~
../src/nvme/host_lld.c:212:28: note: in expansion of macro 'NVME_STATUS_REG_ADDR'
  nvmeReg.dword = IO_READ32(NVME_STATUS_REG_ADDR);
                            ^~~~~~~~~~~~~~~~~~~~
../src/nvme/host_lld.c: In function 'set_nvme_csts_shst':
../src/nvme/host_lld.h:58:28: error: 'XPAR_NVME_CTRL_0_BASEADDR' undeclared (first use in this function); did you mean 'XPAR_BRAM_1_CTRL_BASEADDR'?
 #define HOST_IP_ADDR      (XPAR_NVME_CTRL_0_BASEADDR)
                            ^~~~~~~~~~~~~~~~~~~~~~~~~
../src/nvme/io_access.h:52:56: note: in definition of macro 'IO_READ32'
 #define IO_READ32(addr)    *((volatile unsigned int *)(addr))
                                                        ^~~~
../src/nvme/host_lld.h:67:34: note: in expansion of macro 'HOST_IP_ADDR'
 #define NVME_STATUS_REG_ADDR    (HOST_IP_ADDR + 0x200)
                                  ^~~~~~~~~~~~
../src/nvme/host_lld.c:222:28: note: in expansion of macro 'NVME_STATUS_REG_ADDR'
  nvmeReg.dword = IO_READ32(NVME_STATUS_REG_ADDR);
                            ^~~~~~~~~~~~~~~~~~~~
../src/nvme/host_lld.c: In function 'set_nvme_admin_queue':
../src/nvme/host_lld.h:58:28: error: 'XPAR_NVME_CTRL_0_BASEADDR' undeclared (first use in this function); did you mean 'XPAR_BRAM_1_CTRL_BASEADDR'?
 #define HOST_IP_ADDR      (XPAR_NVME_CTRL_0_BASEADDR)
                            ^~~~~~~~~~~~~~~~~~~~~~~~~
../src/nvme/io_access.h:52:56: note: in definition of macro 'IO_READ32'
 #define IO_READ32(addr)    *((volatile unsigned int *)(addr))
                                                        ^~~~
../src/nvme/host_lld.h:69:41: note: in expansion of macro 'HOST_IP_ADDR'
 #define NVME_ADMIN_QUEUE_SET_REG_ADDR  (HOST_IP_ADDR + 0x21C)
                                         ^~~~~~~~~~~~
../src/nvme/host_lld.c:232:28: note: in expansion of macro 'NVME_ADMIN_QUEUE_SET_REG_ADDR'
  nvmeReg.dword = IO_READ32(NVME_ADMIN_QUEUE_SET_REG_ADDR);
                            ^~~~~~~~~~~~~~~~~~~~~~~~~~~~~
../src/nvme/host_lld.c: In function 'get_nvme_cmd':
../src/nvme/host_lld.h:58:28: error: 'XPAR_NVME_CTRL_0_BASEADDR' undeclared (first use in this function); did you mean 'XPAR_BRAM_1_CTRL_BASEADDR'?
 #define HOST_IP_ADDR      (XPAR_NVME_CTRL_0_BASEADDR)
                            ^~~~~~~~~~~~~~~~~~~~~~~~~
../src/nvme/io_access.h:52:56: note: in definition of macro 'IO_READ32'
 #define IO_READ32(addr)    *((volatile unsigned int *)(addr))
                                                        ^~~~
../src/nvme/host_lld.h:73:36: note: in expansion of macro 'HOST_IP_ADDR'
 #define NVME_CMD_FIFO_REG_ADDR    (HOST_IP_ADDR + 0x300)
                                    ^~~~~~~~~~~~
../src/nvme/host_lld.c:245:28: note: in expansion of macro 'NVME_CMD_FIFO_REG_ADDR'
  nvmeReg.dword = IO_READ32(NVME_CMD_FIFO_REG_ADDR);
                            ^~~~~~~~~~~~~~~~~~~~~~
../src/nvme/io_access.h:52:30: warning: cast to pointer from integer of different size [-Wint-to-pointer-cast]
 #define IO_READ32(addr)    *((volatile unsigned int *)(addr))
                              ^
../src/nvme/host_lld.c:257:24: note: in expansion of macro 'IO_READ32'
    *(cmdDword + idx) = IO_READ32(addr + (idx * 4));
                        ^~~~~~~~~
../src/nvme/host_lld.c: In function 'set_auto_nvme_cpl':
../src/nvme/host_lld.h:58:28: error: 'XPAR_NVME_CTRL_0_BASEADDR' undeclared (first use in this function); did you mean 'XPAR_BRAM_1_CTRL_BASEADDR'?
 #define HOST_IP_ADDR      (XPAR_NVME_CTRL_0_BASEADDR)
                            ^~~~~~~~~~~~~~~~~~~~~~~~~
../src/nvme/io_access.h:51:60: note: in definition of macro 'IO_WRITE32'
 #define IO_WRITE32(addr, val)  *((volatile unsigned int *)(addr)) = val
                                                            ^~~~
../src/nvme/host_lld.h:74:36: note: in expansion of macro 'HOST_IP_ADDR'
 #define NVME_CPL_FIFO_REG_ADDR    (HOST_IP_ADDR + 0x304)
                                    ^~~~~~~~~~~~
../src/nvme/host_lld.c:273:14: note: in expansion of macro 'NVME_CPL_FIFO_REG_ADDR'
  IO_WRITE32((NVME_CPL_FIFO_REG_ADDR + 4), nvmeReg.dword[1]);
              ^~~~~~~~~~~~~~~~~~~~~~
../src/nvme/host_lld.c: In function 'set_nvme_slot_release':
../src/nvme/host_lld.h:58:28: error: 'XPAR_NVME_CTRL_0_BASEADDR' undeclared (first use in this function); did you mean 'XPAR_BRAM_1_CTRL_BASEADDR'?
 #define HOST_IP_ADDR      (XPAR_NVME_CTRL_0_BASEADDR)
                            ^~~~~~~~~~~~~~~~~~~~~~~~~
../src/nvme/io_access.h:51:60: note: in definition of macro 'IO_WRITE32'
 #define IO_WRITE32(addr, val)  *((volatile unsigned int *)(addr)) = val
                                                            ^~~~
../src/nvme/host_lld.h:74:36: note: in expansion of macro 'HOST_IP_ADDR'
 #define NVME_CPL_FIFO_REG_ADDR    (HOST_IP_ADDR + 0x304)
                                    ^~~~~~~~~~~~
../src/nvme/host_lld.c:286:14: note: in expansion of macro 'NVME_CPL_FIFO_REG_ADDR'
  IO_WRITE32((NVME_CPL_FIFO_REG_ADDR + 8), nvmeReg.dword[2]);
              ^~~~~~~~~~~~~~~~~~~~~~
../src/nvme/host_lld.c: In function 'set_nvme_cpl':
../src/nvme/host_lld.h:58:28: error: 'XPAR_NVME_CTRL_0_BASEADDR' undeclared (first use in this function); did you mean 'XPAR_BRAM_1_CTRL_BASEADDR'?
 #define HOST_IP_ADDR      (XPAR_NVME_CTRL_0_BASEADDR)
                            ^~~~~~~~~~~~~~~~~~~~~~~~~
../src/nvme/io_access.h:51:60: note: in definition of macro 'IO_WRITE32'
 #define IO_WRITE32(addr, val)  *((volatile unsigned int *)(addr)) = val
                                                            ^~~~
../src/nvme/host_lld.h:74:36: note: in expansion of macro 'HOST_IP_ADDR'
 #define NVME_CPL_FIFO_REG_ADDR    (HOST_IP_ADDR + 0x304)
                                    ^~~~~~~~~~~~
../src/nvme/host_lld.c:299:13: note: in expansion of macro 'NVME_CPL_FIFO_REG_ADDR'
  IO_WRITE32(NVME_CPL_FIFO_REG_ADDR, nvmeReg.dword[0]);
             ^~~~~~~~~~~~~~~~~~~~~~
In file included from ../src/nvme/host_lld.c:60:
../src/nvme/host_lld.c: In function 'set_io_sq':
../src/nvme/host_lld.h:58:28: error: 'XPAR_NVME_CTRL_0_BASEADDR' undeclared (first use in this function); did you mean 'XPAR_BRAM_1_CTRL_BASEADDR'?
 #define HOST_IP_ADDR      (XPAR_NVME_CTRL_0_BASEADDR)
                            ^~~~~~~~~~~~~~~~~~~~~~~~~
../src/nvme/host_lld.h:70:37: note: in expansion of macro 'HOST_IP_ADDR'
 #define NVME_IO_SQ_SET_REG_ADDR    (HOST_IP_ADDR + 0x220)
                                     ^~~~~~~~~~~~
../src/nvme/host_lld.c:315:9: note: in expansion of macro 'NVME_IO_SQ_SET_REG_ADDR'
  addr = NVME_IO_SQ_SET_REG_ADDR + (ioSqIdx * 8);
         ^~~~~~~~~~~~~~~~~~~~~~~
In file included from ../src/nvme/host_lld.c:57:
../src/nvme/io_access.h:51:34: warning: cast to pointer from integer of different size [-Wint-to-pointer-cast]
 #define IO_WRITE32(addr, val)  *((volatile unsigned int *)(addr)) = val
                                  ^
../src/nvme/host_lld.c:316:2: note: in expansion of macro 'IO_WRITE32'
  IO_WRITE32(addr, nvmeReg.dword[0]);
  ^~~~~~~~~~
../src/nvme/io_access.h:51:34: warning: cast to pointer from integer of different size [-Wint-to-pointer-cast]
 #define IO_WRITE32(addr, val)  *((volatile unsigned int *)(addr)) = val
                                  ^
../src/nvme/host_lld.c:317:2: note: in expansion of macro 'IO_WRITE32'
  IO_WRITE32((addr + 4), nvmeReg.dword[1]);
  ^~~~~~~~~~
In file included from ../src/nvme/host_lld.c:60:
../src/nvme/host_lld.c: In function 'set_io_cq':
../src/nvme/host_lld.h:58:28: error: 'XPAR_NVME_CTRL_0_BASEADDR' undeclared (first use in this function); did you mean 'XPAR_BRAM_1_CTRL_BASEADDR'?
 #define HOST_IP_ADDR      (XPAR_NVME_CTRL_0_BASEADDR)
                            ^~~~~~~~~~~~~~~~~~~~~~~~~
../src/nvme/host_lld.h:71:37: note: in expansion of macro 'HOST_IP_ADDR'
 #define NVME_IO_CQ_SET_REG_ADDR    (HOST_IP_ADDR + 0x260)
                                     ^~~~~~~~~~~~
../src/nvme/host_lld.c:332:9: note: in expansion of macro 'NVME_IO_CQ_SET_REG_ADDR'
  addr = NVME_IO_CQ_SET_REG_ADDR + (ioCqIdx * 8);
         ^~~~~~~~~~~~~~~~~~~~~~~
In file included from ../src/nvme/host_lld.c:57:
../src/nvme/io_access.h:51:34: warning: cast to pointer from integer of different size [-Wint-to-pointer-cast]
 #define IO_WRITE32(addr, val)  *((volatile unsigned int *)(addr)) = val
                                  ^
../src/nvme/host_lld.c:333:2: note: in expansion of macro 'IO_WRITE32'
  IO_WRITE32(addr, nvmeReg.dword[0]);
  ^~~~~~~~~~
../src/nvme/io_access.h:51:34: warning: cast to pointer from integer of different size [-Wint-to-pointer-cast]
 #define IO_WRITE32(addr, val)  *((volatile unsigned int *)(addr)) = val
                                  ^
../src/nvme/host_lld.c:334:2: note: in expansion of macro 'IO_WRITE32'
  IO_WRITE32((addr + 4), nvmeReg.dword[1]);
  ^~~~~~~~~~
../src/nvme/host_lld.c: In function 'set_direct_tx_dma':
../src/nvme/host_lld.h:58:28: error: 'XPAR_NVME_CTRL_0_BASEADDR' undeclared (first use in this function); did you mean 'XPAR_BRAM_1_CTRL_BASEADDR'?
 #define HOST_IP_ADDR      (XPAR_NVME_CTRL_0_BASEADDR)
                            ^~~~~~~~~~~~~~~~~~~~~~~~~
../src/nvme/io_access.h:51:60: note: in definition of macro 'IO_WRITE32'
 #define IO_WRITE32(addr, val)  *((volatile unsigned int *)(addr)) = val
                                                            ^~~~
../src/nvme/host_lld.h:75:39: note: in expansion of macro 'HOST_IP_ADDR'
 #define HOST_DMA_CMD_FIFO_REG_ADDR   (HOST_IP_ADDR + 0x310)
                                       ^~~~~~~~~~~~
../src/nvme/host_lld.c:354:13: note: in expansion of macro 'HOST_DMA_CMD_FIFO_REG_ADDR'
  IO_WRITE32(HOST_DMA_CMD_FIFO_REG_ADDR, hostDmaReg.dword[0]);
             ^~~~~~~~~~~~~~~~~~~~~~~~~~
../src/nvme/host_lld.c: In function 'set_direct_rx_dma':
../src/nvme/host_lld.h:58:28: error: 'XPAR_NVME_CTRL_0_BASEADDR' undeclared (first use in this function); did you mean 'XPAR_BRAM_1_CTRL_BASEADDR'?
 #define HOST_IP_ADDR      (XPAR_NVME_CTRL_0_BASEADDR)
                            ^~~~~~~~~~~~~~~~~~~~~~~~~
../src/nvme/io_access.h:51:60: note: in definition of macro 'IO_WRITE32'
 #define IO_WRITE32(addr, val)  *((volatile unsigned int *)(addr)) = val
                                                            ^~~~
../src/nvme/host_lld.h:75:39: note: in expansion of macro 'HOST_IP_ADDR'
 #define HOST_DMA_CMD_FIFO_REG_ADDR   (HOST_IP_ADDR + 0x310)
                                       ^~~~~~~~~~~~
../src/nvme/host_lld.c:379:13: note: in expansion of macro 'HOST_DMA_CMD_FIFO_REG_ADDR'
  IO_WRITE32(HOST_DMA_CMD_FIFO_REG_ADDR, hostDmaReg.dword[0]);
             ^~~~~~~~~~~~~~~~~~~~~~~~~~
../src/nvme/host_lld.c: In function 'set_auto_tx_dma':
../src/nvme/host_lld.h:58:28: error: 'XPAR_NVME_CTRL_0_BASEADDR' undeclared (first use in this function); did you mean 'XPAR_BRAM_1_CTRL_BASEADDR'?
 #define HOST_IP_ADDR      (XPAR_NVME_CTRL_0_BASEADDR)
                            ^~~~~~~~~~~~~~~~~~~~~~~~~
../src/nvme/io_access.h:52:56: note: in definition of macro 'IO_READ32'
 #define IO_READ32(addr)    *((volatile unsigned int *)(addr))
                                                        ^~~~
../src/nvme/host_lld.h:68:39: note: in expansion of macro 'HOST_IP_ADDR'
 #define HOST_DMA_FIFO_CNT_REG_ADDR   (HOST_IP_ADDR + 0x204)
                                       ^~~~~~~~~~~~
../src/nvme/host_lld.c:396:45: note: in expansion of macro 'HOST_DMA_FIFO_CNT_REG_ADDR'
  g_hostDmaStatus.fifoHead.dword = IO_READ32(HOST_DMA_FIFO_CNT_REG_ADDR);
                                             ^~~~~~~~~~~~~~~~~~~~~~~~~~
../src/nvme/host_lld.c: In function 'set_auto_rx_dma':
../src/nvme/host_lld.h:58:28: error: 'XPAR_NVME_CTRL_0_BASEADDR' undeclared (first use in this function); did you mean 'XPAR_BRAM_1_CTRL_BASEADDR'?
 #define HOST_IP_ADDR      (XPAR_NVME_CTRL_0_BASEADDR)
                            ^~~~~~~~~~~~~~~~~~~~~~~~~
../src/nvme/io_access.h:52:56: note: in definition of macro 'IO_READ32'
 #define IO_READ32(addr)    *((volatile unsigned int *)(addr))
                                                        ^~~~
../src/nvme/host_lld.h:68:39: note: in expansion of macro 'HOST_IP_ADDR'
 #define HOST_DMA_FIFO_CNT_REG_ADDR   (HOST_IP_ADDR + 0x204)
                                       ^~~~~~~~~~~~
../src/nvme/host_lld.c:429:45: note: in expansion of macro 'HOST_DMA_FIFO_CNT_REG_ADDR'
  g_hostDmaStatus.fifoHead.dword = IO_READ32(HOST_DMA_FIFO_CNT_REG_ADDR);
                                             ^~~~~~~~~~~~~~~~~~~~~~~~~~
../src/nvme/host_lld.c: In function 'check_direct_tx_dma_done':
../src/nvme/host_lld.h:58:28: error: 'XPAR_NVME_CTRL_0_BASEADDR' undeclared (first use in this function); did you mean 'XPAR_BRAM_1_CTRL_BASEADDR'?
 #define HOST_IP_ADDR      (XPAR_NVME_CTRL_0_BASEADDR)
                            ^~~~~~~~~~~~~~~~~~~~~~~~~
../src/nvme/io_access.h:52:56: note: in definition of macro 'IO_READ32'
 #define IO_READ32(addr)    *((volatile unsigned int *)(addr))
                                                        ^~~~
../src/nvme/host_lld.h:68:39: note: in expansion of macro 'HOST_IP_ADDR'
 #define HOST_DMA_FIFO_CNT_REG_ADDR   (HOST_IP_ADDR + 0x204)
                                       ^~~~~~~~~~~~
../src/nvme/host_lld.c:459:46: note: in expansion of macro 'HOST_DMA_FIFO_CNT_REG_ADDR'
   g_hostDmaStatus.fifoHead.dword = IO_READ32(HOST_DMA_FIFO_CNT_REG_ADDR);
                                              ^~~~~~~~~~~~~~~~~~~~~~~~~~
../src/nvme/host_lld.c: In function 'check_direct_rx_dma_done':
../src/nvme/host_lld.h:58:28: error: 'XPAR_NVME_CTRL_0_BASEADDR' undeclared (first use in this function); did you mean 'XPAR_BRAM_1_CTRL_BASEADDR'?
 #define HOST_IP_ADDR      (XPAR_NVME_CTRL_0_BASEADDR)
                            ^~~~~~~~~~~~~~~~~~~~~~~~~
../src/nvme/io_access.h:52:56: note: in definition of macro 'IO_READ32'
 #define IO_READ32(addr)    *((volatile unsigned int *)(addr))
                                                        ^~~~
../src/nvme/host_lld.h:68:39: note: in expansion of macro 'HOST_IP_ADDR'
 #define HOST_DMA_FIFO_CNT_REG_ADDR   (HOST_IP_ADDR + 0x204)
                                       ^~~~~~~~~~~~
../src/nvme/host_lld.c:467:46: note: in expansion of macro 'HOST_DMA_FIFO_CNT_REG_ADDR'
   g_hostDmaStatus.fifoHead.dword = IO_READ32(HOST_DMA_FIFO_CNT_REG_ADDR);
                                              ^~~~~~~~~~~~~~~~~~~~~~~~~~
../src/nvme/host_lld.c: In function 'check_auto_tx_dma_done':
../src/nvme/host_lld.h:58:28: error: 'XPAR_NVME_CTRL_0_BASEADDR' undeclared (first use in this function); did you mean 'XPAR_BRAM_1_CTRL_BASEADDR'?
 #define HOST_IP_ADDR      (XPAR_NVME_CTRL_0_BASEADDR)
                            ^~~~~~~~~~~~~~~~~~~~~~~~~
../src/nvme/io_access.h:52:56: note: in definition of macro 'IO_READ32'
 #define IO_READ32(addr)    *((volatile unsigned int *)(addr))
                                                        ^~~~
../src/nvme/host_lld.h:68:39: note: in expansion of macro 'HOST_IP_ADDR'
 #define HOST_DMA_FIFO_CNT_REG_ADDR   (HOST_IP_ADDR + 0x204)
                                       ^~~~~~~~~~~~
../src/nvme/host_lld.c:475:46: note: in expansion of macro 'HOST_DMA_FIFO_CNT_REG_ADDR'
   g_hostDmaStatus.fifoHead.dword = IO_READ32(HOST_DMA_FIFO_CNT_REG_ADDR);
                                              ^~~~~~~~~~~~~~~~~~~~~~~~~~
../src/nvme/host_lld.c: In function 'check_auto_rx_dma_done':
../src/nvme/host_lld.h:58:28: error: 'XPAR_NVME_CTRL_0_BASEADDR' undeclared (first use in this function); did you mean 'XPAR_BRAM_1_CTRL_BASEADDR'?
 #define HOST_IP_ADDR      (XPAR_NVME_CTRL_0_BASEADDR)
                            ^~~~~~~~~~~~~~~~~~~~~~~~~
../src/nvme/io_access.h:52:56: note: in definition of macro 'IO_READ32'
 #define IO_READ32(addr)    *((volatile unsigned int *)(addr))
                                                        ^~~~
../src/nvme/host_lld.h:68:39: note: in expansion of macro 'HOST_IP_ADDR'
 #define HOST_DMA_FIFO_CNT_REG_ADDR   (HOST_IP_ADDR + 0x204)
                                       ^~~~~~~~~~~~
../src/nvme/host_lld.c:483:46: note: in expansion of macro 'HOST_DMA_FIFO_CNT_REG_ADDR'
   g_hostDmaStatus.fifoHead.dword = IO_READ32(HOST_DMA_FIFO_CNT_REG_ADDR);
                                              ^~~~~~~~~~~~~~~~~~~~~~~~~~
../src/nvme/host_lld.c: In function 'check_auto_tx_dma_partial_done':
../src/nvme/host_lld.h:58:28: error: 'XPAR_NVME_CTRL_0_BASEADDR' undeclared (first use in this function); did you mean 'XPAR_BRAM_1_CTRL_BASEADDR'?
 #define HOST_IP_ADDR      (XPAR_NVME_CTRL_0_BASEADDR)
                            ^~~~~~~~~~~~~~~~~~~~~~~~~
../src/nvme/io_access.h:52:56: note: in definition of macro 'IO_READ32'
 #define IO_READ32(addr)    *((volatile unsigned int *)(addr))
                                                        ^~~~
../src/nvme/host_lld.h:68:39: note: in expansion of macro 'HOST_IP_ADDR'
 #define HOST_DMA_FIFO_CNT_REG_ADDR   (HOST_IP_ADDR + 0x204)
                                       ^~~~~~~~~~~~
../src/nvme/host_lld.c:491:45: note: in expansion of macro 'HOST_DMA_FIFO_CNT_REG_ADDR'
  g_hostDmaStatus.fifoHead.dword = IO_READ32(HOST_DMA_FIFO_CNT_REG_ADDR);
                                             ^~~~~~~~~~~~~~~~~~~~~~~~~~
../src/nvme/host_lld.c: In function 'check_auto_rx_dma_partial_done':
../src/nvme/host_lld.h:58:28: error: 'XPAR_NVME_CTRL_0_BASEADDR' undeclared (first use in this function); did you mean 'XPAR_BRAM_1_CTRL_BASEADDR'?
 #define HOST_IP_ADDR      (XPAR_NVME_CTRL_0_BASEADDR)
                            ^~~~~~~~~~~~~~~~~~~~~~~~~
../src/nvme/io_access.h:52:56: note: in definition of macro 'IO_READ32'
 #define IO_READ32(addr)    *((volatile unsigned int *)(addr))
                                                        ^~~~
../src/nvme/host_lld.h:68:39: note: in expansion of macro 'HOST_IP_ADDR'
 #define HOST_DMA_FIFO_CNT_REG_ADDR   (HOST_IP_ADDR + 0x204)
                                       ^~~~~~~~~~~~
../src/nvme/host_lld.c:534:45: note: in expansion of macro 'HOST_DMA_FIFO_CNT_REG_ADDR'
  g_hostDmaStatus.fifoHead.dword = IO_READ32(HOST_DMA_FIFO_CNT_REG_ADDR);
                                             ^~~~~~~~~~~~~~~~~~~~~~~~~~
make: *** [src/nvme/subdir.mk:35: src/nvme/host_lld.o] Error 1

16:16:44 Build Finished (took 1s.389ms)

