15:59:03 **** Auto Build of configuration Debug for project run-gtfl3 ****
make all 
'Building file: ../src/nvme/nvme_identify.c'
'Invoking: ARM v8 gcc compiler'
aarch64-none-elf-gcc -Wall -O0 -g3 -c -fmessage-length=0 -MT"src/nvme/nvme_identify.o" -I../../run-gtfl3_bsp/psu_cortexa53_0/include -MMD -MP -MF"src/nvme/nvme_identify.d" -MT"src/nvme/nvme_identify.o" -o "src/nvme/nvme_identify.o" "../src/nvme/nvme_identify.c"
../src/nvme/nvme_identify.c: In function 'controller_identification':
../src/nvme/nvme_identify.c:65:17: warning: cast to pointer from integer of different size [-Wint-to-pointer-cast]
  identifyCNTL = (ADMIN_IDENTIFY_CONTROLLER*)pBuffer;
                 ^
../src/nvme/nvme_identify.c: In function 'namespace_identification':
../src/nvme/nvme_identify.c:155:15: warning: cast to pointer from integer of different size [-Wint-to-pointer-cast]
  identifyNS = (ADMIN_IDENTIFY_NAMESPACE *)pBuffer;
               ^
'Finished building: ../src/nvme/nvme_identify.c'
' '
'Building file: ../src/nvme/nvme_io_cmd.c'
'Invoking: ARM v8 gcc compiler'
aarch64-none-elf-gcc -Wall -O0 -g3 -c -fmessage-length=0 -MT"src/nvme/nvme_io_cmd.o" -I../../run-gtfl3_bsp/psu_cortexa53_0/include -MMD -MP -MF"src/nvme/nvme_io_cmd.d" -MT"src/nvme/nvme_io_cmd.o" -o "src/nvme/nvme_io_cmd.o" "../src/nvme/nvme_io_cmd.c"
'Finished building: ../src/nvme/nvme_io_cmd.c'
' '
'Building file: ../src/nvme/nvme_main.c'
'Invoking: ARM v8 gcc compiler'
aarch64-none-elf-gcc -Wall -O0 -g3 -c -fmessage-length=0 -MT"src/nvme/nvme_main.o" -I../../run-gtfl3_bsp/psu_cortexa53_0/include -MMD -MP -MF"src/nvme/nvme_main.d" -MT"src/nvme/nvme_main.o" -o "src/nvme/nvme_main.o" "../src/nvme/nvme_main.c"
'Finished building: ../src/nvme/nvme_main.c'
' '
'Building file: ../src/address_translation.c'
'Invoking: ARM v8 gcc compiler'
aarch64-none-elf-gcc -Wall -O0 -g3 -c -fmessage-length=0 -MT"src/address_translation.o" -I../../run-gtfl3_bsp/psu_cortexa53_0/include -MMD -MP -MF"src/address_translation.d" -MT"src/address_translation.o" -o "src/address_translation.o" "../src/address_translation.c"
../src/address_translation.c: In function 'FindBadBlock':
../src/address_translation.c:343:20: warning: cast to pointer from integer of different size [-Wint-to-pointer-cast]
     markPointer0 = (unsigned char*)(tempReadBufAddr[dieNo] + BAD_BLOCK_MARK_BYTE0);
                    ^
../src/address_translation.c:344:20: warning: cast to pointer from integer of different size [-Wint-to-pointer-cast]
     markPointer1 = (unsigned char*)(tempReadBufAddr[dieNo] + BAD_BLOCK_MARK_BYTE1);
                    ^
../src/address_translation.c:381:20: warning: cast to pointer from integer of different size [-Wint-to-pointer-cast]
     markPointer0 = (unsigned char*)(tempReadBufAddr[dieNo] + BAD_BLOCK_MARK_BYTE0);
                    ^
../src/address_translation.c:382:20: warning: cast to pointer from integer of different size [-Wint-to-pointer-cast]
     markPointer1 = (unsigned char*)(tempReadBufAddr[dieNo] + BAD_BLOCK_MARK_BYTE1);
                    ^
../src/address_translation.c:393:17: warning: cast to pointer from integer of different size [-Wint-to-pointer-cast]
     bbtUpdater= (unsigned char*)(tempBbtBufAddr[dieNo] + phyBlockNo);
                 ^
../src/address_translation.c: In function 'RecoverBadBlockTable':
../src/address_translation.c:495:21: warning: cast to pointer from integer of different size [-Wint-to-pointer-cast]
   bbtTableChecker = (unsigned char*)(tempBbtBufAddr[dieNo]);
                     ^
../src/address_translation.c:504:23: warning: cast to pointer from integer of different size [-Wint-to-pointer-cast]
     bbtTableChecker = (unsigned char*)(tempBbtBufAddr[dieNo] + phyBlockNo);
                       ^
../src/address_translation.c: In function 'UpdateBadBlockTableForGrownBadBlock':
../src/address_translation.c:903:18: warning: cast to pointer from integer of different size [-Wint-to-pointer-cast]
     bbtUpdater = (unsigned char*)(tempBbtBufAddr[dieNo] + phyBlockNo);
                  ^
'Finished building: ../src/address_translation.c'
' '
'Building file: ../src/data_buffer.c'
'Invoking: ARM v8 gcc compiler'
aarch64-none-elf-gcc -Wall -O0 -g3 -c -fmessage-length=0 -MT"src/data_buffer.o" -I../../run-gtfl3_bsp/psu_cortexa53_0/include -MMD -MP -MF"src/data_buffer.d" -MT"src/data_buffer.o" -o "src/data_buffer.o" "../src/data_buffer.c"
'Finished building: ../src/data_buffer.c'
' '
'Building file: ../src/ftl_config.c'
'Invoking: ARM v8 gcc compiler'
aarch64-none-elf-gcc -Wall -O0 -g3 -c -fmessage-length=0 -MT"src/ftl_config.o" -I../../run-gtfl3_bsp/psu_cortexa53_0/include -MMD -MP -MF"src/ftl_config.d" -MT"src/ftl_config.o" -o "src/ftl_config.o" "../src/ftl_config.c"
../src/ftl_config.c: In function 'InitChCtlReg':
../src/ftl_config.c:115:21: warning: cast to pointer from integer of different size [-Wint-to-pointer-cast]
   nfc_install_ucode((unsigned int*)NSC_UCODES[i]);
                     ^
../src/ftl_config.c:116:37: warning: cast to pointer from integer of different size [-Wint-to-pointer-cast]
   V2FInitializeHandle(&chCtlReg[i], (void*)NSCS[i]);
                                     ^
../src/ftl_config.c: In function 'InitNandArray':
../src/ftl_config.c:173:34: warning: passing argument 3 of 'V2FReadIdSync' from incompatible pointer type [-Wincompatible-pointer-types]
   V2FReadIdSync(&chCtlReg[i], 0, idData);
                                  ^~~~~~
In file included from ../src/ftl_config.h:50,
                 from ../src/data_buffer.h:50,
                 from ../src/memory_map.h:50,
                 from ../src/ftl_config.c:52:
../src/nsc_driver.h:446:59: note: expected 'unsigned int *' but argument is of type 'unsigned char *'
 void V2FReadIdSync(T4REGS* t4regs, int way, unsigned int* statusReport);
                                             ~~~~~~~~~~~~~~^~~~~~~~~~~~
../src/ftl_config.c:174:3: warning: implicit declaration of function 'printf' [-Wimplicit-function-declaration]
   printf("Ch %d ReadId: ", i);
   ^~~~~~
../src/ftl_config.c:174:3: warning: incompatible implicit declaration of built-in function 'printf'
../src/ftl_config.c:174:3: note: include '<stdio.h>' or provide a declaration of 'printf'
../src/ftl_config.c:54:1:
+#include <stdio.h>
 #include "nsc_driver.h"
../src/ftl_config.c:174:3:
   printf("Ch %d ReadId: ", i);
   ^~~~~~
'Finished building: ../src/ftl_config.c'
' '
'Building file: ../src/garbage_collection.c'
'Invoking: ARM v8 gcc compiler'
aarch64-none-elf-gcc -Wall -O0 -g3 -c -fmessage-length=0 -MT"src/garbage_collection.o" -I../../run-gtfl3_bsp/psu_cortexa53_0/include -MMD -MP -MF"src/garbage_collection.d" -MT"src/garbage_collection.o" -o "src/garbage_collection.o" "../src/garbage_collection.c"
'Finished building: ../src/garbage_collection.c'
' '
'Building file: ../src/request_allocation.c'
'Invoking: ARM v8 gcc compiler'
aarch64-none-elf-gcc -Wall -O0 -g3 -c -fmessage-length=0 -MT"src/request_allocation.o" -I../../run-gtfl3_bsp/psu_cortexa53_0/include -MMD -MP -MF"src/request_allocation.d" -MT"src/request_allocation.o" -o "src/request_allocation.o" "../src/request_allocation.c"
'Finished building: ../src/request_allocation.c'
' '
'Building file: ../src/request_schedule.c'
'Invoking: ARM v8 gcc compiler'
aarch64-none-elf-gcc -Wall -O0 -g3 -c -fmessage-length=0 -MT"src/request_schedule.o" -I../../run-gtfl3_bsp/psu_cortexa53_0/include -MMD -MP -MF"src/request_schedule.d" -MT"src/request_schedule.o" -o "src/request_schedule.o" "../src/request_schedule.c"
../src/request_schedule.c: In function 'IssueNandReq':
../src/request_schedule.c:652:16: warning: cast to pointer from integer of different size [-Wint-to-pointer-cast]
  dataBufAddr = (void*)GenerateDataBufAddr(reqSlotTag);
                ^
../src/request_schedule.c:653:21: warning: cast to pointer from integer of different size [-Wint-to-pointer-cast]
  spareDataBufAddr = (void*)GenerateSpareDataBufAddr(reqSlotTag);
                     ^
../src/request_schedule.c: In function 'CheckEccErrorInfo':
../src/request_schedule.c:866:27: warning: variable 'errorInfo1' set but not used [-Wunused-but-set-variable]
  unsigned int errorInfo0, errorInfo1, reqSlotTag;
                           ^~~~~~~~~~
../src/request_schedule.c: In function 'ExecuteNandReq':
../src/request_schedule.c:942:18: warning: cast to pointer from integer of different size [-Wint-to-pointer-cast]
       badCheck = (unsigned char*)reqPoolPtr->reqPool[reqSlotTag].dataBufInfo.addr;
                  ^
'Finished building: ../src/request_schedule.c'
' '
'Building file: ../src/request_transform.c'
'Invoking: ARM v8 gcc compiler'
aarch64-none-elf-gcc -Wall -O0 -g3 -c -fmessage-length=0 -MT"src/request_transform.o" -I../../run-gtfl3_bsp/psu_cortexa53_0/include -MMD -MP -MF"src/request_transform.d" -MT"src/request_transform.o" -o "src/request_transform.o" "../src/request_transform.c"
'Finished building: ../src/request_transform.c'
' '
'Building target: run-gtfl3.elf'
'Invoking: ARM v8 gcc linker'
aarch64-none-elf-gcc -Wl,-T -Wl,../src/lscript.ld -L../../run-gtfl3_bsp/psu_cortexa53_0/lib -o "run-gtfl3.elf"  ./src/nvme/debug.o ./src/nvme/host_lld.o ./src/nvme/nvme_admin_cmd.o ./src/nvme/nvme_identify.o ./src/nvme/nvme_io_cmd.o ./src/nvme/nvme_main.o  ./src/address_translation.o ./src/data_buffer.o ./src/ftl_config.o ./src/garbage_collection.o ./src/main.o ./src/nsc_driver.o ./src/request_allocation.o ./src/request_schedule.o ./src/request_transform.o   -Wl,--start-group,-lxil,-lgcc,-lc,--end-group
'Finished building target: run-gtfl3.elf'
' '
'Invoking: ARM v8 Print Size'
aarch64-none-elf-size run-gtfl3.elf  |tee "run-gtfl3.elf.size"
   text	   data	    bss	    dec	    hex	filename
 171040	  11256	  21656	 203952	  31cb0	run-gtfl3.elf
'Finished building: run-gtfl3.elf.size'
' '

15:59:12 Build Finished (took 9s.255ms)

