#-----------------------------------------------------------
# Webtalk v2019.1 (64-bit)
# SW Build 2552052 on Fri May 24 14:49:42 MDT 2019
# 
# Start of session at: Wed May 13 11:13:51 2020
# Process ID: 37840
# Current directory: C:/Xilinx/Cosmos+/Cosmos-plus_prjs/OpenSSD2-8C8W-16K_19.1/openssd-hynix-16k-prj-viv19_1/OpenSSD2.sdk/webtalk
# Command line: wbtcv.exe -mode batch -source sdk_webtalk.tcl
# Log file: C:/Xilinx/Cosmos+/Cosmos-plus_prjs/OpenSSD2-8C8W-16K_19.1/openssd-hynix-16k-prj-viv19_1/OpenSSD2.sdk/webtalk/webtalk.log
# Journal file: C:/Xilinx/Cosmos+/Cosmos-plus_prjs/OpenSSD2-8C8W-16K_19.1/openssd-hynix-16k-prj-viv19_1/OpenSSD2.sdk/webtalk\webtalk.jou
#-----------------------------------------------------------
source sdk_webtalk.tcl
# webtalk_init -webtalk_dir C:\\Xilinx\\Cosmos+\\Cosmos-plus_prjs\\OpenSSD2-8C8W-16K_19.1\\openssd-hynix-16k-prj-viv19_1\\OpenSSD2.sdk\\webtalk
# webtalk_register_client -client project
# webtalk_add_data -client project -key date_generated -value "2020-05-13 11:13:50" -context "software_version_and_target_device"
# webtalk_add_data -client project -key product_version -value "SDK v2019.1" -context "software_version_and_target_device"
# webtalk_add_data -client project -key build_version -value "2019.1" -context "software_version_and_target_device"
# webtalk_add_data -client project -key os_platform -value "amd64" -context "software_version_and_target_device"
# webtalk_add_data -client project -key registration_id -value "" -context "software_version_and_target_device"
# webtalk_add_data -client project -key tool_flow -value "SDK" -context "software_version_and_target_device"
# webtalk_add_data -client project -key beta -value "false" -context "software_version_and_target_device"
# webtalk_add_data -client project -key route_design -value "NA" -context "software_version_and_target_device"
# webtalk_add_data -client project -key target_family -value "NA" -context "software_version_and_target_device"
# webtalk_add_data -client project -key target_device -value "NA" -context "software_version_and_target_device"
# webtalk_add_data -client project -key target_package -value "NA" -context "software_version_and_target_device"
# webtalk_add_data -client project -key target_speed -value "NA" -context "software_version_and_target_device"
# webtalk_add_data -client project -key random_id -value "k8cg6hut3ghhee4pdmmc2dgavh" -context "software_version_and_target_device"
# webtalk_add_data -client project -key project_id -value "2019.1_3" -context "software_version_and_target_device"
# webtalk_add_data -client project -key project_iteration -value "3" -context "software_version_and_target_device"
# webtalk_add_data -client project -key os_name -value "Microsoft Windows 8 or later , 64-bit" -context "user_environment"
# webtalk_add_data -client project -key os_release -value "major release  (build 9200)" -context "user_environment"
# webtalk_add_data -client project -key cpu_name -value "Intel(R) Core(TM) i7-7700 CPU @ 3.60GHz" -context "user_environment"
# webtalk_add_data -client project -key cpu_speed -value "3600 MHz" -context "user_environment"
# webtalk_add_data -client project -key total_processors -value "1" -context "user_environment"
# webtalk_add_data -client project -key system_ram -value "34.246 GB" -context "user_environment"
# webtalk_register_client -client sdk
# webtalk_add_data -client sdk -key uid -value "1589335582098" -context "sdk\\\\bsp/1589335582098"
# webtalk_add_data -client sdk -key hwid -value "1586314370218" -context "sdk\\\\bsp/1589335582098"
# webtalk_add_data -client sdk -key os -value "standalone" -context "sdk\\\\bsp/1589335582098"
# webtalk_add_data -client sdk -key apptemplate -value "zynq_fsbl" -context "sdk\\\\bsp/1589335582098"
# webtalk_add_data -client sdk -key RecordType -value "BSPCreation" -context "sdk\\\\bsp/1589335582098"
# webtalk_add_data -client sdk -key uid -value "1589335593030" -context "sdk\\\\application/1589335593030"
# webtalk_add_data -client sdk -key hwid -value "1586314370218" -context "sdk\\\\application/1589335593030"
# webtalk_add_data -client sdk -key bspid -value "1589335582098" -context "sdk\\\\application/1589335593030"
# webtalk_add_data -client sdk -key newbsp -value "true" -context "sdk\\\\application/1589335593030"
# webtalk_add_data -client sdk -key os -value "standalone" -context "sdk\\\\application/1589335593030"
# webtalk_add_data -client sdk -key apptemplate -value "zynq_fsbl" -context "sdk\\\\application/1589335593030"
# webtalk_add_data -client sdk -key RecordType -value "APPCreation" -context "sdk\\\\application/1589335593030"
# webtalk_add_data -client sdk -key LangUsed -value "C" -context "sdk\\\\application/1589335593030"
# webtalk_add_data -client sdk -key Procused -value "ps7_cortexa9" -context "sdk\\\\application/1589335593030"
# webtalk_add_data -client sdk -key projSize -value "716.02734375" -context "sdk\\\\application/1589335593030"
# webtalk_add_data -client sdk -key uid -value "NA" -context "sdk\\\\bsp/1589336030559"
# webtalk_add_data -client sdk -key RecordType -value "ToolUsage" -context "sdk\\\\bsp/1589336030559"
# webtalk_add_data -client sdk -key BootgenCount -value "2" -context "sdk\\\\bsp/1589336030559"
# webtalk_add_data -client sdk -key DebugCount -value "0" -context "sdk\\\\bsp/1589336030559"
# webtalk_add_data -client sdk -key PerfCount -value "0" -context "sdk\\\\bsp/1589336030559"
# webtalk_add_data -client sdk -key FlashCount -value "0" -context "sdk\\\\bsp/1589336030559"
# webtalk_add_data -client sdk -key CrossTriggCount -value "0" -context "sdk\\\\bsp/1589336030559"
# webtalk_add_data -client sdk -key QemuDebugCount -value "0" -context "sdk\\\\bsp/1589336030559"
# webtalk_transmit -clientid 1698031050 -regid "" -xml C:\\Xilinx\\Cosmos+\\Cosmos-plus_prjs\\OpenSSD2-8C8W-16K_19.1\\openssd-hynix-16k-prj-viv19_1\\OpenSSD2.sdk\\webtalk\\usage_statistics_ext_sdk.xml -html C:\\Xilinx\\Cosmos+\\Cosmos-plus_prjs\\OpenSSD2-8C8W-16K_19.1\\openssd-hynix-16k-prj-viv19_1\\OpenSSD2.sdk\\webtalk\\usage_statistics_ext_sdk.html -wdm C:\\Xilinx\\Cosmos+\\Cosmos-plus_prjs\\OpenSSD2-8C8W-16K_19.1\\openssd-hynix-16k-prj-viv19_1\\OpenSSD2.sdk\\webtalk\\sdk_webtalk.wdm -intro "<H3>SDK Usage Report</H3><BR>"
# webtalk_terminate
INFO: [Common 17-206] Exiting Webtalk at Wed May 13 11:13:53 2020...
