#-----------------------------------------------------------
# Webtalk v2019.1 (64-bit)
# SW Build 2552052 on Fri May 24 14:49:42 MDT 2019
# 
# Start of session at: Fri Oct 29 18:02:24 2021
# Process ID: 10204
# Current directory: D:/sources/OpenSSD2-8C8W-16K_19.1_20200728/openssd-hynix-16k-prj-viv19_1/OpenSSD2.sdk/webtalk
# Command line: wbtcv.exe -mode batch -source sdk_webtalk.tcl
# Log file: D:/sources/OpenSSD2-8C8W-16K_19.1_20200728/openssd-hynix-16k-prj-viv19_1/OpenSSD2.sdk/webtalk/webtalk.log
# Journal file: D:/sources/OpenSSD2-8C8W-16K_19.1_20200728/openssd-hynix-16k-prj-viv19_1/OpenSSD2.sdk/webtalk\webtalk.jou
#-----------------------------------------------------------
source sdk_webtalk.tcl
# webtalk_init -webtalk_dir D:\\sources\\OpenSSD2-8C8W-16K_19.1_20200728\\openssd-hynix-16k-prj-viv19_1\\OpenSSD2.sdk\\webtalk
# webtalk_register_client -client project
# webtalk_add_data -client project -key date_generated -value "2021-10-29 18:02:22" -context "software_version_and_target_device"
# webtalk_add_data -client project -key product_version -value "SDK v2019.1" -context "software_version_and_target_device"
# webtalk_add_data -client project -key build_version -value "2019.1" -context "software_version_and_target_device"
# webtalk_add_data -client project -key os_platform -value "amd64" -context "software_version_and_target_device"
# webtalk_add_data -client project -key registration_id -value "" -context "software_version_and_target_device"
# webtalk_add_data -client project -key tool_flow -value "SDK" -context "software_version_and_target_device"
# webtalk_add_data -client project -key beta -value "false" -context "software_version_and_target_device"
# webtalk_add_data -client project -key route_design -value "NA" -context "software_version_and_target_device"
# webtalk_add_data -client project -key target_family -value "NA" -context "software_version_and_target_device"
# webtalk_add_data -client project -key target_device -value "NA" -context "software_version_and_target_device"
# webtalk_add_data -client project -key target_package -value "NA" -context "software_version_and_target_device"
# webtalk_add_data -client project -key target_speed -value "NA" -context "software_version_and_target_device"
# webtalk_add_data -client project -key random_id -value "e7fi0trcc0i67doq4gaj99po8k" -context "software_version_and_target_device"
# webtalk_add_data -client project -key project_id -value "2019.1_34" -context "software_version_and_target_device"
# webtalk_add_data -client project -key project_iteration -value "34" -context "software_version_and_target_device"
# webtalk_add_data -client project -key os_name -value "Microsoft Windows 8 or later , 64-bit" -context "user_environment"
# webtalk_add_data -client project -key os_release -value "major release  (build 9200)" -context "user_environment"
# webtalk_add_data -client project -key cpu_name -value "Intel(R) Core(TM) i7-6700 CPU @ 3.40GHz" -context "user_environment"
# webtalk_add_data -client project -key cpu_speed -value "3408 MHz" -context "user_environment"
# webtalk_add_data -client project -key total_processors -value "1" -context "user_environment"
# webtalk_add_data -client project -key system_ram -value "17.058 GB" -context "user_environment"
# webtalk_register_client -client sdk
# webtalk_add_data -client sdk -key uid -value "1635491170000" -context "sdk\\\\bsp/1635491170000"
# webtalk_add_data -client sdk -key hwid -value "1586314370218" -context "sdk\\\\bsp/1635491170000"
# webtalk_add_data -client sdk -key os -value "standalone" -context "sdk\\\\bsp/1635491170000"
# webtalk_add_data -client sdk -key apptemplate -value "empty_application" -context "sdk\\\\bsp/1635491170000"
# webtalk_add_data -client sdk -key RecordType -value "BSPCreation" -context "sdk\\\\bsp/1635491170000"
# webtalk_add_data -client sdk -key uid -value "1635491173109" -context "sdk\\\\application/1635491173109"
# webtalk_add_data -client sdk -key hwid -value "1586314370218" -context "sdk\\\\application/1635491173109"
# webtalk_add_data -client sdk -key bspid -value "1635491170000" -context "sdk\\\\application/1635491173109"
# webtalk_add_data -client sdk -key newbsp -value "true" -context "sdk\\\\application/1635491173109"
# webtalk_add_data -client sdk -key os -value "standalone" -context "sdk\\\\application/1635491173109"
# webtalk_add_data -client sdk -key apptemplate -value "empty_application" -context "sdk\\\\application/1635491173109"
# webtalk_add_data -client sdk -key RecordType -value "APPCreation" -context "sdk\\\\application/1635491173109"
# webtalk_add_data -client sdk -key LangUsed -value "C" -context "sdk\\\\application/1635491173109"
# webtalk_add_data -client sdk -key Procused -value "ps7_cortexa9" -context "sdk\\\\application/1635491173109"
# webtalk_add_data -client sdk -key projSize -value "620.25390625" -context "sdk\\\\application/1635491173109"
# webtalk_add_data -client sdk -key uid -value "NA" -context "sdk\\\\bsp/1635498142366"
# webtalk_add_data -client sdk -key RecordType -value "ToolUsage" -context "sdk\\\\bsp/1635498142366"
# webtalk_add_data -client sdk -key BootgenCount -value "0" -context "sdk\\\\bsp/1635498142366"
# webtalk_add_data -client sdk -key DebugCount -value "9" -context "sdk\\\\bsp/1635498142366"
# webtalk_add_data -client sdk -key PerfCount -value "1" -context "sdk\\\\bsp/1635498142366"
# webtalk_add_data -client sdk -key FlashCount -value "0" -context "sdk\\\\bsp/1635498142366"
# webtalk_add_data -client sdk -key CrossTriggCount -value "0" -context "sdk\\\\bsp/1635498142366"
# webtalk_add_data -client sdk -key QemuDebugCount -value "0" -context "sdk\\\\bsp/1635498142366"
# webtalk_transmit -clientid 153132709 -regid "" -xml D:\\sources\\OpenSSD2-8C8W-16K_19.1_20200728\\openssd-hynix-16k-prj-viv19_1\\OpenSSD2.sdk\\webtalk\\usage_statistics_ext_sdk.xml -html D:\\sources\\OpenSSD2-8C8W-16K_19.1_20200728\\openssd-hynix-16k-prj-viv19_1\\OpenSSD2.sdk\\webtalk\\usage_statistics_ext_sdk.html -wdm D:\\sources\\OpenSSD2-8C8W-16K_19.1_20200728\\openssd-hynix-16k-prj-viv19_1\\OpenSSD2.sdk\\webtalk\\sdk_webtalk.wdm -intro "<H3>SDK Usage Report</H3><BR>"
INFO: [Common 17-186] 'D:\sources\OpenSSD2-8C8W-16K_19.1_20200728\openssd-hynix-16k-prj-viv19_1\OpenSSD2.sdk\webtalk\usage_statistics_ext_sdk.xml' has been successfully sent to Xilinx on Fri Oct 29 18:02:33 2021. For additional details about this file, please refer to the WebTalk help file at C:/Xilinx/SDK/2019.1/doc/webtalk_introduction.html.
# webtalk_terminate
INFO: [Common 17-206] Exiting Webtalk at Fri Oct 29 18:02:33 2021...
