Copyright 1986-2019 Xilinx, Inc. All Rights Reserved.
------------------------------------------------------------------------------------
| Tool Version : Vivado v.2019.1 (win64) Build 2552052 Fri May 24 14:49:42 MDT 2019
| Date         : Thu Aug 18 17:50:15 2022
| Host         : DESKTOP-KFMNFE2 running 64-bit major release  (build 9200)
| Command      : upgrade_ip
| Device       : xczu17eg-ffvc1760-2-e
------------------------------------------------------------------------------------

Upgrade Log for IP 'sys_top_v2nfc_2_0'

1. Summary
----------

SUCCESS in the conversion of sys_top_v2nfc_2_0 (enclab:user:v2nfc:1.4.1 (Rev. 4)) to Vivado generation flows.






Copyright 1986-2019 Xilinx, Inc. All Rights Reserved.
------------------------------------------------------------------------------------
| Tool Version : Vivado v.2019.1 (win64) Build 2552052 Fri May 24 14:49:42 MDT 2019
| Date         : Thu Aug 18 17:50:15 2022
| Host         : DESKTOP-KFMNFE2 running 64-bit major release  (build 9200)
| Command      : upgrade_ip
| Device       : xczu17eg-ffvc1760-2-e
------------------------------------------------------------------------------------

Upgrade Log for IP 'sys_top_v2nfc_0_2'

1. Summary
----------

SUCCESS in the conversion of sys_top_v2nfc_0_2 (enclab:user:v2nfc:1.4.1 (Rev. 4)) to Vivado generation flows.






Copyright 1986-2019 Xilinx, Inc. All Rights Reserved.
------------------------------------------------------------------------------------
| Tool Version : Vivado v.2019.1 (win64) Build 2552052 Fri May 24 14:49:42 MDT 2019
| Date         : Thu Aug 18 17:50:15 2022
| Host         : DESKTOP-KFMNFE2 running 64-bit major release  (build 9200)
| Command      : upgrade_ip
| Device       : xczu17eg-ffvc1760-2-e
------------------------------------------------------------------------------------

Upgrade Log for IP 'sys_top_v2nfc_0_1'

1. Summary
----------

SUCCESS in the conversion of sys_top_v2nfc_0_1 (enclab:user:v2nfc:1.4.1 (Rev. 4)) to Vivado generation flows.






Copyright 1986-2019 Xilinx, Inc. All Rights Reserved.
------------------------------------------------------------------------------------
| Tool Version : Vivado v.2019.1 (win64) Build 2552052 Fri May 24 14:49:42 MDT 2019
| Date         : Thu Aug 18 17:50:15 2022
| Host         : DESKTOP-KFMNFE2 running 64-bit major release  (build 9200)
| Command      : upgrade_ip
| Device       : xczu17eg-ffvc1760-2-e
------------------------------------------------------------------------------------

Upgrade Log for IP 'sys_top_v2nfc_0_0'

1. Summary
----------

SUCCESS in the conversion of sys_top_v2nfc_0_0 (enclab:user:v2nfc:1.4.1 (Rev. 4)) to Vivado generation flows.






Copyright 1986-2019 Xilinx, Inc. All Rights Reserved.
------------------------------------------------------------------------------------
| Tool Version : Vivado v.2019.1 (win64) Build 2552052 Fri May 24 14:49:42 MDT 2019
| Date         : Thu Aug 18 17:22:58 2022
| Host         : DESKTOP-KFMNFE2 running 64-bit major release  (build 9200)
| Command      : upgrade_ip
| Device       : xczu17eg-ffvc1760-2-e
------------------------------------------------------------------------------------

Upgrade Log for IP 'sys_top_v2nfc_2_0'

1. Summary
----------

SUCCESS in the conversion of sys_top_v2nfc_2_0 (enclab:user:v2nfc:1.4.1 (Rev. 4)) to Vivado generation flows.






Copyright 1986-2019 Xilinx, Inc. All Rights Reserved.
------------------------------------------------------------------------------------
| Tool Version : Vivado v.2019.1 (win64) Build 2552052 Fri May 24 14:49:42 MDT 2019
| Date         : Thu Aug 18 17:22:58 2022
| Host         : DESKTOP-KFMNFE2 running 64-bit major release  (build 9200)
| Command      : upgrade_ip
| Device       : xczu17eg-ffvc1760-2-e
------------------------------------------------------------------------------------

Upgrade Log for IP 'sys_top_v2nfc_0_2'

1. Summary
----------

SUCCESS in the conversion of sys_top_v2nfc_0_2 (enclab:user:v2nfc:1.4.1 (Rev. 4)) to Vivado generation flows.






Copyright 1986-2019 Xilinx, Inc. All Rights Reserved.
------------------------------------------------------------------------------------
| Tool Version : Vivado v.2019.1 (win64) Build 2552052 Fri May 24 14:49:42 MDT 2019
| Date         : Thu Aug 18 17:22:58 2022
| Host         : DESKTOP-KFMNFE2 running 64-bit major release  (build 9200)
| Command      : upgrade_ip
| Device       : xczu17eg-ffvc1760-2-e
------------------------------------------------------------------------------------

Upgrade Log for IP 'sys_top_v2nfc_0_1'

1. Summary
----------

SUCCESS in the conversion of sys_top_v2nfc_0_1 (enclab:user:v2nfc:1.4.1 (Rev. 4)) to Vivado generation flows.






Copyright 1986-2019 Xilinx, Inc. All Rights Reserved.
------------------------------------------------------------------------------------
| Tool Version : Vivado v.2019.1 (win64) Build 2552052 Fri May 24 14:49:42 MDT 2019
| Date         : Thu Aug 18 17:22:58 2022
| Host         : DESKTOP-KFMNFE2 running 64-bit major release  (build 9200)
| Command      : upgrade_ip
| Device       : xczu17eg-ffvc1760-2-e
------------------------------------------------------------------------------------

Upgrade Log for IP 'sys_top_v2nfc_0_0'

1. Summary
----------

SUCCESS in the conversion of sys_top_v2nfc_0_0 (enclab:user:v2nfc:1.4.1 (Rev. 4)) to Vivado generation flows.






Copyright 1986-2019 Xilinx, Inc. All Rights Reserved.
------------------------------------------------------------------------------------
| Tool Version : Vivado v.2019.1 (win64) Build 2552052 Fri May 24 14:49:42 MDT 2019
| Date         : Thu Aug 18 15:36:48 2022
| Host         : DESKTOP-KFMNFE2 running 64-bit major release  (build 9200)
| Command      : upgrade_ip
| Device       : xczu17eg-ffvc1760-2-e
------------------------------------------------------------------------------------

Upgrade Log for IP 'sys_top_v2nfc_2_0'

1. Summary
----------

SUCCESS in the conversion of sys_top_v2nfc_2_0 (enclab:user:v2nfc:1.4.1 (Rev. 4)) to Vivado generation flows.






Copyright 1986-2019 Xilinx, Inc. All Rights Reserved.
------------------------------------------------------------------------------------
| Tool Version : Vivado v.2019.1 (win64) Build 2552052 Fri May 24 14:49:42 MDT 2019
| Date         : Thu Aug 18 15:36:48 2022
| Host         : DESKTOP-KFMNFE2 running 64-bit major release  (build 9200)
| Command      : upgrade_ip
| Device       : xczu17eg-ffvc1760-2-e
------------------------------------------------------------------------------------

Upgrade Log for IP 'sys_top_v2nfc_0_2'

1. Summary
----------

SUCCESS in the conversion of sys_top_v2nfc_0_2 (enclab:user:v2nfc:1.4.1 (Rev. 4)) to Vivado generation flows.






Copyright 1986-2019 Xilinx, Inc. All Rights Reserved.
------------------------------------------------------------------------------------
| Tool Version : Vivado v.2019.1 (win64) Build 2552052 Fri May 24 14:49:42 MDT 2019
| Date         : Thu Aug 18 15:36:48 2022
| Host         : DESKTOP-KFMNFE2 running 64-bit major release  (build 9200)
| Command      : upgrade_ip
| Device       : xczu17eg-ffvc1760-2-e
------------------------------------------------------------------------------------

Upgrade Log for IP 'sys_top_v2nfc_0_1'

1. Summary
----------

SUCCESS in the conversion of sys_top_v2nfc_0_1 (enclab:user:v2nfc:1.4.1 (Rev. 4)) to Vivado generation flows.






Copyright 1986-2019 Xilinx, Inc. All Rights Reserved.
------------------------------------------------------------------------------------
| Tool Version : Vivado v.2019.1 (win64) Build 2552052 Fri May 24 14:49:42 MDT 2019
| Date         : Thu Aug 18 15:36:48 2022
| Host         : DESKTOP-KFMNFE2 running 64-bit major release  (build 9200)
| Command      : upgrade_ip
| Device       : xczu17eg-ffvc1760-2-e
------------------------------------------------------------------------------------

Upgrade Log for IP 'sys_top_v2nfc_0_0'

1. Summary
----------

SUCCESS in the conversion of sys_top_v2nfc_0_0 (enclab:user:v2nfc:1.4.1 (Rev. 4)) to Vivado generation flows.

