10:50:17 **** Clean-only build of project run-gr3ftl_bsp ****
make -k clean 
make -C psu_cortexa53_0/libsrc/axipmon_v6_7/src -s clean 
make -C psu_cortexa53_0/libsrc/bram_v4_3/src -s clean 
make -C psu_cortexa53_0/libsrc/clockps_v1_1/src -s clean 
make -C psu_cortexa53_0/libsrc/coresightps_dcc_v1_5/src -s clean 
make -C psu_cortexa53_0/libsrc/cpu_cortexa53_v1_5/src -s clean 
make -C psu_cortexa53_0/libsrc/csudma_v1_4/src -s clean 
make -C psu_cortexa53_0/libsrc/ddrcpsu_v1_1/src -s clean 
make -C psu_cortexa53_0/libsrc/emacps_v3_9/src -s clean 
make -C psu_cortexa53_0/libsrc/gpiops_v3_5/src -s clean 
make -C psu_cortexa53_0/libsrc/iicps_v3_9/src -s clean 
make -C psu_cortexa53_0/libsrc/ipipsu_v2_5/src -s clean 
make -C psu_cortexa53_0/libsrc/qspipsu_v1_9/src -s clean 
make -C psu_cortexa53_0/libsrc/resetps_v1_2/src -s clean 
make -C psu_cortexa53_0/libsrc/rtcpsu_v1_7/src -s clean 
make -C psu_cortexa53_0/libsrc/scugic_v4_0/src -s clean 
make -C psu_cortexa53_0/libsrc/sdps_v3_7/src -s clean 
make -C psu_cortexa53_0/libsrc/standalone_v7_0/src -s clean 
make -C psu_cortexa53_0/libsrc/sysmonpsu_v2_5/src -s clean 
make -C psu_cortexa53_0/libsrc/uartps_v3_7/src -s clean 
make -C psu_cortexa53_0/libsrc/zdma_v1_7/src -s clean 
rm -f psu_cortexa53_0/lib/libxil.a

10:50:21 Build Finished (took 4s.393ms)

