#-----------------------------------------------------------
# Webtalk v2019.1 (64-bit)
# SW Build 2552052 on Fri May 24 14:49:42 MDT 2019
# 
# Start of session at: Mon Jan  2 02:16:10 2023
# Process ID: 29292
# Current directory: C:/project/DaisyPlus/NVMe/DaisyPlus_NVMe_19.1_20230102_512bit/OpenSSD/OpenSSD.sdk/webtalk
# Command line: wbtcv.exe -mode batch -source sdk_webtalk.tcl
# Log file: C:/project/DaisyPlus/NVMe/DaisyPlus_NVMe_19.1_20230102_512bit/OpenSSD/OpenSSD.sdk/webtalk/webtalk.log
# Journal file: C:/project/DaisyPlus/NVMe/DaisyPlus_NVMe_19.1_20230102_512bit/OpenSSD/OpenSSD.sdk/webtalk\webtalk.jou
#-----------------------------------------------------------
source sdk_webtalk.tcl
# webtalk_init -webtalk_dir C:\\project\\DaisyPlus\\NVMe\\DaisyPlus_NVMe_19.1_20230102_512bit\\OpenSSD\\OpenSSD.sdk\\webtalk
# webtalk_register_client -client project
# webtalk_add_data -client project -key date_generated -value "2023-01-02 02:16:08" -context "software_version_and_target_device"
# webtalk_add_data -client project -key product_version -value "SDK v2019.1" -context "software_version_and_target_device"
# webtalk_add_data -client project -key build_version -value "2019.1" -context "software_version_and_target_device"
# webtalk_add_data -client project -key os_platform -value "amd64" -context "software_version_and_target_device"
# webtalk_add_data -client project -key registration_id -value "" -context "software_version_and_target_device"
# webtalk_add_data -client project -key tool_flow -value "SDK" -context "software_version_and_target_device"
# webtalk_add_data -client project -key beta -value "false" -context "software_version_and_target_device"
# webtalk_add_data -client project -key route_design -value "NA" -context "software_version_and_target_device"
# webtalk_add_data -client project -key target_family -value "NA" -context "software_version_and_target_device"
# webtalk_add_data -client project -key target_device -value "NA" -context "software_version_and_target_device"
# webtalk_add_data -client project -key target_package -value "NA" -context "software_version_and_target_device"
# webtalk_add_data -client project -key target_speed -value "NA" -context "software_version_and_target_device"
# webtalk_add_data -client project -key random_id -value "r4ivkiq7jra01ki88eturk10c4" -context "software_version_and_target_device"
# webtalk_add_data -client project -key project_id -value "2019.1_170" -context "software_version_and_target_device"
# webtalk_add_data -client project -key project_iteration -value "170" -context "software_version_and_target_device"
# webtalk_add_data -client project -key os_name -value "Microsoft Windows 8 or later , 64-bit" -context "user_environment"
# webtalk_add_data -client project -key os_release -value "major release  (build 9200)" -context "user_environment"
# webtalk_add_data -client project -key cpu_name -value "Intel(R) Core(TM) i7-7700 CPU @ 3.60GHz" -context "user_environment"
# webtalk_add_data -client project -key cpu_speed -value "3600 MHz" -context "user_environment"
# webtalk_add_data -client project -key total_processors -value "1" -context "user_environment"
# webtalk_add_data -client project -key system_ram -value "34.246 GB" -context "user_environment"
# webtalk_register_client -client sdk
# webtalk_add_data -client sdk -key uid -value "1672593340274" -context "sdk\\\\hardware/1672593340274"
# webtalk_add_data -client sdk -key isZynq -value "false" -context "sdk\\\\hardware/1672593340274"
# webtalk_add_data -client sdk -key isZynqMP -value "true" -context "sdk\\\\hardware/1672593340274"
# webtalk_add_data -client sdk -key Processors -value "7" -context "sdk\\\\hardware/1672593340274"
# webtalk_add_data -client sdk -key VivadoVersion -value "2019.1" -context "sdk\\\\hardware/1672593340274"
# webtalk_add_data -client sdk -key Arch -value "zynquplus" -context "sdk\\\\hardware/1672593340274"
# webtalk_add_data -client sdk -key Device -value "xczu17eg" -context "sdk\\\\hardware/1672593340274"
# webtalk_add_data -client sdk -key IsHandoff -value "true" -context "sdk\\\\hardware/1672593340274"
# webtalk_add_data -client sdk -key os -value "NA" -context "sdk\\\\hardware/1672593340274"
# webtalk_add_data -client sdk -key apptemplate -value "NA" -context "sdk\\\\hardware/1672593340274"
# webtalk_add_data -client sdk -key RecordType -value "HWCreation" -context "sdk\\\\hardware/1672593340274"
# webtalk_add_data -client sdk -key uid -value "NA" -context "sdk\\\\bsp/1672593368576"
# webtalk_add_data -client sdk -key RecordType -value "ToolUsage" -context "sdk\\\\bsp/1672593368576"
# webtalk_add_data -client sdk -key BootgenCount -value "0" -context "sdk\\\\bsp/1672593368576"
# webtalk_add_data -client sdk -key DebugCount -value "0" -context "sdk\\\\bsp/1672593368576"
# webtalk_add_data -client sdk -key PerfCount -value "0" -context "sdk\\\\bsp/1672593368576"
# webtalk_add_data -client sdk -key FlashCount -value "0" -context "sdk\\\\bsp/1672593368576"
# webtalk_add_data -client sdk -key CrossTriggCount -value "0" -context "sdk\\\\bsp/1672593368576"
# webtalk_add_data -client sdk -key QemuDebugCount -value "0" -context "sdk\\\\bsp/1672593368576"
# webtalk_transmit -clientid 133159561 -regid "" -xml C:\\project\\DaisyPlus\\NVMe\\DaisyPlus_NVMe_19.1_20230102_512bit\\OpenSSD\\OpenSSD.sdk\\webtalk\\usage_statistics_ext_sdk.xml -html C:\\project\\DaisyPlus\\NVMe\\DaisyPlus_NVMe_19.1_20230102_512bit\\OpenSSD\\OpenSSD.sdk\\webtalk\\usage_statistics_ext_sdk.html -wdm C:\\project\\DaisyPlus\\NVMe\\DaisyPlus_NVMe_19.1_20230102_512bit\\OpenSSD\\OpenSSD.sdk\\webtalk\\sdk_webtalk.wdm -intro "<H3>SDK Usage Report</H3><BR>"
# webtalk_terminate
INFO: [Common 17-206] Exiting Webtalk at Mon Jan  2 02:16:10 2023...
