Copyright 1986-2019 Xilinx, Inc. All Rights Reserved.
------------------------------------------------------------------------------------
| Tool Version : Vivado v.2019.1 (win64) Build 2552052 Fri May 24 14:49:42 MDT 2019
| Date         : Thu Sep  2 13:24:54 2021
| Host         : DESKTOP-JP2R5GF running 64-bit major release  (build 9200)
| Command      : upgrade_ip
| Device       : xczu17eg-ffvc1760-2-e
------------------------------------------------------------------------------------

Upgrade Log for IP 'design_1_nvme_ctrl_0_0'

1. Summary
----------

SUCCESS in the conversion of design_1_nvme_ctrl_0_0 (crztech:user:nvme_ctrl:1.0 (Rev. 15)) to Vivado generation flows.






Copyright 1986-2019 Xilinx, Inc. All Rights Reserved.
------------------------------------------------------------------------------------
| Tool Version : Vivado v.2019.1 (win64) Build 2552052 Fri May 24 14:49:42 MDT 2019
| Date         : Thu Sep  2 11:12:56 2021
| Host         : DESKTOP-JP2R5GF running 64-bit major release  (build 9200)
| Command      : upgrade_ip
| Device       : xczu17eg-ffvc1760-2-e
------------------------------------------------------------------------------------

Upgrade Log for IP 'design_1_nvme_ctrl_0_0'

1. Summary
----------

SUCCESS in the conversion of design_1_nvme_ctrl_0_0 (crztech:user:nvme_ctrl:1.0 (Rev. 15)) to Vivado generation flows.






Copyright 1986-2019 Xilinx, Inc. All Rights Reserved.
------------------------------------------------------------------------------------
| Tool Version : Vivado v.2019.1 (win64) Build 2552052 Fri May 24 14:49:42 MDT 2019
| Date         : Wed Sep  1 17:17:05 2021
| Host         : DESKTOP-JP2R5GF running 64-bit major release  (build 9200)
| Command      : upgrade_ip
| Device       : xczu17eg-ffvc1760-2-e
------------------------------------------------------------------------------------

Upgrade Log for IP 'design_1_nvme_ctrl_0_0'

1. Summary
----------

SUCCESS in the conversion of design_1_nvme_ctrl_0_0 (crztech:user:nvme_ctrl:1.0 (Rev. 15)) to Vivado generation flows.






Copyright 1986-2019 Xilinx, Inc. All Rights Reserved.
------------------------------------------------------------------------------------
| Tool Version : Vivado v.2019.1 (win64) Build 2552052 Fri May 24 14:49:42 MDT 2019
| Date         : Wed Sep  1 15:40:14 2021
| Host         : DESKTOP-JP2R5GF running 64-bit major release  (build 9200)
| Command      : upgrade_ip
| Device       : xczu17eg-ffvc1760-2-e
------------------------------------------------------------------------------------

Upgrade Log for IP 'design_1_nvme_ctrl_0_0'

1. Summary
----------

SUCCESS in the conversion of design_1_nvme_ctrl_0_0 (crztech:user:nvme_ctrl:1.0 (Rev. 15)) to Vivado generation flows.






Copyright 1986-2019 Xilinx, Inc. All Rights Reserved.
------------------------------------------------------------------------------------
| Tool Version : Vivado v.2019.1 (win64) Build 2552052 Fri May 24 14:49:42 MDT 2019
| Date         : Wed Sep  1 11:52:09 2021
| Host         : DESKTOP-JP2R5GF running 64-bit major release  (build 9200)
| Command      : upgrade_ip
| Device       : xczu17eg-ffvc1760-2-e
------------------------------------------------------------------------------------

Upgrade Log for IP 'design_1_nvme_ctrl_0_0'

1. Summary
----------

SUCCESS in the conversion of design_1_nvme_ctrl_0_0 (crztech:user:nvme_ctrl:1.0 (Rev. 15)) to Vivado generation flows.






Copyright 1986-2019 Xilinx, Inc. All Rights Reserved.
------------------------------------------------------------------------------------
| Tool Version : Vivado v.2019.1 (win64) Build 2552052 Fri May 24 14:49:42 MDT 2019
| Date         : Wed Sep  1 11:49:47 2021
| Host         : DESKTOP-JP2R5GF running 64-bit major release  (build 9200)
| Command      : upgrade_ip
| Device       : xczu17eg-ffvc1760-2-e
------------------------------------------------------------------------------------

Upgrade Log for IP 'design_1_nvme_ctrl_0_0'

1. Summary
----------

SUCCESS in the conversion of design_1_nvme_ctrl_0_0 (crztech:user:nvme_ctrl:1.0 (Rev. 15)) to Vivado generation flows.






Copyright 1986-2019 Xilinx, Inc. All Rights Reserved.
------------------------------------------------------------------------------------
| Tool Version : Vivado v.2019.1 (win64) Build 2552052 Fri May 24 14:49:42 MDT 2019
| Date         : Wed Sep  1 09:20:05 2021
| Host         : DESKTOP-JP2R5GF running 64-bit major release  (build 9200)
| Command      : upgrade_ip
| Device       : xczu17eg-ffvc1760-2-e
------------------------------------------------------------------------------------

Upgrade Log for IP 'design_1_nvme_ctrl_0_0'

1. Summary
----------

SUCCESS in the conversion of design_1_nvme_ctrl_0_0 (crztech:user:nvme_ctrl:1.0 (Rev. 15)) to Vivado generation flows.






Copyright 1986-2019 Xilinx, Inc. All Rights Reserved.
------------------------------------------------------------------------------------
| Tool Version : Vivado v.2019.1 (win64) Build 2552052 Fri May 24 14:49:42 MDT 2019
| Date         : Tue Aug 31 17:53:57 2021
| Host         : DESKTOP-JP2R5GF running 64-bit major release  (build 9200)
| Command      : upgrade_ip
| Device       : xczu17eg-ffvc1760-2-e
------------------------------------------------------------------------------------

Upgrade Log for IP 'design_1_nvme_ctrl_0_0'

1. Summary
----------

SUCCESS in the conversion of design_1_nvme_ctrl_0_0 (crztech:user:nvme_ctrl:1.0 (Rev. 15)) to Vivado generation flows.






Copyright 1986-2019 Xilinx, Inc. All Rights Reserved.
------------------------------------------------------------------------------------
| Tool Version : Vivado v.2019.1 (win64) Build 2552052 Fri May 24 14:49:42 MDT 2019
| Date         : Tue Aug 31 17:46:52 2021
| Host         : DESKTOP-JP2R5GF running 64-bit major release  (build 9200)
| Command      : upgrade_ip
| Device       : xczu17eg-ffvc1760-2-e
------------------------------------------------------------------------------------

Upgrade Log for IP 'design_1_nvme_ctrl_0_0'

1. Summary
----------

SUCCESS in the conversion of design_1_nvme_ctrl_0_0 (crztech:user:nvme_ctrl:1.0 (Rev. 15)) to Vivado generation flows.






Copyright 1986-2019 Xilinx, Inc. All Rights Reserved.
------------------------------------------------------------------------------------
| Tool Version : Vivado v.2019.1 (win64) Build 2552052 Fri May 24 14:49:42 MDT 2019
| Date         : Tue Aug 31 16:48:27 2021
| Host         : DESKTOP-JP2R5GF running 64-bit major release  (build 9200)
| Command      : upgrade_ip
| Device       : xczu17eg-ffvc1760-2-e
------------------------------------------------------------------------------------

Upgrade Log for IP 'design_1_nvme_ctrl_0_0'

1. Summary
----------

SUCCESS in the conversion of design_1_nvme_ctrl_0_0 (crztech:user:nvme_ctrl:1.0 (Rev. 15)) to Vivado generation flows.






Copyright 1986-2019 Xilinx, Inc. All Rights Reserved.
------------------------------------------------------------------------------------
| Tool Version : Vivado v.2019.1 (win64) Build 2552052 Fri May 24 14:49:42 MDT 2019
| Date         : Tue Aug 31 16:45:22 2021
| Host         : DESKTOP-JP2R5GF running 64-bit major release  (build 9200)
| Command      : upgrade_ip
| Device       : xczu17eg-ffvc1760-2-e
------------------------------------------------------------------------------------

Upgrade Log for IP 'design_1_nvme_ctrl_0_0'

1. Summary
----------

SUCCESS in the conversion of design_1_nvme_ctrl_0_0 (crztech:user:nvme_ctrl:1.0 (Rev. 15)) to Vivado generation flows.






Copyright 1986-2019 Xilinx, Inc. All Rights Reserved.
------------------------------------------------------------------------------------
| Tool Version : Vivado v.2019.1 (win64) Build 2552052 Fri May 24 14:49:42 MDT 2019
| Date         : Tue Aug 31 13:38:40 2021
| Host         : DESKTOP-JP2R5GF running 64-bit major release  (build 9200)
| Command      : upgrade_ip
| Device       : xczu17eg-ffvc1760-2-e
------------------------------------------------------------------------------------

Upgrade Log for IP 'design_1_nvme_ctrl_0_0'

1. Summary
----------

SUCCESS in the conversion of design_1_nvme_ctrl_0_0 (crztech:user:nvme_ctrl:1.0 (Rev. 15)) to Vivado generation flows.






Copyright 1986-2019 Xilinx, Inc. All Rights Reserved.
------------------------------------------------------------------------------------
| Tool Version : Vivado v.2019.1 (win64) Build 2552052 Fri May 24 14:49:42 MDT 2019
| Date         : Tue Aug 31 11:46:09 2021
| Host         : DESKTOP-JP2R5GF running 64-bit major release  (build 9200)
| Command      : upgrade_ip
| Device       : xczu17eg-ffvc1760-2-e
------------------------------------------------------------------------------------

Upgrade Log for IP 'design_1_nvme_ctrl_0_0'

1. Summary
----------

SUCCESS in the conversion of design_1_nvme_ctrl_0_0 (crztech:user:nvme_ctrl:1.0 (Rev. 15)) to Vivado generation flows.






Copyright 1986-2019 Xilinx, Inc. All Rights Reserved.
------------------------------------------------------------------------------------
| Tool Version : Vivado v.2019.1 (win64) Build 2552052 Fri May 24 14:49:42 MDT 2019
| Date         : Tue Aug 31 11:37:46 2021
| Host         : DESKTOP-JP2R5GF running 64-bit major release  (build 9200)
| Command      : upgrade_ip
| Device       : xczu17eg-ffvc1760-2-e
------------------------------------------------------------------------------------

Upgrade Log for IP 'design_1_nvme_ctrl_0_0'

1. Summary
----------

SUCCESS in the conversion of design_1_nvme_ctrl_0_0 (crztech:user:nvme_ctrl:1.0 (Rev. 15)) to Vivado generation flows.






Copyright 1986-2019 Xilinx, Inc. All Rights Reserved.
------------------------------------------------------------------------------------
| Tool Version : Vivado v.2019.1 (win64) Build 2552052 Fri May 24 14:49:42 MDT 2019
| Date         : Tue Aug 31 09:26:13 2021
| Host         : DESKTOP-JP2R5GF running 64-bit major release  (build 9200)
| Command      : upgrade_ip
| Device       : xczu17eg-ffvc1760-2-e
------------------------------------------------------------------------------------

Upgrade Log for IP 'design_1_nvme_ctrl_0_0'

1. Summary
----------

SUCCESS in the conversion of design_1_nvme_ctrl_0_0 (crztech:user:nvme_ctrl:1.0 (Rev. 15)) to Vivado generation flows.






Copyright 1986-2019 Xilinx, Inc. All Rights Reserved.
------------------------------------------------------------------------------------
| Tool Version : Vivado v.2019.1 (win64) Build 2552052 Fri May 24 14:49:42 MDT 2019
| Date         : Mon Aug 30 19:24:19 2021
| Host         : DESKTOP-JP2R5GF running 64-bit major release  (build 9200)
| Command      : upgrade_ip
| Device       : xczu17eg-ffvc1760-2-e
------------------------------------------------------------------------------------

Upgrade Log for IP 'design_1_nvme_ctrl_0_0'

1. Summary
----------

SUCCESS in the conversion of design_1_nvme_ctrl_0_0 (crztech:user:nvme_ctrl:1.0 (Rev. 15)) to Vivado generation flows.






Copyright 1986-2019 Xilinx, Inc. All Rights Reserved.
------------------------------------------------------------------------------------
| Tool Version : Vivado v.2019.1 (win64) Build 2552052 Fri May 24 14:49:42 MDT 2019
| Date         : Mon Aug 30 17:31:36 2021
| Host         : DESKTOP-JP2R5GF running 64-bit major release  (build 9200)
| Command      : upgrade_ip
| Device       : xczu17eg-ffvc1760-2-e
------------------------------------------------------------------------------------

Upgrade Log for IP 'design_1_nvme_ctrl_0_0'

1. Summary
----------

SUCCESS in the conversion of design_1_nvme_ctrl_0_0 (crztech:user:nvme_ctrl:1.0 (Rev. 15)) to Vivado generation flows.






Copyright 1986-2019 Xilinx, Inc. All Rights Reserved.
------------------------------------------------------------------------------------
| Tool Version : Vivado v.2019.1 (win64) Build 2552052 Fri May 24 14:49:42 MDT 2019
| Date         : Mon Aug 30 16:50:55 2021
| Host         : DESKTOP-JP2R5GF running 64-bit major release  (build 9200)
| Command      : upgrade_ip
| Device       : xczu17eg-ffvc1760-2-e
------------------------------------------------------------------------------------

Upgrade Log for IP 'design_1_nvme_ctrl_0_0'

1. Summary
----------

SUCCESS in the conversion of design_1_nvme_ctrl_0_0 (crztech:user:nvme_ctrl:1.0 (Rev. 15)) to Vivado generation flows.






Copyright 1986-2019 Xilinx, Inc. All Rights Reserved.
------------------------------------------------------------------------------------
| Tool Version : Vivado v.2019.1 (win64) Build 2552052 Fri May 24 14:49:42 MDT 2019
| Date         : Mon Aug 30 13:57:44 2021
| Host         : DESKTOP-JP2R5GF running 64-bit major release  (build 9200)
| Command      : upgrade_ip
| Device       : xczu17eg-ffvc1760-2-e
------------------------------------------------------------------------------------

Upgrade Log for IP 'design_1_nvme_ctrl_0_0'

1. Summary
----------

SUCCESS in the upgrade of design_1_nvme_ctrl_0_0 (crztech:user:nvme_ctrl:1.0) from (Rev. 14) to (Rev. 15)






Copyright 1986-2019 Xilinx, Inc. All Rights Reserved.
------------------------------------------------------------------------------------
| Tool Version : Vivado v.2019.1 (win64) Build 2552052 Fri May 24 14:49:42 MDT 2019
| Date         : Wed Aug 25 11:29:49 2021
| Host         : DESKTOP-JP2R5GF running 64-bit major release  (build 9200)
| Command      : upgrade_ip
| Device       : xczu17eg-ffvc1760-2-e
------------------------------------------------------------------------------------

Upgrade Log for IP 'design_1_nvme_ctrl_0_0'

1. Summary
----------

SUCCESS in the conversion of design_1_nvme_ctrl_0_0 (crztech:user:nvme_ctrl:1.0 (Rev. 14)) to Vivado generation flows.






Copyright 1986-2019 Xilinx, Inc. All Rights Reserved.
------------------------------------------------------------------------------------
| Tool Version : Vivado v.2019.1 (win64) Build 2552052 Fri May 24 14:49:42 MDT 2019
| Date         : Wed Aug 25 10:58:58 2021
| Host         : DESKTOP-JP2R5GF running 64-bit major release  (build 9200)
| Command      : upgrade_ip
| Device       : xczu17eg-ffvc1760-2-e
------------------------------------------------------------------------------------

Upgrade Log for IP 'design_1_nvme_ctrl_0_0'

1. Summary
----------

SUCCESS in the conversion of design_1_nvme_ctrl_0_0 (crztech:user:nvme_ctrl:1.0 (Rev. 14)) to Vivado generation flows.






Copyright 1986-2019 Xilinx, Inc. All Rights Reserved.
------------------------------------------------------------------------------------
| Tool Version : Vivado v.2019.1 (win64) Build 2552052 Fri May 24 14:49:42 MDT 2019
| Date         : Wed Aug 25 10:23:46 2021
| Host         : DESKTOP-JP2R5GF running 64-bit major release  (build 9200)
| Command      : upgrade_ip
| Device       : xczu17eg-ffvc1760-2-e
------------------------------------------------------------------------------------

Upgrade Log for IP 'design_1_nvme_ctrl_0_0'

1. Summary
----------

SUCCESS in the conversion of design_1_nvme_ctrl_0_0 (crztech:user:nvme_ctrl:1.0 (Rev. 14)) to Vivado generation flows.






Copyright 1986-2019 Xilinx, Inc. All Rights Reserved.
------------------------------------------------------------------------------------
| Tool Version : Vivado v.2019.1 (win64) Build 2552052 Fri May 24 14:49:42 MDT 2019
| Date         : Wed Aug 25 09:02:12 2021
| Host         : DESKTOP-JP2R5GF running 64-bit major release  (build 9200)
| Command      : upgrade_ip
| Device       : xczu17eg-ffvc1760-2-e
------------------------------------------------------------------------------------

Upgrade Log for IP 'design_1_nvme_ctrl_0_0'

1. Summary
----------

SUCCESS in the conversion of design_1_nvme_ctrl_0_0 (crztech:user:nvme_ctrl:1.0 (Rev. 14)) to Vivado generation flows.






Copyright 1986-2019 Xilinx, Inc. All Rights Reserved.
------------------------------------------------------------------------------------
| Tool Version : Vivado v.2019.1 (win64) Build 2552052 Fri May 24 14:49:42 MDT 2019
| Date         : Tue Aug 24 15:09:20 2021
| Host         : DESKTOP-JP2R5GF running 64-bit major release  (build 9200)
| Command      : upgrade_ip
| Device       : xczu17eg-ffvc1760-2-e
------------------------------------------------------------------------------------

Upgrade Log for IP 'design_1_nvme_ctrl_0_0'

1. Summary
----------

SUCCESS in the conversion of design_1_nvme_ctrl_0_0 (crztech:user:nvme_ctrl:1.0 (Rev. 14)) to Vivado generation flows.






Copyright 1986-2019 Xilinx, Inc. All Rights Reserved.
------------------------------------------------------------------------------------
| Tool Version : Vivado v.2019.1 (win64) Build 2552052 Fri May 24 14:49:42 MDT 2019
| Date         : Tue Aug 24 13:46:30 2021
| Host         : DESKTOP-JP2R5GF running 64-bit major release  (build 9200)
| Command      : upgrade_ip
| Device       : xczu17eg-ffvc1760-2-e
------------------------------------------------------------------------------------

Upgrade Log for IP 'design_1_nvme_ctrl_0_0'

1. Summary
----------

SUCCESS in the conversion of design_1_nvme_ctrl_0_0 (crztech:user:nvme_ctrl:1.0 (Rev. 14)) to Vivado generation flows.






Copyright 1986-2019 Xilinx, Inc. All Rights Reserved.
------------------------------------------------------------------------------------
| Tool Version : Vivado v.2019.1 (win64) Build 2552052 Fri May 24 14:49:42 MDT 2019
| Date         : Tue Aug 24 10:00:54 2021
| Host         : DESKTOP-JP2R5GF running 64-bit major release  (build 9200)
| Command      : upgrade_ip
| Device       : xczu17eg-ffvc1760-2-e
------------------------------------------------------------------------------------

Upgrade Log for IP 'design_1_nvme_ctrl_0_0'

1. Summary
----------

SUCCESS in the conversion of design_1_nvme_ctrl_0_0 (crztech:user:nvme_ctrl:1.0 (Rev. 14)) to Vivado generation flows.






Copyright 1986-2019 Xilinx, Inc. All Rights Reserved.
------------------------------------------------------------------------------------
| Tool Version : Vivado v.2019.1 (win64) Build 2552052 Fri May 24 14:49:42 MDT 2019
| Date         : Tue Aug 24 09:07:59 2021
| Host         : DESKTOP-JP2R5GF running 64-bit major release  (build 9200)
| Command      : upgrade_ip
| Device       : xczu17eg-ffvc1760-2-e
------------------------------------------------------------------------------------

Upgrade Log for IP 'design_1_nvme_ctrl_0_0'

1. Summary
----------

SUCCESS in the conversion of design_1_nvme_ctrl_0_0 (crztech:user:nvme_ctrl:1.0 (Rev. 14)) to Vivado generation flows.






Copyright 1986-2019 Xilinx, Inc. All Rights Reserved.
------------------------------------------------------------------------------------
| Tool Version : Vivado v.2019.1 (win64) Build 2552052 Fri May 24 14:49:42 MDT 2019
| Date         : Mon Aug 23 16:37:09 2021
| Host         : DESKTOP-JP2R5GF running 64-bit major release  (build 9200)
| Command      : upgrade_ip
| Device       : xczu17eg-ffvc1760-2-e
------------------------------------------------------------------------------------

Upgrade Log for IP 'design_1_nvme_ctrl_0_0'

1. Summary
----------

SUCCESS in the conversion of design_1_nvme_ctrl_0_0 (crztech:user:nvme_ctrl:1.0 (Rev. 14)) to Vivado generation flows.






Copyright 1986-2019 Xilinx, Inc. All Rights Reserved.
------------------------------------------------------------------------------------
| Tool Version : Vivado v.2019.1 (win64) Build 2552052 Fri May 24 14:49:42 MDT 2019
| Date         : Mon Aug 23 15:17:22 2021
| Host         : DESKTOP-JP2R5GF running 64-bit major release  (build 9200)
| Command      : upgrade_ip
| Device       : xczu17eg-ffvc1760-2-e
------------------------------------------------------------------------------------

Upgrade Log for IP 'design_1_nvme_ctrl_0_0'

1. Summary
----------

SUCCESS in the conversion of design_1_nvme_ctrl_0_0 (crztech:user:nvme_ctrl:1.0 (Rev. 14)) to Vivado generation flows.






Copyright 1986-2019 Xilinx, Inc. All Rights Reserved.
------------------------------------------------------------------------------------
| Tool Version : Vivado v.2019.1 (win64) Build 2552052 Fri May 24 14:49:42 MDT 2019
| Date         : Thu Aug  5 11:25:15 2021
| Host         : DESKTOP-JP2R5GF running 64-bit major release  (build 9200)
| Command      : upgrade_ip
| Device       : xczu17eg-ffvc1760-2-e
------------------------------------------------------------------------------------

Upgrade Log for IP 'design_1_nvme_ctrl_0_0'

1. Summary
----------

SUCCESS in the conversion of design_1_nvme_ctrl_0_0 (crztech:user:nvme_ctrl:1.0 (Rev. 14)) to Vivado generation flows.






Copyright 1986-2019 Xilinx, Inc. All Rights Reserved.
------------------------------------------------------------------------------------
| Tool Version : Vivado v.2019.1 (win64) Build 2552052 Fri May 24 14:49:42 MDT 2019
| Date         : Thu Aug  5 10:20:31 2021
| Host         : DESKTOP-JP2R5GF running 64-bit major release  (build 9200)
| Command      : upgrade_ip
| Device       : xczu17eg-ffvc1760-2-e
------------------------------------------------------------------------------------

Upgrade Log for IP 'design_1_nvme_ctrl_0_0'

1. Summary
----------

SUCCESS in the conversion of design_1_nvme_ctrl_0_0 (crztech:user:nvme_ctrl:1.0 (Rev. 14)) to Vivado generation flows.






Copyright 1986-2019 Xilinx, Inc. All Rights Reserved.
------------------------------------------------------------------------------------
| Tool Version : Vivado v.2019.1 (win64) Build 2552052 Fri May 24 14:49:42 MDT 2019
| Date         : Wed Aug  4 17:46:43 2021
| Host         : DESKTOP-JP2R5GF running 64-bit major release  (build 9200)
| Command      : upgrade_ip
| Device       : xczu17eg-ffvc1760-2-e
------------------------------------------------------------------------------------

Upgrade Log for IP 'design_1_nvme_ctrl_0_0'

1. Summary
----------

SUCCESS in the conversion of design_1_nvme_ctrl_0_0 (crztech:user:nvme_ctrl:1.0 (Rev. 14)) to Vivado generation flows.






Copyright 1986-2019 Xilinx, Inc. All Rights Reserved.
------------------------------------------------------------------------------------
| Tool Version : Vivado v.2019.1 (win64) Build 2552052 Fri May 24 14:49:42 MDT 2019
| Date         : Wed Aug  4 11:43:56 2021
| Host         : DESKTOP-JP2R5GF running 64-bit major release  (build 9200)
| Command      : upgrade_ip
| Device       : xczu17eg-ffvc1760-2-e
------------------------------------------------------------------------------------

Upgrade Log for IP 'design_1_nvme_ctrl_0_0'

1. Summary
----------

SUCCESS in the conversion of design_1_nvme_ctrl_0_0 (crztech:user:nvme_ctrl:1.0 (Rev. 14)) to Vivado generation flows.






Copyright 1986-2019 Xilinx, Inc. All Rights Reserved.
------------------------------------------------------------------------------------
| Tool Version : Vivado v.2019.1 (win64) Build 2552052 Fri May 24 14:49:42 MDT 2019
| Date         : Tue Aug  3 20:03:29 2021
| Host         : DESKTOP-JP2R5GF running 64-bit major release  (build 9200)
| Command      : upgrade_ip
| Device       : xczu17eg-ffvc1760-2-e
------------------------------------------------------------------------------------

Upgrade Log for IP 'design_1_nvme_ctrl_0_0'

1. Summary
----------

SUCCESS in the conversion of design_1_nvme_ctrl_0_0 (crztech:user:nvme_ctrl:1.0 (Rev. 14)) to Vivado generation flows.






Copyright 1986-2019 Xilinx, Inc. All Rights Reserved.
------------------------------------------------------------------------------------
| Tool Version : Vivado v.2019.1 (win64) Build 2552052 Fri May 24 14:49:42 MDT 2019
| Date         : Tue Aug  3 16:54:46 2021
| Host         : DESKTOP-JP2R5GF running 64-bit major release  (build 9200)
| Command      : upgrade_ip
| Device       : xczu17eg-ffvc1760-2-e
------------------------------------------------------------------------------------

Upgrade Log for IP 'design_1_nvme_ctrl_0_0'

1. Summary
----------

SUCCESS in the conversion of design_1_nvme_ctrl_0_0 (crztech:user:nvme_ctrl:1.0 (Rev. 14)) to Vivado generation flows.






Copyright 1986-2019 Xilinx, Inc. All Rights Reserved.
------------------------------------------------------------------------------------
| Tool Version : Vivado v.2019.1 (win64) Build 2552052 Fri May 24 14:49:42 MDT 2019
| Date         : Tue Aug  3 15:53:30 2021
| Host         : DESKTOP-JP2R5GF running 64-bit major release  (build 9200)
| Command      : upgrade_ip
| Device       : xczu17eg-ffvc1760-2-e
------------------------------------------------------------------------------------

Upgrade Log for IP 'design_1_nvme_ctrl_0_0'

1. Summary
----------

SUCCESS in the conversion of design_1_nvme_ctrl_0_0 (crztech:user:nvme_ctrl:1.0 (Rev. 14)) to Vivado generation flows.






Copyright 1986-2019 Xilinx, Inc. All Rights Reserved.
------------------------------------------------------------------------------------
| Tool Version : Vivado v.2019.1 (win64) Build 2552052 Fri May 24 14:49:42 MDT 2019
| Date         : Tue Aug  3 15:51:06 2021
| Host         : DESKTOP-JP2R5GF running 64-bit major release  (build 9200)
| Command      : upgrade_ip
| Device       : xczu17eg-ffvc1760-2-e
------------------------------------------------------------------------------------

Upgrade Log for IP 'design_1_nvme_ctrl_0_0'

1. Summary
----------

SUCCESS in the conversion of design_1_nvme_ctrl_0_0 (crztech:user:nvme_ctrl:1.0 (Rev. 14)) to Vivado generation flows.






Copyright 1986-2019 Xilinx, Inc. All Rights Reserved.
------------------------------------------------------------------------------------
| Tool Version : Vivado v.2019.1 (win64) Build 2552052 Fri May 24 14:49:42 MDT 2019
| Date         : Tue Aug  3 15:48:29 2021
| Host         : DESKTOP-JP2R5GF running 64-bit major release  (build 9200)
| Command      : upgrade_ip
| Device       : xczu17eg-ffvc1760-2-e
------------------------------------------------------------------------------------

Upgrade Log for IP 'design_1_nvme_ctrl_0_0'

1. Summary
----------

SUCCESS in the conversion of design_1_nvme_ctrl_0_0 (crztech:user:nvme_ctrl:1.0 (Rev. 14)) to Vivado generation flows.






Copyright 1986-2019 Xilinx, Inc. All Rights Reserved.
------------------------------------------------------------------------------------
| Tool Version : Vivado v.2019.1 (win64) Build 2552052 Fri May 24 14:49:42 MDT 2019
| Date         : Tue Aug  3 14:03:46 2021
| Host         : DESKTOP-JP2R5GF running 64-bit major release  (build 9200)
| Command      : upgrade_ip
| Device       : xczu17eg-ffvc1760-2-e
------------------------------------------------------------------------------------

Upgrade Log for IP 'design_1_nvme_ctrl_0_0'

1. Summary
----------

SUCCESS in the conversion of design_1_nvme_ctrl_0_0 (crztech:user:nvme_ctrl:1.0 (Rev. 14)) to Vivado generation flows.






Copyright 1986-2019 Xilinx, Inc. All Rights Reserved.
------------------------------------------------------------------------------------
| Tool Version : Vivado v.2019.1 (win64) Build 2552052 Fri May 24 14:49:42 MDT 2019
| Date         : Tue Aug  3 09:29:40 2021
| Host         : DESKTOP-JP2R5GF running 64-bit major release  (build 9200)
| Command      : upgrade_ip
| Device       : xczu17eg-ffvc1760-2-e
------------------------------------------------------------------------------------

Upgrade Log for IP 'design_1_nvme_ctrl_0_0'

1. Summary
----------

SUCCESS in the conversion of design_1_nvme_ctrl_0_0 (crztech:user:nvme_ctrl:1.0 (Rev. 14)) to Vivado generation flows.






Copyright 1986-2019 Xilinx, Inc. All Rights Reserved.
------------------------------------------------------------------------------------
| Tool Version : Vivado v.2019.1 (win64) Build 2552052 Fri May 24 14:49:42 MDT 2019
| Date         : Mon Aug  2 15:09:20 2021
| Host         : DESKTOP-JP2R5GF running 64-bit major release  (build 9200)
| Command      : upgrade_ip
| Device       : xczu17eg-ffvc1760-2-e
------------------------------------------------------------------------------------

Upgrade Log for IP 'design_1_nvme_ctrl_0_0'

1. Summary
----------

SUCCESS in the conversion of design_1_nvme_ctrl_0_0 (crztech:user:nvme_ctrl:1.0 (Rev. 14)) to Vivado generation flows.






Copyright 1986-2019 Xilinx, Inc. All Rights Reserved.
------------------------------------------------------------------------------------
| Tool Version : Vivado v.2019.1 (win64) Build 2552052 Fri May 24 14:49:42 MDT 2019
| Date         : Tue Jul 27 19:34:40 2021
| Host         : DESKTOP-JP2R5GF running 64-bit major release  (build 9200)
| Command      : upgrade_ip
| Device       : xczu17eg-ffvc1760-2-e
------------------------------------------------------------------------------------

Upgrade Log for IP 'design_1_nvme_ctrl_0_0'

1. Summary
----------

SUCCESS in the upgrade of design_1_nvme_ctrl_0_0 (crztech:user:nvme_ctrl:1.0) from (Rev. 13) to (Rev. 14)






Copyright 1986-2019 Xilinx, Inc. All Rights Reserved.
------------------------------------------------------------------------------------
| Tool Version : Vivado v.2019.1 (win64) Build 2552052 Fri May 24 14:49:42 MDT 2019
| Date         : Mon Jul 26 10:22:58 2021
| Host         : DESKTOP-KFMNFE2 running 64-bit major release  (build 9200)
| Command      : upgrade_ip
| Device       : xczu17eg-ffvc1760-2-e
------------------------------------------------------------------------------------

Upgrade Log for IP 'design_1_nvme_ctrl_0_0'

1. Summary
----------

SUCCESS in the conversion of design_1_nvme_ctrl_0_0 (crztech:user:nvme_ctrl:1.0 (Rev. 13)) to Vivado generation flows.






Copyright 1986-2019 Xilinx, Inc. All Rights Reserved.
------------------------------------------------------------------------------------
| Tool Version : Vivado v.2019.1 (win64) Build 2552052 Fri May 24 14:49:42 MDT 2019
| Date         : Fri Jul 23 16:23:12 2021
| Host         : DESKTOP-KFMNFE2 running 64-bit major release  (build 9200)
| Command      : upgrade_ip
| Device       : xczu17eg-ffvc1760-2-e
------------------------------------------------------------------------------------

Upgrade Log for IP 'design_1_nvme_ctrl_0_0'

1. Summary
----------

SUCCESS in the upgrade of design_1_nvme_ctrl_0_0 (crztech:user:nvme_ctrl:1.0) from (Rev. 12) to (Rev. 13)






Copyright 1986-2019 Xilinx, Inc. All Rights Reserved.
------------------------------------------------------------------------------------
| Tool Version : Vivado v.2019.1 (win64) Build 2552052 Fri May 24 14:49:42 MDT 2019
| Date         : Thu Jul 22 11:03:41 2021
| Host         : DESKTOP-KFMNFE2 running 64-bit major release  (build 9200)
| Command      : upgrade_ip
| Device       : xczu17eg-ffvc1760-2-e
------------------------------------------------------------------------------------

Upgrade Log for IP 'design_1_nvme_ctrl_0_0'

1. Summary
----------

SUCCESS in the upgrade of design_1_nvme_ctrl_0_0 (crztech:user:nvme_ctrl:1.0) from (Rev. 11) to (Rev. 12)






Copyright 1986-2019 Xilinx, Inc. All Rights Reserved.
------------------------------------------------------------------------------------
| Tool Version : Vivado v.2019.1 (win64) Build 2552052 Fri May 24 14:49:42 MDT 2019
| Date         : Fri Apr 30 16:42:11 2021
| Host         : DESKTOP-KFMNFE2 running 64-bit major release  (build 9200)
| Command      : upgrade_ip
| Device       : xczu17eg-ffvc1760-2-e
------------------------------------------------------------------------------------

Upgrade Log for IP 'design_1_nvme_ctrl_0_0'

1. Summary
----------

SUCCESS in the upgrade of design_1_nvme_ctrl_0_0 (crztech:user:nvme_ctrl:1.0) from (Rev. 10) to (Rev. 11)






Copyright 1986-2019 Xilinx, Inc. All Rights Reserved.
------------------------------------------------------------------------------------
| Tool Version : Vivado v.2019.1 (win64) Build 2552052 Fri May 24 14:49:42 MDT 2019
| Date         : Fri Apr 30 16:06:43 2021
| Host         : DESKTOP-KFMNFE2 running 64-bit major release  (build 9200)
| Command      : upgrade_ip
| Device       : xczu17eg-ffvc1760-2-e
------------------------------------------------------------------------------------

Upgrade Log for IP 'design_1_nvme_ctrl_0_0'

1. Summary
----------

SUCCESS in the conversion of design_1_nvme_ctrl_0_0 (crztech:user:nvme_ctrl:1.0 (Rev. 10)) to Vivado generation flows.






Copyright 1986-2019 Xilinx, Inc. All Rights Reserved.
------------------------------------------------------------------------------------
| Tool Version : Vivado v.2019.1 (win64) Build 2552052 Fri May 24 14:49:42 MDT 2019
| Date         : Wed Apr 28 09:20:53 2021
| Host         : DESKTOP-KFMNFE2 running 64-bit major release  (build 9200)
| Command      : upgrade_ip
| Device       : xczu17eg-ffvc1760-2-e
------------------------------------------------------------------------------------

Upgrade Log for IP 'design_1_nvme_ctrl_0_0'

1. Summary
----------

SUCCESS in the conversion of design_1_nvme_ctrl_0_0 (crztech:user:nvme_ctrl:1.0 (Rev. 10)) to Vivado generation flows.






Copyright 1986-2019 Xilinx, Inc. All Rights Reserved.
------------------------------------------------------------------------------------
| Tool Version : Vivado v.2019.1 (win64) Build 2552052 Fri May 24 14:49:42 MDT 2019
| Date         : Wed Apr 21 15:56:35 2021
| Host         : DESKTOP-KFMNFE2 running 64-bit major release  (build 9200)
| Command      : upgrade_ip
| Device       : xczu17eg-ffvc1760-2-e
------------------------------------------------------------------------------------

Upgrade Log for IP 'design_1_zynq_ultra_ps_e_0_0'

1. Summary
----------

SUCCESS in the conversion of design_1_zynq_ultra_ps_e_0_0 (xilinx.com:ip:zynq_ultra_ps_e:3.3) to Vivado generation flows.

2. Upgrade messages
-------------------

Set parameter PSU__GPIO_EMIO__PERIPHERAL__IO to value 92 (source 'default')
WARNING: upgrade cannot add parameter PSU__USE__USB3_0_HUB with default value 0 : a parameter called PSU__USE__USB3_0_HUB already exists in zynq_ultra_ps_e_v3_3
WARNING: upgrade cannot add parameter PSU__USE__USB3_1_HUB with default value 0 : a parameter called PSU__USE__USB3_1_HUB already exists in zynq_ultra_ps_e_v3_3
Set parameter PSU__PROTECTION__FPD_SEGMENTS to value SA:0xFD1A0000; SIZE:1280; UNIT:KB; RegionTZ:Secure; WrAllowed:Read/Write; subsystemId:PMU Firmware |  SA:0xFD000000; SIZE:64; UNIT:KB; RegionTZ:Secure; WrAllowed:Read/Write; subsystemId:PMU Firmware |  SA:0xFD010000; SIZE:64; UNIT:KB; RegionTZ:Secure; WrAllowed:Read/Write; subsystemId:PMU Firmware |  SA:0xFD020000; SIZE:64; UNIT:KB; RegionTZ:Secure; WrAllowed:Read/Write; subsystemId:PMU Firmware |  SA:0xFD030000; SIZE:64; UNIT:KB; RegionTZ:Secure; WrAllowed:Read/Write; subsystemId:PMU Firmware |  SA:0xFD040000; SIZE:64; UNIT:KB; RegionTZ:Secure; WrAllowed:Read/Write; subsystemId:PMU Firmware |  SA:0xFD050000; SIZE:64; UNIT:KB; RegionTZ:Secure; WrAllowed:Read/Write; subsystemId:PMU Firmware |  SA:0xFD610000; SIZE:512; UNIT:KB; RegionTZ:Secure; WrAllowed:Read/Write; subsystemId:PMU Firmware |  SA:0xFD5D0000; SIZE:64; UNIT:KB; RegionTZ:Secure; WrAllowed:Read/Write; subsystemId:PMU Firmware | SA:0xFD1A0000 ; SIZE:1280; UNIT:KB; RegionTZ:Secure ; WrAllowed:Read/Write; subsystemId:Secure Subsystem (source 'default')






Copyright 1986-2019 Xilinx, Inc. All Rights Reserved.
------------------------------------------------------------------------------------
| Tool Version : Vivado v.2019.1 (win64) Build 2552052 Fri May 24 14:49:42 MDT 2019
| Date         : Wed Apr 21 15:56:35 2021
| Host         : DESKTOP-KFMNFE2 running 64-bit major release  (build 9200)
| Command      : upgrade_ip
| Device       : xczu17eg-ffvc1760-2-e
------------------------------------------------------------------------------------

Upgrade Log for IP 'design_1_xlconcat_0_0'

1. Summary
----------

SUCCESS in the conversion of design_1_xlconcat_0_0 (xilinx.com:ip:xlconcat:2.1 (Rev. 3)) to Vivado generation flows.






Copyright 1986-2019 Xilinx, Inc. All Rights Reserved.
------------------------------------------------------------------------------------
| Tool Version : Vivado v.2019.1 (win64) Build 2552052 Fri May 24 14:49:42 MDT 2019
| Date         : Wed Apr 21 15:56:35 2021
| Host         : DESKTOP-KFMNFE2 running 64-bit major release  (build 9200)
| Command      : upgrade_ip
| Device       : xczu17eg-ffvc1760-2-e
------------------------------------------------------------------------------------

Upgrade Log for IP 'design_1_rst_ps8_0_249M_0'

1. Summary
----------

SUCCESS in the conversion of design_1_rst_ps8_0_249M_0 (xilinx.com:ip:proc_sys_reset:5.0 (Rev. 13)) to Vivado generation flows.






Copyright 1986-2019 Xilinx, Inc. All Rights Reserved.
------------------------------------------------------------------------------------
| Tool Version : Vivado v.2019.1 (win64) Build 2552052 Fri May 24 14:49:42 MDT 2019
| Date         : Wed Apr 21 15:56:35 2021
| Host         : DESKTOP-KFMNFE2 running 64-bit major release  (build 9200)
| Command      : upgrade_ip
| Device       : xczu17eg-ffvc1760-2-e
------------------------------------------------------------------------------------

Upgrade Log for IP 'design_1_rst_ps8_0_187M_0'

1. Summary
----------

SUCCESS in the conversion of design_1_rst_ps8_0_187M_0 (xilinx.com:ip:proc_sys_reset:5.0 (Rev. 13)) to Vivado generation flows.






Copyright 1986-2019 Xilinx, Inc. All Rights Reserved.
------------------------------------------------------------------------------------
| Tool Version : Vivado v.2019.1 (win64) Build 2552052 Fri May 24 14:49:42 MDT 2019
| Date         : Wed Apr 21 15:56:35 2021
| Host         : DESKTOP-KFMNFE2 running 64-bit major release  (build 9200)
| Command      : upgrade_ip
| Device       : xczu17eg-ffvc1760-2-e
------------------------------------------------------------------------------------

Upgrade Log for IP 'design_1_ps8_0_axi_periph_0'

1. Summary
----------

SUCCESS in the conversion of design_1_ps8_0_axi_periph_0 (xilinx.com:ip:axi_interconnect:2.1 (Rev. 20)) to Vivado generation flows.






Copyright 1986-2019 Xilinx, Inc. All Rights Reserved.
------------------------------------------------------------------------------------
| Tool Version : Vivado v.2019.1 (win64) Build 2552052 Fri May 24 14:49:42 MDT 2019
| Date         : Wed Apr 21 15:56:35 2021
| Host         : DESKTOP-KFMNFE2 running 64-bit major release  (build 9200)
| Command      : upgrade_ip
| Device       : xczu17eg-ffvc1760-2-e
------------------------------------------------------------------------------------

Upgrade Log for IP 'design_1_nvme_ctrl_0_0'

1. Summary
----------

SUCCESS in the conversion of design_1_nvme_ctrl_0_0 (crztech:user:nvme_ctrl:1.0 (Rev. 10)) to Vivado generation flows.






Copyright 1986-2019 Xilinx, Inc. All Rights Reserved.
------------------------------------------------------------------------------------
| Tool Version : Vivado v.2019.1 (win64) Build 2552052 Fri May 24 14:49:42 MDT 2019
| Date         : Wed Apr 21 15:56:35 2021
| Host         : DESKTOP-KFMNFE2 running 64-bit major release  (build 9200)
| Command      : upgrade_ip
| Device       : xczu17eg-ffvc1760-2-e
------------------------------------------------------------------------------------

Upgrade Log for IP 'design_1_axi_smc_0'

1. Summary
----------

SUCCESS in the conversion of design_1_axi_smc_0 (xilinx.com:ip:smartconnect:1.0 (Rev. 11)) to Vivado generation flows.

After upgrade, an IP may have parameter and port differences compared to the original customization. Please review the parameters within the IP customization GUI to ensure proper functionality. Also, please review the updated IP instantiation template to ensure proper connectivity, and update your design if required.

2. Interface Information
------------------------

Detected external interface differences while upgrading 'design_1_axi_smc_0'.



3. Connection Warnings
----------------------

Detected external port differences while upgrading 'design_1_axi_smc_0'. These changes may impact your design.








Copyright 1986-2019 Xilinx, Inc. All Rights Reserved.
------------------------------------------------------------------------------------
| Tool Version : Vivado v.2019.1 (win64) Build 2552052 Fri May 24 14:49:42 MDT 2019
| Date         : Tue Feb 23 10:38:54 2021
| Host         : DESKTOP-KFMNFE2 running 64-bit major release  (build 9200)
| Command      : upgrade_ip
| Device       : xczu17eg-ffvb1517-1-e
------------------------------------------------------------------------------------

Upgrade Log for IP 'design_1_nvme_ctrl_0_0'

1. Summary
----------

SUCCESS in the upgrade of design_1_nvme_ctrl_0_0 (crztech:user:nvme_ctrl:1.0) from (Rev. 9) to (Rev. 10)






Copyright 1986-2019 Xilinx, Inc. All Rights Reserved.
------------------------------------------------------------------------------------
| Tool Version : Vivado v.2019.1 (win64) Build 2552052 Fri May 24 14:49:42 MDT 2019
| Date         : Tue Feb  2 17:25:25 2021
| Host         : DESKTOP-KFMNFE2 running 64-bit major release  (build 9200)
| Command      : upgrade_ip
| Device       : xczu17eg-ffvb1517-1-e
------------------------------------------------------------------------------------

Upgrade Log for IP 'design_1_nvme_ctrl_0_0'

1. Summary
----------

SUCCESS in the upgrade of design_1_nvme_ctrl_0_0 (crztech:user:nvme_ctrl:1.0) from (Rev. 8) to (Rev. 9)






Copyright 1986-2019 Xilinx, Inc. All Rights Reserved.
------------------------------------------------------------------------------------
| Tool Version : Vivado v.2019.1 (win64) Build 2552052 Fri May 24 14:49:42 MDT 2019
| Date         : Tue Feb  2 17:13:54 2021
| Host         : DESKTOP-KFMNFE2 running 64-bit major release  (build 9200)
| Command      : upgrade_ip
| Device       : xczu17eg-ffvb1517-1-e
------------------------------------------------------------------------------------

Upgrade Log for IP 'design_1_nvme_ctrl_0_0'

1. Summary
----------

SUCCESS in the conversion of design_1_nvme_ctrl_0_0 (crztech:user:nvme_ctrl:1.0 (Rev. 8)) to Vivado generation flows.






Copyright 1986-2019 Xilinx, Inc. All Rights Reserved.
------------------------------------------------------------------------------------
| Tool Version : Vivado v.2019.1 (win64) Build 2552052 Fri May 24 14:49:42 MDT 2019
| Date         : Tue Feb  2 15:57:39 2021
| Host         : DESKTOP-KFMNFE2 running 64-bit major release  (build 9200)
| Command      : upgrade_ip
| Device       : xczu17eg-ffvb1517-1-e
------------------------------------------------------------------------------------

Upgrade Log for IP 'design_1_nvme_ctrl_0_0'

1. Summary
----------

SUCCESS in the upgrade of design_1_nvme_ctrl_0_0 (crztech:user:nvme_ctrl:1.0) from (Rev. 6) to (Rev. 8)






Copyright 1986-2019 Xilinx, Inc. All Rights Reserved.
------------------------------------------------------------------------------------
| Tool Version : Vivado v.2019.1 (win64) Build 2552052 Fri May 24 14:49:42 MDT 2019
| Date         : Tue Feb  2 14:58:36 2021
| Host         : DESKTOP-KFMNFE2 running 64-bit major release  (build 9200)
| Command      : upgrade_ip
| Device       : xczu17eg-ffvb1517-1-e
------------------------------------------------------------------------------------

Upgrade Log for IP 'design_1_nvme_ctrl_0_0'

1. Summary
----------

SUCCESS in the upgrade of design_1_nvme_ctrl_0_0 (crztech:user:nvme_ctrl:1.0) from (Rev. 5) to (Rev. 6)






Copyright 1986-2019 Xilinx, Inc. All Rights Reserved.
------------------------------------------------------------------------------------
| Tool Version : Vivado v.2019.1 (win64) Build 2552052 Fri May 24 14:49:42 MDT 2019
| Date         : Tue Feb  2 11:20:06 2021
| Host         : DESKTOP-KFMNFE2 running 64-bit major release  (build 9200)
| Command      : upgrade_ip
| Device       : xczu17eg-ffvb1517-1-e
------------------------------------------------------------------------------------

Upgrade Log for IP 'design_1_nvme_ctrl_0_0'

1. Summary
----------

SUCCESS in the upgrade of design_1_nvme_ctrl_0_0 (crztech:user:nvme_ctrl:1.0) from (Rev. 4) to (Rev. 5)






Copyright 1986-2019 Xilinx, Inc. All Rights Reserved.
------------------------------------------------------------------------------------
| Tool Version : Vivado v.2019.1 (win64) Build 2552052 Fri May 24 14:49:42 MDT 2019
| Date         : Mon Feb  1 17:45:59 2021
| Host         : DESKTOP-KFMNFE2 running 64-bit major release  (build 9200)
| Command      : upgrade_ip
| Device       : xczu17eg-ffvb1517-1-e
------------------------------------------------------------------------------------

Upgrade Log for IP 'design_1_nvme_ctrl_0_0'

1. Summary
----------

CAUTION (success, with warnings) in the upgrade of design_1_nvme_ctrl_0_0 (crztech:user:nvme_ctrl:1.0) from (Rev. 3) to (Rev. 4)

After upgrade, an IP may have parameter and port differences compared to the original customization. Please review the parameters within the IP customization GUI to ensure proper functionality. Also, please review the updated IP instantiation template to ensure proper connectivity, and update your design if required.

2. Connection Warnings
----------------------

Detected external port differences while upgrading 'design_1_nvme_ctrl_0_0'. These changes may impact your design.


-Upgraded port 'pci_exp_rxn' width 16 differs from original width 8

-Upgraded port 'pci_exp_rxp' width 16 differs from original width 8

-Upgraded port 'pci_exp_txn' width 16 differs from original width 8

-Upgraded port 'pci_exp_txp' width 16 differs from original width 8







Copyright 1986-2019 Xilinx, Inc. All Rights Reserved.
------------------------------------------------------------------------------------
| Tool Version : Vivado v.2019.1 (win64) Build 2552052 Fri May 24 14:49:42 MDT 2019
| Date         : Mon Feb  1 17:17:58 2021
| Host         : DESKTOP-KFMNFE2 running 64-bit major release  (build 9200)
| Command      : upgrade_ip
| Device       : xczu17eg-ffvb1517-1-e
------------------------------------------------------------------------------------

Upgrade Log for IP 'design_1_nvme_ctrl_0_0'

1. Summary
----------

SUCCESS in the upgrade of design_1_nvme_ctrl_0_0 (crztech:user:nvme_ctrl:1.0) from (Rev. 2) to (Rev. 3)






Copyright 1986-2019 Xilinx, Inc. All Rights Reserved.
------------------------------------------------------------------------------------
| Tool Version : Vivado v.2019.1 (win64) Build 2552052 Fri May 24 14:49:42 MDT 2019
| Date         : Mon Feb  1 16:58:10 2021
| Host         : DESKTOP-KFMNFE2 running 64-bit major release  (build 9200)
| Command      : upgrade_ip
| Device       : xczu17eg-ffvb1517-1-e
------------------------------------------------------------------------------------

Upgrade Log for IP 'design_1_nvme_ctrl_0_0'

1. Summary
----------

SUCCESS in the upgrade of design_1_nvme_ctrl_0_0 (crztech:user:nvme_ctrl:1.0) from (Rev. 1) to (Rev. 2)






Copyright 1986-2019 Xilinx, Inc. All Rights Reserved.
------------------------------------------------------------------------------------
| Tool Version : Vivado v.2019.1 (win64) Build 2552052 Fri May 24 14:49:42 MDT 2019
| Date         : Fri Jan 29 18:21:30 2021
| Host         : DESKTOP-KFMNFE2 running 64-bit major release  (build 9200)
| Command      : upgrade_ip
| Device       : xczu17eg-ffvb1517-1-e
------------------------------------------------------------------------------------

Upgrade Log for IP 'design_1_nvme_ctrl_0_0'

1. Summary
----------

SUCCESS in the upgrade of design_1_nvme_ctrl_0_0 (crztech:user:nvme_ctrl:1.0) from (Rev. 2) to (Rev. 4)






Copyright 1986-2019 Xilinx, Inc. All Rights Reserved.
------------------------------------------------------------------------------------
| Tool Version : Vivado v.2019.1 (win64) Build 2552052 Fri May 24 14:49:42 MDT 2019
| Date         : Fri Jan 29 18:09:26 2021
| Host         : DESKTOP-KFMNFE2 running 64-bit major release  (build 9200)
| Command      : upgrade_ip
| Device       : xczu17eg-ffvb1517-1-e
------------------------------------------------------------------------------------

Upgrade Log for IP 'design_2_nvme_ctrl_0_1'

1. Summary
----------

CAUTION (success, with warnings) in the upgrade of design_2_nvme_ctrl_0_1 (crztech:user:nvme_ctrl:1.0) from (Rev. 3) to (Rev. 2)

2. Interface Information
------------------------

Detected external interface differences while upgrading 'design_2_nvme_ctrl_0_1'.


-Upgrade has removed interface 'pcie_lane'

-Upgrade has removed interface 'pcie_ref_clk'

-Upgrade has added interface 'pci_lane' (xilinx.com:interface:pcie_7x_mgt:1.0)

-Upgrade has added interface 'pcie_ref' (xilinx.com:interface:diff_clock:1.0)

-Upgrade has added interface 'pcie_ref_clk_n' (xilinx.com:signal:clock:1.0)

-Upgrade has added interface 'pcie_ref_clk_p' (xilinx.com:signal:clock:1.0)







Copyright 1986-2019 Xilinx, Inc. All Rights Reserved.
------------------------------------------------------------------------------------
| Tool Version : Vivado v.2019.1 (win64) Build 2552052 Fri May 24 14:49:42 MDT 2019
| Date         : Fri Jan 29 17:35:42 2021
| Host         : DESKTOP-KFMNFE2 running 64-bit major release  (build 9200)
| Command      : upgrade_ip
| Device       : xczu17eg-ffvb1517-1-e
------------------------------------------------------------------------------------

Upgrade Log for IP 'design_2_nvme_ctrl_0_1'

1. Summary
----------

SUCCESS in the upgrade of design_2_nvme_ctrl_0_1 (crztech:user:nvme_ctrl:1.0) from (Rev. 2) to (Rev. 3)






Copyright 1986-2019 Xilinx, Inc. All Rights Reserved.
------------------------------------------------------------------------------------
| Tool Version : Vivado v.2019.1 (win64) Build 2552052 Fri May 24 14:49:42 MDT 2019
| Date         : Fri Jan 29 17:17:51 2021
| Host         : DESKTOP-KFMNFE2 running 64-bit major release  (build 9200)
| Command      : upgrade_ip
| Device       : xczu17eg-ffvb1517-1-e
------------------------------------------------------------------------------------

Upgrade Log for IP 'design_2_nvme_ctrl_0_1'

1. Summary
----------

SUCCESS in the conversion of design_2_nvme_ctrl_0_1 (crztech:user:nvme_ctrl:1.0 (Rev. 2)) to Vivado generation flows.






Copyright 1986-2019 Xilinx, Inc. All Rights Reserved.
------------------------------------------------------------------------------------
| Tool Version : Vivado v.2019.1 (win64) Build 2552052 Fri May 24 14:49:42 MDT 2019
| Date         : Fri Jan 29 17:10:25 2021
| Host         : DESKTOP-KFMNFE2 running 64-bit major release  (build 9200)
| Command      : upgrade_ip
| Device       : xczu17eg-ffvb1517-1-e
------------------------------------------------------------------------------------

Upgrade Log for IP 'design_1_nvme_ctrl_0_0'

1. Summary
----------

SUCCESS in the conversion of design_1_nvme_ctrl_0_0 (crztech:user:nvme_ctrl:1.0 (Rev. 2)) to Vivado generation flows.






Copyright 1986-2019 Xilinx, Inc. All Rights Reserved.
------------------------------------------------------------------------------------
| Tool Version : Vivado v.2019.1 (win64) Build 2552052 Fri May 24 14:49:42 MDT 2019
| Date         : Fri Jan 29 17:08:37 2021
| Host         : DESKTOP-KFMNFE2 running 64-bit major release  (build 9200)
| Command      : upgrade_ip
| Device       : xczu17eg-ffvb1517-1-e
------------------------------------------------------------------------------------

Upgrade Log for IP 'design_1_nvme_ctrl_0_0'

1. Summary
----------

SUCCESS in the conversion of design_1_nvme_ctrl_0_0 (crztech:user:nvme_ctrl:1.0 (Rev. 2)) to Vivado generation flows.

