16:04:23 **** Incremental Build of configuration Debug for project nvme ****
make all 
'Building file: ../src/nvme/nvme_admin_cmd.c'
'Invoking: ARM v8 gcc compiler'
aarch64-none-elf-gcc -Wall -O0 -g3 -c -fmessage-length=0 -MT"src/nvme/nvme_admin_cmd.o" -I../../nvme_bsp/psu_cortexa53_0/include -MMD -MP -MF"src/nvme/nvme_admin_cmd.d" -MT"src/nvme/nvme_admin_cmd.o" -o "src/nvme/nvme_admin_cmd.o" "../src/nvme/nvme_admin_cmd.c"
'Finished building: ../src/nvme/nvme_admin_cmd.c'
' '
'Building file: ../src/nvme/nvme_identify.c'
'Invoking: ARM v8 gcc compiler'
aarch64-none-elf-gcc -Wall -O0 -g3 -c -fmessage-length=0 -MT"src/nvme/nvme_identify.o" -I../../nvme_bsp/psu_cortexa53_0/include -MMD -MP -MF"src/nvme/nvme_identify.d" -MT"src/nvme/nvme_identify.o" -o "src/nvme/nvme_identify.o" "../src/nvme/nvme_identify.c"
../src/nvme/nvme_identify.c: In function 'controller_identification':
../src/nvme/nvme_identify.c:64:17: warning: cast to pointer from integer of different size [-Wint-to-pointer-cast]
  identifyCNTL = (ADMIN_IDENTIFY_CONTROLLER*)pBuffer;
                 ^
../src/nvme/nvme_identify.c: In function 'namespace_identification':
../src/nvme/nvme_identify.c:154:15: warning: cast to pointer from integer of different size [-Wint-to-pointer-cast]
  identifyNS = (ADMIN_IDENTIFY_NAMESPACE *)pBuffer;
               ^
'Finished building: ../src/nvme/nvme_identify.c'
' '
'Building file: ../src/main.c'
'Invoking: ARM v8 gcc compiler'
aarch64-none-elf-gcc -Wall -O0 -g3 -c -fmessage-length=0 -MT"src/main.o" -I../../nvme_bsp/psu_cortexa53_0/include -MMD -MP -MF"src/main.d" -MT"src/main.o" -o "src/main.o" "../src/main.c"
'Finished building: ../src/main.c'
' '
'Building target: nvme.elf'
'Invoking: ARM v8 gcc linker'
aarch64-none-elf-gcc -Wl,-T -Wl,../src/lscript.ld -L../../nvme_bsp/psu_cortexa53_0/lib -o "nvme.elf"  ./src/nvme/debug.o ./src/nvme/host_lld.o ./src/nvme/nvme_admin_cmd.o ./src/nvme/nvme_identify.o ./src/nvme/nvme_io_cmd.o ./src/nvme/nvme_main.o  ./src/main.o   -Wl,--start-group,-lxil,-lgcc,-lc,--end-group
'Finished building target: nvme.elf'
' '
'Invoking: ARM v8 Print Size'
aarch64-none-elf-size nvme.elf  |tee "nvme.elf.size"
   text	   data	    bss	    dec	    hex	filename
  52668	   5616	  21000	  79284	  135b4	nvme.elf
'Finished building: nvme.elf.size'
' '

16:04:25 Build Finished (took 2s.131ms)

