#-----------------------------------------------------------
# Webtalk v2019.1 (64-bit)
# SW Build 2552052 on Fri May 24 14:49:42 MDT 2019
# 
# Start of session at: Fri Apr  3 13:03:30 2020
# Process ID: 25448
# Current directory: C:/Users/Jeon/Desktop/OpenSSD2-8C8W-16K_19.1/openssd-hynix-16k-prj-viv19_1/OpenSSD2.sdk/webtalk
# Command line: wbtcv.exe -mode batch -source sdk_webtalk.tcl
# Log file: C:/Users/Jeon/Desktop/OpenSSD2-8C8W-16K_19.1/openssd-hynix-16k-prj-viv19_1/OpenSSD2.sdk/webtalk/webtalk.log
# Journal file: C:/Users/Jeon/Desktop/OpenSSD2-8C8W-16K_19.1/openssd-hynix-16k-prj-viv19_1/OpenSSD2.sdk/webtalk\webtalk.jou
#-----------------------------------------------------------
source sdk_webtalk.tcl
# webtalk_init -webtalk_dir C:\\Users\\Jeon\\Desktop\\OpenSSD2-8C8W-16K_19.1\\openssd-hynix-16k-prj-viv19_1\\OpenSSD2.sdk\\webtalk
# webtalk_register_client -client project
# webtalk_add_data -client project -key date_generated -value "2020-04-03 13:03:27" -context "software_version_and_target_device"
# webtalk_add_data -client project -key product_version -value "SDK v2019.1" -context "software_version_and_target_device"
# webtalk_add_data -client project -key build_version -value "2019.1" -context "software_version_and_target_device"
# webtalk_add_data -client project -key os_platform -value "amd64" -context "software_version_and_target_device"
# webtalk_add_data -client project -key registration_id -value "174134975_174134976_210701760_264" -context "software_version_and_target_device"
# webtalk_add_data -client project -key tool_flow -value "SDK" -context "software_version_and_target_device"
# webtalk_add_data -client project -key beta -value "false" -context "software_version_and_target_device"
# webtalk_add_data -client project -key route_design -value "NA" -context "software_version_and_target_device"
# webtalk_add_data -client project -key target_family -value "NA" -context "software_version_and_target_device"
# webtalk_add_data -client project -key target_device -value "NA" -context "software_version_and_target_device"
# webtalk_add_data -client project -key target_package -value "NA" -context "software_version_and_target_device"
# webtalk_add_data -client project -key target_speed -value "NA" -context "software_version_and_target_device"
# webtalk_add_data -client project -key random_id -value "7ceqop1kl1v31je33vqu22tneb" -context "software_version_and_target_device"
# webtalk_add_data -client project -key project_id -value "2019.1_13" -context "software_version_and_target_device"
# webtalk_add_data -client project -key project_iteration -value "13" -context "software_version_and_target_device"
# webtalk_add_data -client project -key os_name -value "Microsoft Windows 8 or later , 64-bit" -context "user_environment"
# webtalk_add_data -client project -key os_release -value "major release  (build 9200)" -context "user_environment"
# webtalk_add_data -client project -key cpu_name -value "Intel(R) Core(TM) i5-4670 CPU @ 3.40GHz" -context "user_environment"
# webtalk_add_data -client project -key cpu_speed -value "3392 MHz" -context "user_environment"
# webtalk_add_data -client project -key total_processors -value "1" -context "user_environment"
# webtalk_add_data -client project -key system_ram -value "17.047 GB" -context "user_environment"
# webtalk_register_client -client sdk
# webtalk_add_data -client sdk -key uid -value "1585883249016" -context "sdk\\\\hardware/1585883249016"
# webtalk_add_data -client sdk -key isZynq -value "true" -context "sdk\\\\hardware/1585883249016"
# webtalk_add_data -client sdk -key isZynqMP -value "false" -context "sdk\\\\hardware/1585883249016"
# webtalk_add_data -client sdk -key Processors -value "2" -context "sdk\\\\hardware/1585883249016"
# webtalk_add_data -client sdk -key VivadoVersion -value "2019.1" -context "sdk\\\\hardware/1585883249016"
# webtalk_add_data -client sdk -key Arch -value "zynq" -context "sdk\\\\hardware/1585883249016"
# webtalk_add_data -client sdk -key Device -value "7z045" -context "sdk\\\\hardware/1585883249016"
# webtalk_add_data -client sdk -key IsHandoff -value "true" -context "sdk\\\\hardware/1585883249016"
# webtalk_add_data -client sdk -key os -value "NA" -context "sdk\\\\hardware/1585883249016"
# webtalk_add_data -client sdk -key apptemplate -value "NA" -context "sdk\\\\hardware/1585883249016"
# webtalk_add_data -client sdk -key RecordType -value "HWCreation" -context "sdk\\\\hardware/1585883249016"
# webtalk_add_data -client sdk -key uid -value "NA" -context "sdk\\\\bsp/1585886607973"
# webtalk_add_data -client sdk -key RecordType -value "ToolUsage" -context "sdk\\\\bsp/1585886607973"
# webtalk_add_data -client sdk -key BootgenCount -value "0" -context "sdk\\\\bsp/1585886607973"
# webtalk_add_data -client sdk -key DebugCount -value "0" -context "sdk\\\\bsp/1585886607973"
# webtalk_add_data -client sdk -key PerfCount -value "0" -context "sdk\\\\bsp/1585886607973"
# webtalk_add_data -client sdk -key FlashCount -value "0" -context "sdk\\\\bsp/1585886607973"
# webtalk_add_data -client sdk -key CrossTriggCount -value "0" -context "sdk\\\\bsp/1585886607973"
# webtalk_add_data -client sdk -key QemuDebugCount -value "0" -context "sdk\\\\bsp/1585886607973"
# webtalk_transmit -clientid 1089403670 -regid "174134975_174134976_210701760_264" -xml C:\\Users\\Jeon\\Desktop\\OpenSSD2-8C8W-16K_19.1\\openssd-hynix-16k-prj-viv19_1\\OpenSSD2.sdk\\webtalk\\usage_statistics_ext_sdk.xml -html C:\\Users\\Jeon\\Desktop\\OpenSSD2-8C8W-16K_19.1\\openssd-hynix-16k-prj-viv19_1\\OpenSSD2.sdk\\webtalk\\usage_statistics_ext_sdk.html -wdm C:\\Users\\Jeon\\Desktop\\OpenSSD2-8C8W-16K_19.1\\openssd-hynix-16k-prj-viv19_1\\OpenSSD2.sdk\\webtalk\\sdk_webtalk.wdm -intro "<H3>SDK Usage Report</H3><BR>"
# webtalk_terminate
INFO: [Common 17-206] Exiting Webtalk at Fri Apr  3 13:03:30 2020...
