21:50:34 INFO  : Launching XSCT server: xsct.bat -interactive C:\project\DaisyPlus\NVMe\512bit\DaisyPlus_NVMe_19.1_512b_20230102_LPDDR4\OpenSSD\OpenSSD.sdk\temp_xsdb_launch_script.tcl
21:50:37 INFO  : XSCT server has started successfully.
21:50:45 INFO  : Successfully done setting XSCT server connection channel  
21:50:45 INFO  : Successfully done setting SDK workspace  
21:50:50 INFO  : Registering command handlers for SDK TCF services
21:50:51 INFO  : Processing command line option -hwspec C:/project/DaisyPlus/NVMe/512bit/DaisyPlus_NVMe_19.1_512b_20230102_LPDDR4/OpenSSD/OpenSSD.sdk/design_1_wrapper.hdf.
21:53:09 INFO  : Registering command handlers for SDK TCF services
21:53:09 INFO  : Launching XSCT server: xsct.bat -interactive C:\project\DaisyPlus\NVMe\512bit\DaisyPlus_NVMe_19.1_512b_20230102_LPDDR4\OpenSSD\OpenSSD.sdk\temp_xsdb_launch_script.tcl
21:53:12 INFO  : XSCT server has started successfully.
21:53:13 INFO  : Successfully done setting XSCT server connection channel  
21:53:13 INFO  : Successfully done setting SDK workspace  
21:53:13 INFO  : Processing command line option -hwspec C:/project/DaisyPlus/NVMe/512bit/DaisyPlus_NVMe_19.1_512b_20230102_LPDDR4/OpenSSD/OpenSSD.sdk/design_1_wrapper.hdf.
22:06:28 INFO  : Launching XSCT server: xsct.bat -interactive D:\sources\DaisyPlus\NVMe\512bit\tmp\DaisyPlus_NVMe_19.1_512b_20230102_LPDDR4\OpenSSD\OpenSSD.sdk\temp_xsdb_launch_script.tcl
22:06:33 INFO  : XSCT server has started successfully.
22:06:33 INFO  : Successfully done setting XSCT server connection channel  
22:06:45 INFO  : Successfully done setting SDK workspace  
22:06:57 INFO  : Registering command handlers for SDK TCF services
22:06:58 INFO  : Processing command line option -hwspec D:/sources/DaisyPlus/NVMe/512bit/tmp/DaisyPlus_NVMe_19.1_512b_20230102_LPDDR4/OpenSSD/OpenSSD.sdk/design_1_wrapper.hdf.
22:08:15 INFO  : Registering command handlers for SDK TCF services
22:08:15 INFO  : Launching XSCT server: xsct.bat -interactive D:\sources\DaisyPlus\NVMe\512bit\tmp\DaisyPlus_NVMe_19.1_512b_20230102_LPDDR4\OpenSSD\OpenSSD.sdk\temp_xsdb_launch_script.tcl
22:08:20 INFO  : XSCT server has started successfully.
22:08:20 INFO  : Successfully done setting XSCT server connection channel  
22:08:20 INFO  : Successfully done setting SDK workspace  
22:08:20 INFO  : Processing command line option -hwspec D:/sources/DaisyPlus/NVMe/512bit/tmp/DaisyPlus_NVMe_19.1_512b_20230102_LPDDR4/OpenSSD/OpenSSD.sdk/design_1_wrapper.hdf.
