Copyright 1986-2019 Xilinx, Inc. All Rights Reserved.
------------------------------------------------------------------------------------
| Tool Version : Vivado v.2019.1 (win64) Build 2552052 Fri May 24 14:49:42 MDT 2019
| Date         : Thu Sep 29 14:28:04 2022
| Host         : DESKTOP-JP2R5GF running 64-bit major release  (build 9200)
| Command      : upgrade_ip
| Device       : xczu17eg-ffvc1760-2-e
------------------------------------------------------------------------------------

Upgrade Log for IP 'sys_top_v2nfc_2_0'

1. Summary
----------

SUCCESS in the conversion of sys_top_v2nfc_2_0 (enclab:user:v2nfc:1.4.3 (Rev. 1)) to Vivado generation flows.






Copyright 1986-2019 Xilinx, Inc. All Rights Reserved.
------------------------------------------------------------------------------------
| Tool Version : Vivado v.2019.1 (win64) Build 2552052 Fri May 24 14:49:42 MDT 2019
| Date         : Thu Sep 29 14:28:04 2022
| Host         : DESKTOP-JP2R5GF running 64-bit major release  (build 9200)
| Command      : upgrade_ip
| Device       : xczu17eg-ffvc1760-2-e
------------------------------------------------------------------------------------

Upgrade Log for IP 'sys_top_v2nfc_0_2'

1. Summary
----------

SUCCESS in the conversion of sys_top_v2nfc_0_2 (enclab:user:v2nfc:1.4.3 (Rev. 1)) to Vivado generation flows.






Copyright 1986-2019 Xilinx, Inc. All Rights Reserved.
------------------------------------------------------------------------------------
| Tool Version : Vivado v.2019.1 (win64) Build 2552052 Fri May 24 14:49:42 MDT 2019
| Date         : Thu Sep 29 14:28:04 2022
| Host         : DESKTOP-JP2R5GF running 64-bit major release  (build 9200)
| Command      : upgrade_ip
| Device       : xczu17eg-ffvc1760-2-e
------------------------------------------------------------------------------------

Upgrade Log for IP 'sys_top_v2nfc_0_1'

1. Summary
----------

SUCCESS in the conversion of sys_top_v2nfc_0_1 (enclab:user:v2nfc:1.4.3 (Rev. 1)) to Vivado generation flows.






Copyright 1986-2019 Xilinx, Inc. All Rights Reserved.
------------------------------------------------------------------------------------
| Tool Version : Vivado v.2019.1 (win64) Build 2552052 Fri May 24 14:49:42 MDT 2019
| Date         : Thu Sep 29 14:28:04 2022
| Host         : DESKTOP-JP2R5GF running 64-bit major release  (build 9200)
| Command      : upgrade_ip
| Device       : xczu17eg-ffvc1760-2-e
------------------------------------------------------------------------------------

Upgrade Log for IP 'sys_top_v2nfc_0_0'

1. Summary
----------

SUCCESS in the conversion of sys_top_v2nfc_0_0 (enclab:user:v2nfc:1.4.3 (Rev. 1)) to Vivado generation flows.






Copyright 1986-2019 Xilinx, Inc. All Rights Reserved.
------------------------------------------------------------------------------------
| Tool Version : Vivado v.2019.1 (win64) Build 2552052 Fri May 24 14:49:42 MDT 2019
| Date         : Thu Sep 29 10:55:56 2022
| Host         : DESKTOP-JP2R5GF running 64-bit major release  (build 9200)
| Command      : upgrade_ip
| Device       : xczu17eg-ffvc1760-2-e
------------------------------------------------------------------------------------

Upgrade Log for IP 'sys_top_v2nfc_2_0'

1. Summary
----------

SUCCESS in the conversion of sys_top_v2nfc_2_0 (enclab:user:v2nfc:1.4.3 (Rev. 1)) to Vivado generation flows.






Copyright 1986-2019 Xilinx, Inc. All Rights Reserved.
------------------------------------------------------------------------------------
| Tool Version : Vivado v.2019.1 (win64) Build 2552052 Fri May 24 14:49:42 MDT 2019
| Date         : Thu Sep 29 10:55:56 2022
| Host         : DESKTOP-JP2R5GF running 64-bit major release  (build 9200)
| Command      : upgrade_ip
| Device       : xczu17eg-ffvc1760-2-e
------------------------------------------------------------------------------------

Upgrade Log for IP 'sys_top_v2nfc_0_2'

1. Summary
----------

SUCCESS in the conversion of sys_top_v2nfc_0_2 (enclab:user:v2nfc:1.4.3 (Rev. 1)) to Vivado generation flows.






Copyright 1986-2019 Xilinx, Inc. All Rights Reserved.
------------------------------------------------------------------------------------
| Tool Version : Vivado v.2019.1 (win64) Build 2552052 Fri May 24 14:49:42 MDT 2019
| Date         : Thu Sep 29 10:55:56 2022
| Host         : DESKTOP-JP2R5GF running 64-bit major release  (build 9200)
| Command      : upgrade_ip
| Device       : xczu17eg-ffvc1760-2-e
------------------------------------------------------------------------------------

Upgrade Log for IP 'sys_top_v2nfc_0_1'

1. Summary
----------

SUCCESS in the conversion of sys_top_v2nfc_0_1 (enclab:user:v2nfc:1.4.3 (Rev. 1)) to Vivado generation flows.






Copyright 1986-2019 Xilinx, Inc. All Rights Reserved.
------------------------------------------------------------------------------------
| Tool Version : Vivado v.2019.1 (win64) Build 2552052 Fri May 24 14:49:42 MDT 2019
| Date         : Thu Sep 29 10:55:56 2022
| Host         : DESKTOP-JP2R5GF running 64-bit major release  (build 9200)
| Command      : upgrade_ip
| Device       : xczu17eg-ffvc1760-2-e
------------------------------------------------------------------------------------

Upgrade Log for IP 'sys_top_v2nfc_0_0'

1. Summary
----------

SUCCESS in the conversion of sys_top_v2nfc_0_0 (enclab:user:v2nfc:1.4.3 (Rev. 1)) to Vivado generation flows.

