#-----------------------------------------------------------
# Webtalk v2019.1 (64-bit)
# SW Build 2552052 on Fri May 24 14:49:42 MDT 2019
# 
# Start of session at: Sat Sep 17 13:53:20 2022
# Process ID: 27908
# Current directory: C:/Work/c4_crz/daisyplus_openssd_toshiba_4c8w_20220425.xpr/cosm-plus-sys/cosm-plus-sys.sdk/webtalk
# Command line: wbtcv.exe -mode batch -source sdk_webtalk.tcl
# Log file: C:/Work/c4_crz/daisyplus_openssd_toshiba_4c8w_20220425.xpr/cosm-plus-sys/cosm-plus-sys.sdk/webtalk/webtalk.log
# Journal file: C:/Work/c4_crz/daisyplus_openssd_toshiba_4c8w_20220425.xpr/cosm-plus-sys/cosm-plus-sys.sdk/webtalk\webtalk.jou
#-----------------------------------------------------------
source sdk_webtalk.tcl
# webtalk_init -webtalk_dir C:\\Work\\c4_crz\\daisyplus_openssd_toshiba_4c8w_20220425.xpr\\cosm-plus-sys\\cosm-plus-sys.sdk\\webtalk
# webtalk_register_client -client project
# webtalk_add_data -client project -key date_generated -value "2022-09-17 13:53:19" -context "software_version_and_target_device"
# webtalk_add_data -client project -key product_version -value "SDK v2019.1" -context "software_version_and_target_device"
# webtalk_add_data -client project -key build_version -value "2019.1" -context "software_version_and_target_device"
# webtalk_add_data -client project -key os_platform -value "amd64" -context "software_version_and_target_device"
# webtalk_add_data -client project -key registration_id -value "" -context "software_version_and_target_device"
# webtalk_add_data -client project -key tool_flow -value "SDK" -context "software_version_and_target_device"
# webtalk_add_data -client project -key beta -value "false" -context "software_version_and_target_device"
# webtalk_add_data -client project -key route_design -value "NA" -context "software_version_and_target_device"
# webtalk_add_data -client project -key target_family -value "NA" -context "software_version_and_target_device"
# webtalk_add_data -client project -key target_device -value "NA" -context "software_version_and_target_device"
# webtalk_add_data -client project -key target_package -value "NA" -context "software_version_and_target_device"
# webtalk_add_data -client project -key target_speed -value "NA" -context "software_version_and_target_device"
# webtalk_add_data -client project -key random_id -value "b7egkqjgg5oeebbemj8sh6klf3" -context "software_version_and_target_device"
# webtalk_add_data -client project -key project_id -value "2019.1_10" -context "software_version_and_target_device"
# webtalk_add_data -client project -key project_iteration -value "10" -context "software_version_and_target_device"
# webtalk_add_data -client project -key os_name -value "Microsoft Windows 8 or later , 64-bit" -context "user_environment"
# webtalk_add_data -client project -key os_release -value "major release  (build 9200)" -context "user_environment"
# webtalk_add_data -client project -key cpu_name -value "AMD Ryzen 5 3600 6-Core Processor              " -context "user_environment"
# webtalk_add_data -client project -key cpu_speed -value "3593 MHz" -context "user_environment"
# webtalk_add_data -client project -key total_processors -value "2" -context "user_environment"
# webtalk_add_data -client project -key system_ram -value "34.306 GB" -context "user_environment"
# webtalk_register_client -client sdk
# webtalk_add_data -client sdk -key uid -value "1663220516085" -context "sdk\\\\hardware/1663220516085"
# webtalk_add_data -client sdk -key isZynq -value "false" -context "sdk\\\\hardware/1663220516085"
# webtalk_add_data -client sdk -key isZynqMP -value "true" -context "sdk\\\\hardware/1663220516085"
# webtalk_add_data -client sdk -key Processors -value "7" -context "sdk\\\\hardware/1663220516085"
# webtalk_add_data -client sdk -key VivadoVersion -value "2019.1" -context "sdk\\\\hardware/1663220516085"
# webtalk_add_data -client sdk -key Arch -value "zynquplus" -context "sdk\\\\hardware/1663220516085"
# webtalk_add_data -client sdk -key Device -value "xczu17eg" -context "sdk\\\\hardware/1663220516085"
# webtalk_add_data -client sdk -key IsHandoff -value "true" -context "sdk\\\\hardware/1663220516085"
# webtalk_add_data -client sdk -key os -value "NA" -context "sdk\\\\hardware/1663220516085"
# webtalk_add_data -client sdk -key apptemplate -value "NA" -context "sdk\\\\hardware/1663220516085"
# webtalk_add_data -client sdk -key RecordType -value "HWCreation" -context "sdk\\\\hardware/1663220516085"
# webtalk_add_data -client sdk -key uid -value "1663220538362" -context "sdk\\\\bsp/1663220538362"
# webtalk_add_data -client sdk -key hwid -value "1663220516085" -context "sdk\\\\bsp/1663220538362"
# webtalk_add_data -client sdk -key os -value "standalone" -context "sdk\\\\bsp/1663220538362"
# webtalk_add_data -client sdk -key apptemplate -value "empty_application" -context "sdk\\\\bsp/1663220538362"
# webtalk_add_data -client sdk -key RecordType -value "BSPCreation" -context "sdk\\\\bsp/1663220538362"
# webtalk_add_data -client sdk -key uid -value "1663220540717" -context "sdk\\\\application/1663220540717"
# webtalk_add_data -client sdk -key hwid -value "1663220516085" -context "sdk\\\\application/1663220540717"
# webtalk_add_data -client sdk -key bspid -value "1663220538362" -context "sdk\\\\application/1663220540717"
# webtalk_add_data -client sdk -key newbsp -value "true" -context "sdk\\\\application/1663220540717"
# webtalk_add_data -client sdk -key os -value "standalone" -context "sdk\\\\application/1663220540717"
# webtalk_add_data -client sdk -key apptemplate -value "empty_application" -context "sdk\\\\application/1663220540717"
# webtalk_add_data -client sdk -key RecordType -value "APPCreation" -context "sdk\\\\application/1663220540717"
# webtalk_add_data -client sdk -key LangUsed -value "C" -context "sdk\\\\application/1663220540717"
# webtalk_add_data -client sdk -key Procused -value "psu_cortexa53" -context "sdk\\\\application/1663220540717"
# webtalk_add_data -client sdk -key projSize -value "702.4375" -context "sdk\\\\application/1663220540717"
# webtalk_add_data -client sdk -key uid -value "NA" -context "sdk\\\\bsp/1663390399007"
# webtalk_add_data -client sdk -key RecordType -value "ToolUsage" -context "sdk\\\\bsp/1663390399007"
# webtalk_add_data -client sdk -key BootgenCount -value "0" -context "sdk\\\\bsp/1663390399007"
# webtalk_add_data -client sdk -key DebugCount -value "3" -context "sdk\\\\bsp/1663390399007"
# webtalk_add_data -client sdk -key PerfCount -value "0" -context "sdk\\\\bsp/1663390399007"
# webtalk_add_data -client sdk -key FlashCount -value "0" -context "sdk\\\\bsp/1663390399007"
# webtalk_add_data -client sdk -key CrossTriggCount -value "0" -context "sdk\\\\bsp/1663390399007"
# webtalk_add_data -client sdk -key QemuDebugCount -value "0" -context "sdk\\\\bsp/1663390399007"
# webtalk_transmit -clientid 2742513337 -regid "" -xml C:\\Work\\c4_crz\\daisyplus_openssd_toshiba_4c8w_20220425.xpr\\cosm-plus-sys\\cosm-plus-sys.sdk\\webtalk\\usage_statistics_ext_sdk.xml -html C:\\Work\\c4_crz\\daisyplus_openssd_toshiba_4c8w_20220425.xpr\\cosm-plus-sys\\cosm-plus-sys.sdk\\webtalk\\usage_statistics_ext_sdk.html -wdm C:\\Work\\c4_crz\\daisyplus_openssd_toshiba_4c8w_20220425.xpr\\cosm-plus-sys\\cosm-plus-sys.sdk\\webtalk\\sdk_webtalk.wdm -intro "<H3>SDK Usage Report</H3><BR>"
# webtalk_terminate
INFO: [Common 17-206] Exiting Webtalk at Sat Sep 17 13:55:26 2022...
