#-----------------------------------------------------------
# Webtalk v2019.1 (64-bit)
# SW Build 2552052 on Fri May 24 14:49:42 MDT 2019
# 
# Start of session at: Tue Nov  2 15:05:42 2021
# Process ID: 3052
# Current directory: D:/sources/CosmosPlus_OCSSD-8C8W-16K_19.1_20211101/openssd-hynix-16k-prj-viv19_1/OpenSSD2.sdk/webtalk
# Command line: wbtcv.exe -mode batch -source sdk_webtalk.tcl
# Log file: D:/sources/CosmosPlus_OCSSD-8C8W-16K_19.1_20211101/openssd-hynix-16k-prj-viv19_1/OpenSSD2.sdk/webtalk/webtalk.log
# Journal file: D:/sources/CosmosPlus_OCSSD-8C8W-16K_19.1_20211101/openssd-hynix-16k-prj-viv19_1/OpenSSD2.sdk/webtalk\webtalk.jou
#-----------------------------------------------------------
source sdk_webtalk.tcl
# webtalk_init -webtalk_dir D:\\sources\\CosmosPlus_OCSSD-8C8W-16K_19.1_20211101\\openssd-hynix-16k-prj-viv19_1\\OpenSSD2.sdk\\webtalk
# webtalk_register_client -client project
# webtalk_add_data -client project -key date_generated -value "2021-11-02 15:05:39" -context "software_version_and_target_device"
# webtalk_add_data -client project -key product_version -value "SDK v2019.1" -context "software_version_and_target_device"
# webtalk_add_data -client project -key build_version -value "2019.1" -context "software_version_and_target_device"
# webtalk_add_data -client project -key os_platform -value "amd64" -context "software_version_and_target_device"
# webtalk_add_data -client project -key registration_id -value "" -context "software_version_and_target_device"
# webtalk_add_data -client project -key tool_flow -value "SDK" -context "software_version_and_target_device"
# webtalk_add_data -client project -key beta -value "false" -context "software_version_and_target_device"
# webtalk_add_data -client project -key route_design -value "NA" -context "software_version_and_target_device"
# webtalk_add_data -client project -key target_family -value "NA" -context "software_version_and_target_device"
# webtalk_add_data -client project -key target_device -value "NA" -context "software_version_and_target_device"
# webtalk_add_data -client project -key target_package -value "NA" -context "software_version_and_target_device"
# webtalk_add_data -client project -key target_speed -value "NA" -context "software_version_and_target_device"
# webtalk_add_data -client project -key random_id -value "g7gl8jon3610frbmjocuh3frpa" -context "software_version_and_target_device"
# webtalk_add_data -client project -key project_id -value "2019.1_36" -context "software_version_and_target_device"
# webtalk_add_data -client project -key project_iteration -value "36" -context "software_version_and_target_device"
# webtalk_add_data -client project -key os_name -value "Microsoft Windows 8 or later , 64-bit" -context "user_environment"
# webtalk_add_data -client project -key os_release -value "major release  (build 9200)" -context "user_environment"
# webtalk_add_data -client project -key cpu_name -value "Intel(R) Core(TM) i7-6700 CPU @ 3.40GHz" -context "user_environment"
# webtalk_add_data -client project -key cpu_speed -value "3408 MHz" -context "user_environment"
# webtalk_add_data -client project -key total_processors -value "1" -context "user_environment"
# webtalk_add_data -client project -key system_ram -value "17.058 GB" -context "user_environment"
# webtalk_register_client -client sdk
# webtalk_add_data -client sdk -key uid -value "1635830317995" -context "sdk\\\\hardware/1635830317995"
# webtalk_add_data -client sdk -key isZynq -value "true" -context "sdk\\\\hardware/1635830317995"
# webtalk_add_data -client sdk -key isZynqMP -value "false" -context "sdk\\\\hardware/1635830317995"
# webtalk_add_data -client sdk -key Processors -value "2" -context "sdk\\\\hardware/1635830317995"
# webtalk_add_data -client sdk -key VivadoVersion -value "2019.1" -context "sdk\\\\hardware/1635830317995"
# webtalk_add_data -client sdk -key Arch -value "zynq" -context "sdk\\\\hardware/1635830317995"
# webtalk_add_data -client sdk -key Device -value "7z045" -context "sdk\\\\hardware/1635830317995"
# webtalk_add_data -client sdk -key IsHandoff -value "true" -context "sdk\\\\hardware/1635830317995"
# webtalk_add_data -client sdk -key os -value "NA" -context "sdk\\\\hardware/1635830317995"
# webtalk_add_data -client sdk -key apptemplate -value "NA" -context "sdk\\\\hardware/1635830317995"
# webtalk_add_data -client sdk -key RecordType -value "HWCreation" -context "sdk\\\\hardware/1635830317995"
# webtalk_add_data -client sdk -key uid -value "1635830336024" -context "sdk\\\\hardware/1635830336024"
# webtalk_add_data -client sdk -key isZynq -value "true" -context "sdk\\\\hardware/1635830336024"
# webtalk_add_data -client sdk -key isZynqMP -value "false" -context "sdk\\\\hardware/1635830336024"
# webtalk_add_data -client sdk -key Processors -value "2" -context "sdk\\\\hardware/1635830336024"
# webtalk_add_data -client sdk -key VivadoVersion -value "2019.1" -context "sdk\\\\hardware/1635830336024"
# webtalk_add_data -client sdk -key Arch -value "zynq" -context "sdk\\\\hardware/1635830336024"
# webtalk_add_data -client sdk -key Device -value "7z020" -context "sdk\\\\hardware/1635830336024"
# webtalk_add_data -client sdk -key IsHandoff -value "true" -context "sdk\\\\hardware/1635830336024"
# webtalk_add_data -client sdk -key os -value "NA" -context "sdk\\\\hardware/1635830336024"
# webtalk_add_data -client sdk -key apptemplate -value "NA" -context "sdk\\\\hardware/1635830336024"
# webtalk_add_data -client sdk -key RecordType -value "HWCreation" -context "sdk\\\\hardware/1635830336024"
# webtalk_add_data -client sdk -key uid -value "1635830336271" -context "sdk\\\\bsp/1635830336271"
# webtalk_add_data -client sdk -key hwid -value "1635830336024" -context "sdk\\\\bsp/1635830336271"
# webtalk_add_data -client sdk -key os -value "standalone" -context "sdk\\\\bsp/1635830336271"
# webtalk_add_data -client sdk -key apptemplate -value "empty_application" -context "sdk\\\\bsp/1635830336271"
# webtalk_add_data -client sdk -key RecordType -value "BSPCreation" -context "sdk\\\\bsp/1635830336271"
# webtalk_add_data -client sdk -key uid -value "1635830342005" -context "sdk\\\\application/1635830342005"
# webtalk_add_data -client sdk -key hwid -value "1635830336024" -context "sdk\\\\application/1635830342005"
# webtalk_add_data -client sdk -key bspid -value "1635830336271" -context "sdk\\\\application/1635830342005"
# webtalk_add_data -client sdk -key newbsp -value "true" -context "sdk\\\\application/1635830342005"
# webtalk_add_data -client sdk -key os -value "standalone" -context "sdk\\\\application/1635830342005"
# webtalk_add_data -client sdk -key apptemplate -value "empty_application" -context "sdk\\\\application/1635830342005"
# webtalk_add_data -client sdk -key RecordType -value "APPCreation" -context "sdk\\\\application/1635830342005"
# webtalk_add_data -client sdk -key LangUsed -value "C" -context "sdk\\\\application/1635830342005"
# webtalk_add_data -client sdk -key Procused -value "ps7_cortexa9" -context "sdk\\\\application/1635830342005"
# webtalk_add_data -client sdk -key uid -value "NA" -context "sdk\\\\bsp/1635833139587"
# webtalk_add_data -client sdk -key RecordType -value "ToolUsage" -context "sdk\\\\bsp/1635833139587"
# webtalk_add_data -client sdk -key BootgenCount -value "0" -context "sdk\\\\bsp/1635833139587"
# webtalk_add_data -client sdk -key DebugCount -value "0" -context "sdk\\\\bsp/1635833139587"
# webtalk_add_data -client sdk -key PerfCount -value "0" -context "sdk\\\\bsp/1635833139587"
# webtalk_add_data -client sdk -key FlashCount -value "0" -context "sdk\\\\bsp/1635833139587"
# webtalk_add_data -client sdk -key CrossTriggCount -value "0" -context "sdk\\\\bsp/1635833139587"
# webtalk_add_data -client sdk -key QemuDebugCount -value "0" -context "sdk\\\\bsp/1635833139587"
# webtalk_transmit -clientid 1030807009 -regid "" -xml D:\\sources\\CosmosPlus_OCSSD-8C8W-16K_19.1_20211101\\openssd-hynix-16k-prj-viv19_1\\OpenSSD2.sdk\\webtalk\\usage_statistics_ext_sdk.xml -html D:\\sources\\CosmosPlus_OCSSD-8C8W-16K_19.1_20211101\\openssd-hynix-16k-prj-viv19_1\\OpenSSD2.sdk\\webtalk\\usage_statistics_ext_sdk.html -wdm D:\\sources\\CosmosPlus_OCSSD-8C8W-16K_19.1_20211101\\openssd-hynix-16k-prj-viv19_1\\OpenSSD2.sdk\\webtalk\\sdk_webtalk.wdm -intro "<H3>SDK Usage Report</H3><BR>"
INFO: [Common 17-186] 'D:\sources\CosmosPlus_OCSSD-8C8W-16K_19.1_20211101\openssd-hynix-16k-prj-viv19_1\OpenSSD2.sdk\webtalk\usage_statistics_ext_sdk.xml' has been successfully sent to Xilinx on Tue Nov  2 15:05:46 2021. For additional details about this file, please refer to the WebTalk help file at C:/Xilinx/SDK/2019.1/doc/webtalk_introduction.html.
# webtalk_terminate
INFO: [Common 17-206] Exiting Webtalk at Tue Nov  2 15:05:46 2021...
