#-----------------------------------------------------------
# Webtalk v2019.1 (64-bit)
# SW Build 2552052 on Fri May 24 14:49:42 MDT 2019
# 
# Start of session at: Thu Nov 28 11:01:20 2019
# Process ID: 22952
# Current directory: C:/Xilinx/Daisy/PCIe_RP4/NVMe_M2/2019.1/M_2_20191127_NORMAL_PERST/ps.sdk/webtalk
# Command line: wbtcv.exe -mode batch -source sdk_webtalk.tcl
# Log file: C:/Xilinx/Daisy/PCIe_RP4/NVMe_M2/2019.1/M_2_20191127_NORMAL_PERST/ps.sdk/webtalk/webtalk.log
# Journal file: C:/Xilinx/Daisy/PCIe_RP4/NVMe_M2/2019.1/M_2_20191127_NORMAL_PERST/ps.sdk/webtalk\webtalk.jou
#-----------------------------------------------------------
source sdk_webtalk.tcl
# webtalk_init -webtalk_dir C:\\Xilinx\\Daisy\\PCIe_RP4\\NVMe_M2\\2019.1\\M_2_20191127_NORMAL_PERST\\ps.sdk\\webtalk
# webtalk_register_client -client project
# webtalk_add_data -client project -key date_generated -value "2019-11-28 11:01:19" -context "software_version_and_target_device"
# webtalk_add_data -client project -key product_version -value "SDK v2019.1" -context "software_version_and_target_device"
# webtalk_add_data -client project -key build_version -value "2019.1" -context "software_version_and_target_device"
# webtalk_add_data -client project -key os_platform -value "amd64" -context "software_version_and_target_device"
# webtalk_add_data -client project -key registration_id -value "" -context "software_version_and_target_device"
# webtalk_add_data -client project -key tool_flow -value "SDK" -context "software_version_and_target_device"
# webtalk_add_data -client project -key beta -value "false" -context "software_version_and_target_device"
# webtalk_add_data -client project -key route_design -value "NA" -context "software_version_and_target_device"
# webtalk_add_data -client project -key target_family -value "NA" -context "software_version_and_target_device"
# webtalk_add_data -client project -key target_device -value "NA" -context "software_version_and_target_device"
# webtalk_add_data -client project -key target_package -value "NA" -context "software_version_and_target_device"
# webtalk_add_data -client project -key target_speed -value "NA" -context "software_version_and_target_device"
# webtalk_add_data -client project -key random_id -value "og3fsojnke3e9o6k8dkkor8pmt" -context "software_version_and_target_device"
# webtalk_add_data -client project -key project_id -value "2019.1_5" -context "software_version_and_target_device"
# webtalk_add_data -client project -key project_iteration -value "5" -context "software_version_and_target_device"
# webtalk_add_data -client project -key os_name -value "Microsoft Windows 8 or later , 64-bit" -context "user_environment"
# webtalk_add_data -client project -key os_release -value "major release  (build 9200)" -context "user_environment"
# webtalk_add_data -client project -key cpu_name -value "Intel(R) Core(TM) i7-7700 CPU @ 3.60GHz" -context "user_environment"
# webtalk_add_data -client project -key cpu_speed -value "3600 MHz" -context "user_environment"
# webtalk_add_data -client project -key total_processors -value "1" -context "user_environment"
# webtalk_add_data -client project -key system_ram -value "34.250 GB" -context "user_environment"
# webtalk_register_client -client sdk
# webtalk_add_data -client sdk -key uid -value "1574906168531" -context "sdk\\\\hardware/1574906168531"
# webtalk_add_data -client sdk -key isZynq -value "false" -context "sdk\\\\hardware/1574906168531"
# webtalk_add_data -client sdk -key isZynqMP -value "true" -context "sdk\\\\hardware/1574906168531"
# webtalk_add_data -client sdk -key Processors -value "7" -context "sdk\\\\hardware/1574906168531"
# webtalk_add_data -client sdk -key VivadoVersion -value "2019.1" -context "sdk\\\\hardware/1574906168531"
# webtalk_add_data -client sdk -key Arch -value "zynquplus" -context "sdk\\\\hardware/1574906168531"
# webtalk_add_data -client sdk -key Device -value "xczu17eg" -context "sdk\\\\hardware/1574906168531"
# webtalk_add_data -client sdk -key IsHandoff -value "true" -context "sdk\\\\hardware/1574906168531"
# webtalk_add_data -client sdk -key os -value "NA" -context "sdk\\\\hardware/1574906168531"
# webtalk_add_data -client sdk -key apptemplate -value "NA" -context "sdk\\\\hardware/1574906168531"
# webtalk_add_data -client sdk -key RecordType -value "HWCreation" -context "sdk\\\\hardware/1574906168531"
# webtalk_add_data -client sdk -key uid -value "NA" -context "sdk\\\\bsp/1574906479620"
# webtalk_add_data -client sdk -key RecordType -value "ToolUsage" -context "sdk\\\\bsp/1574906479620"
# webtalk_add_data -client sdk -key BootgenCount -value "0" -context "sdk\\\\bsp/1574906479620"
# webtalk_add_data -client sdk -key DebugCount -value "1" -context "sdk\\\\bsp/1574906479620"
# webtalk_add_data -client sdk -key PerfCount -value "0" -context "sdk\\\\bsp/1574906479620"
# webtalk_add_data -client sdk -key FlashCount -value "0" -context "sdk\\\\bsp/1574906479620"
# webtalk_add_data -client sdk -key CrossTriggCount -value "0" -context "sdk\\\\bsp/1574906479620"
# webtalk_add_data -client sdk -key QemuDebugCount -value "0" -context "sdk\\\\bsp/1574906479620"
# webtalk_transmit -clientid 2053434025 -regid "" -xml C:\\Xilinx\\Daisy\\PCIe_RP4\\NVMe_M2\\2019.1\\M_2_20191127_NORMAL_PERST\\ps.sdk\\webtalk\\usage_statistics_ext_sdk.xml -html C:\\Xilinx\\Daisy\\PCIe_RP4\\NVMe_M2\\2019.1\\M_2_20191127_NORMAL_PERST\\ps.sdk\\webtalk\\usage_statistics_ext_sdk.html -wdm C:\\Xilinx\\Daisy\\PCIe_RP4\\NVMe_M2\\2019.1\\M_2_20191127_NORMAL_PERST\\ps.sdk\\webtalk\\sdk_webtalk.wdm -intro "<H3>SDK Usage Report</H3><BR>"
INFO: [Common 17-186] 'C:\Xilinx\Daisy\PCIe_RP4\NVMe_M2\2019.1\M_2_20191127_NORMAL_PERST\ps.sdk\webtalk\usage_statistics_ext_sdk.xml' has been successfully sent to Xilinx on Thu Nov 28 11:01:27 2019. For additional details about this file, please refer to the WebTalk help file at C:/Xilinx/SDK/2019.1/doc/webtalk_introduction.html.
# webtalk_terminate
INFO: [Common 17-206] Exiting Webtalk at Thu Nov 28 11:01:27 2019...
