14:34:26 **** Clean-only build of configuration Debug for project run-gftl3 ****
make clean 
rm -rf  ./src/nvme/host_lld.o ./src/nvme/nvme_admin_cmd.o ./src/nvme/nvme_identify.o ./src/nvme/nvme_io_cmd.o ./src/nvme/nvme_main.o  ./src/address_translation.o ./src/data_buffer.o ./src/ftl_config.o ./src/garbage_collection.o ./src/main.o ./src/nsc_driver.o ./src/request_allocation.o ./src/request_schedule.o ./src/request_transform.o  ./src/nvme/host_lld.d ./src/nvme/nvme_admin_cmd.d ./src/nvme/nvme_identify.d ./src/nvme/nvme_io_cmd.d ./src/nvme/nvme_main.d  ./src/address_translation.d ./src/data_buffer.d ./src/ftl_config.d ./src/garbage_collection.d ./src/main.d ./src/nsc_driver.d ./src/request_allocation.d ./src/request_schedule.d ./src/request_transform.d  run-gftl3.elf.size  run-gftl3.elf
' '
14:34:26 **** Clean-only build of project run-gftl3_bsp ****
make -k clean 
make -C ps7_cortexa9_0/libsrc/bram_v4_3/src -s clean 
make -C ps7_cortexa9_0/libsrc/coresightps_dcc_v1_5/src -s clean 
make -C ps7_cortexa9_0/libsrc/cpu_cortexa9_v2_7/src -s clean 
make -C ps7_cortexa9_0/libsrc/ddrps_v1_0/src -s clean 
make -C ps7_cortexa9_0/libsrc/devcfg_v3_5/src -s clean 
make -C ps7_cortexa9_0/libsrc/dmaps_v2_4/src -s clean 
make -C ps7_cortexa9_0/libsrc/emacps_v3_9/src -s clean 
make -C ps7_cortexa9_0/libsrc/gpio_v4_4/src -s clean 
make -C ps7_cortexa9_0/libsrc/iicps_v3_9/src -s clean 
make -C ps7_cortexa9_0/libsrc/qspips_v3_6/src -s clean 
make -C ps7_cortexa9_0/libsrc/scugic_v4_0/src -s clean 
make -C ps7_cortexa9_0/libsrc/scutimer_v2_1/src -s clean 
make -C ps7_cortexa9_0/libsrc/scuwdt_v2_1/src -s clean 
make -C ps7_cortexa9_0/libsrc/sdps_v3_7/src -s clean 
make -C ps7_cortexa9_0/libsrc/standalone_v7_0/src -s clean 
make -C ps7_cortexa9_0/libsrc/uartps_v3_7/src -s clean 
make -C ps7_cortexa9_0/libsrc/xadcps_v2_3/src -s clean 
rm -f ps7_cortexa9_0/lib/libxil.a
14:34:28 **** Build of project run-gftl3_bsp ****
make -k all 
"Running Make include in ps7_cortexa9_0/libsrc/bram_v4_3/src"
make -C ps7_cortexa9_0/libsrc/bram_v4_3/src -s include  "SHELL=CMD" "COMPILER=arm-none-eabi-gcc" "ARCHIVER=arm-none-eabi-ar" "COMPILER_FLAGS=  -O2 -c" "EXTRA_COMPILER_FLAGS=-mcpu=cortex-a9 -mfpu=vfpv3 -mfloat-abi=hard -nostartfiles -g -Wall -Wextra"
"Running Make include in ps7_cortexa9_0/libsrc/coresightps_dcc_v1_5/src"
make -C ps7_cortexa9_0/libsrc/coresightps_dcc_v1_5/src -s include  "SHELL=CMD" "COMPILER=arm-none-eabi-gcc" "ARCHIVER=arm-none-eabi-ar" "COMPILER_FLAGS=  -O2 -c" "EXTRA_COMPILER_FLAGS=-mcpu=cortex-a9 -mfpu=vfpv3 -mfloat-abi=hard -nostartfiles -g -Wall -Wextra"
"Running Make include in ps7_cortexa9_0/libsrc/cpu_cortexa9_v2_7/src"
make -C ps7_cortexa9_0/libsrc/cpu_cortexa9_v2_7/src -s include  "SHELL=CMD" "COMPILER=arm-none-eabi-gcc" "ARCHIVER=arm-none-eabi-ar" "COMPILER_FLAGS=  -O2 -c" "EXTRA_COMPILER_FLAGS=-mcpu=cortex-a9 -mfpu=vfpv3 -mfloat-abi=hard -nostartfiles -g -Wall -Wextra"
"Running Make include in ps7_cortexa9_0/libsrc/ddrps_v1_0/src"
make -C ps7_cortexa9_0/libsrc/ddrps_v1_0/src -s include  "SHELL=CMD" "COMPILER=arm-none-eabi-gcc" "ARCHIVER=arm-none-eabi-ar" "COMPILER_FLAGS=  -O2 -c" "EXTRA_COMPILER_FLAGS=-mcpu=cortex-a9 -mfpu=vfpv3 -mfloat-abi=hard -nostartfiles -g -Wall -Wextra"
"Running Make include in ps7_cortexa9_0/libsrc/devcfg_v3_5/src"
make -C ps7_cortexa9_0/libsrc/devcfg_v3_5/src -s include  "SHELL=CMD" "COMPILER=arm-none-eabi-gcc" "ARCHIVER=arm-none-eabi-ar" "COMPILER_FLAGS=  -O2 -c" "EXTRA_COMPILER_FLAGS=-mcpu=cortex-a9 -mfpu=vfpv3 -mfloat-abi=hard -nostartfiles -g -Wall -Wextra"
"Running Make include in ps7_cortexa9_0/libsrc/dmaps_v2_4/src"
make -C ps7_cortexa9_0/libsrc/dmaps_v2_4/src -s include  "SHELL=CMD" "COMPILER=arm-none-eabi-gcc" "ARCHIVER=arm-none-eabi-ar" "COMPILER_FLAGS=  -O2 -c" "EXTRA_COMPILER_FLAGS=-mcpu=cortex-a9 -mfpu=vfpv3 -mfloat-abi=hard -nostartfiles -g -Wall -Wextra"
"Running Make include in ps7_cortexa9_0/libsrc/emacps_v3_9/src"
make -C ps7_cortexa9_0/libsrc/emacps_v3_9/src -s include  "SHELL=CMD" "COMPILER=arm-none-eabi-gcc" "ARCHIVER=arm-none-eabi-ar" "COMPILER_FLAGS=  -O2 -c" "EXTRA_COMPILER_FLAGS=-mcpu=cortex-a9 -mfpu=vfpv3 -mfloat-abi=hard -nostartfiles -g -Wall -Wextra"
"Running Make include in ps7_cortexa9_0/libsrc/gpio_v4_4/src"
make -C ps7_cortexa9_0/libsrc/gpio_v4_4/src -s include  "SHELL=CMD" "COMPILER=arm-none-eabi-gcc" "ARCHIVER=arm-none-eabi-ar" "COMPILER_FLAGS=  -O2 -c" "EXTRA_COMPILER_FLAGS=-mcpu=cortex-a9 -mfpu=vfpv3 -mfloat-abi=hard -nostartfiles -g -Wall -Wextra"
"Running Make include in ps7_cortexa9_0/libsrc/iicps_v3_9/src"
make -C ps7_cortexa9_0/libsrc/iicps_v3_9/src -s include  "SHELL=CMD" "COMPILER=arm-none-eabi-gcc" "ARCHIVER=arm-none-eabi-ar" "COMPILER_FLAGS=  -O2 -c" "EXTRA_COMPILER_FLAGS=-mcpu=cortex-a9 -mfpu=vfpv3 -mfloat-abi=hard -nostartfiles -g -Wall -Wextra"
"Running Make include in ps7_cortexa9_0/libsrc/qspips_v3_6/src"
make -C ps7_cortexa9_0/libsrc/qspips_v3_6/src -s include  "SHELL=CMD" "COMPILER=arm-none-eabi-gcc" "ARCHIVER=arm-none-eabi-ar" "COMPILER_FLAGS=  -O2 -c" "EXTRA_COMPILER_FLAGS=-mcpu=cortex-a9 -mfpu=vfpv3 -mfloat-abi=hard -nostartfiles -g -Wall -Wextra"
"Running Make include in ps7_cortexa9_0/libsrc/scugic_v4_0/src"
make -C ps7_cortexa9_0/libsrc/scugic_v4_0/src -s include  "SHELL=CMD" "COMPILER=arm-none-eabi-gcc" "ARCHIVER=arm-none-eabi-ar" "COMPILER_FLAGS=  -O2 -c" "EXTRA_COMPILER_FLAGS=-mcpu=cortex-a9 -mfpu=vfpv3 -mfloat-abi=hard -nostartfiles -g -Wall -Wextra"
"Running Make include in ps7_cortexa9_0/libsrc/scutimer_v2_1/src"
make -C ps7_cortexa9_0/libsrc/scutimer_v2_1/src -s include  "SHELL=CMD" "COMPILER=arm-none-eabi-gcc" "ARCHIVER=arm-none-eabi-ar" "COMPILER_FLAGS=  -O2 -c" "EXTRA_COMPILER_FLAGS=-mcpu=cortex-a9 -mfpu=vfpv3 -mfloat-abi=hard -nostartfiles -g -Wall -Wextra"
"Running Make include in ps7_cortexa9_0/libsrc/scuwdt_v2_1/src"
make -C ps7_cortexa9_0/libsrc/scuwdt_v2_1/src -s include  "SHELL=CMD" "COMPILER=arm-none-eabi-gcc" "ARCHIVER=arm-none-eabi-ar" "COMPILER_FLAGS=  -O2 -c" "EXTRA_COMPILER_FLAGS=-mcpu=cortex-a9 -mfpu=vfpv3 -mfloat-abi=hard -nostartfiles -g -Wall -Wextra"
"Running Make include in ps7_cortexa9_0/libsrc/sdps_v3_7/src"
make -C ps7_cortexa9_0/libsrc/sdps_v3_7/src -s include  "SHELL=CMD" "COMPILER=arm-none-eabi-gcc" "ARCHIVER=arm-none-eabi-ar" "COMPILER_FLAGS=  -O2 -c" "EXTRA_COMPILER_FLAGS=-mcpu=cortex-a9 -mfpu=vfpv3 -mfloat-abi=hard -nostartfiles -g -Wall -Wextra"
"Running Make include in ps7_cortexa9_0/libsrc/standalone_v7_0/src"
make -C ps7_cortexa9_0/libsrc/standalone_v7_0/src -s include  "SHELL=CMD" "COMPILER=arm-none-eabi-gcc" "ARCHIVER=arm-none-eabi-ar" "COMPILER_FLAGS=  -O2 -c" "EXTRA_COMPILER_FLAGS=-mcpu=cortex-a9 -mfpu=vfpv3 -mfloat-abi=hard -nostartfiles -g -Wall -Wextra"
"Running Make include in ps7_cortexa9_0/libsrc/uartps_v3_7/src"
make -C ps7_cortexa9_0/libsrc/uartps_v3_7/src -s include  "SHELL=CMD" "COMPILER=arm-none-eabi-gcc" "ARCHIVER=arm-none-eabi-ar" "COMPILER_FLAGS=  -O2 -c" "EXTRA_COMPILER_FLAGS=-mcpu=cortex-a9 -mfpu=vfpv3 -mfloat-abi=hard -nostartfiles -g -Wall -Wextra"
"Running Make include in ps7_cortexa9_0/libsrc/xadcps_v2_3/src"
make -C ps7_cortexa9_0/libsrc/xadcps_v2_3/src -s include  "SHELL=CMD" "COMPILER=arm-none-eabi-gcc" "ARCHIVER=arm-none-eabi-ar" "COMPILER_FLAGS=  -O2 -c" "EXTRA_COMPILER_FLAGS=-mcpu=cortex-a9 -mfpu=vfpv3 -mfloat-abi=hard -nostartfiles -g -Wall -Wextra"
"Running Make libs in ps7_cortexa9_0/libsrc/bram_v4_3/src"
make -C ps7_cortexa9_0/libsrc/bram_v4_3/src -s libs  "SHELL=CMD" "COMPILER=arm-none-eabi-gcc" "ARCHIVER=arm-none-eabi-ar" "COMPILER_FLAGS=  -O2 -c" "EXTRA_COMPILER_FLAGS=-mcpu=cortex-a9 -mfpu=vfpv3 -mfloat-abi=hard -nostartfiles -g -Wall -Wextra"
"Compiling bram"
arm-none-eabi-ar: creating ../../../lib/libxil.a
"Running Make libs in ps7_cortexa9_0/libsrc/coresightps_dcc_v1_5/src"
make -C ps7_cortexa9_0/libsrc/coresightps_dcc_v1_5/src -s libs  "SHELL=CMD" "COMPILER=arm-none-eabi-gcc" "ARCHIVER=arm-none-eabi-ar" "COMPILER_FLAGS=  -O2 -c" "EXTRA_COMPILER_FLAGS=-mcpu=cortex-a9 -mfpu=vfpv3 -mfloat-abi=hard -nostartfiles -g -Wall -Wextra"
"Compiling coresightps_dcc"
"Running Make libs in ps7_cortexa9_0/libsrc/cpu_cortexa9_v2_7/src"
make -C ps7_cortexa9_0/libsrc/cpu_cortexa9_v2_7/src -s libs  "SHELL=CMD" "COMPILER=arm-none-eabi-gcc" "ARCHIVER=arm-none-eabi-ar" "COMPILER_FLAGS=  -O2 -c" "EXTRA_COMPILER_FLAGS=-mcpu=cortex-a9 -mfpu=vfpv3 -mfloat-abi=hard -nostartfiles -g -Wall -Wextra"
"Compiling cpu_cortexa9"
"Running Make libs in ps7_cortexa9_0/libsrc/ddrps_v1_0/src"
make -C ps7_cortexa9_0/libsrc/ddrps_v1_0/src -s libs  "SHELL=CMD" "COMPILER=arm-none-eabi-gcc" "ARCHIVER=arm-none-eabi-ar" "COMPILER_FLAGS=  -O2 -c" "EXTRA_COMPILER_FLAGS=-mcpu=cortex-a9 -mfpu=vfpv3 -mfloat-abi=hard -nostartfiles -g -Wall -Wextra"
"Compiling ddrps"
"Running Make libs in ps7_cortexa9_0/libsrc/devcfg_v3_5/src"
make -C ps7_cortexa9_0/libsrc/devcfg_v3_5/src -s libs  "SHELL=CMD" "COMPILER=arm-none-eabi-gcc" "ARCHIVER=arm-none-eabi-ar" "COMPILER_FLAGS=  -O2 -c" "EXTRA_COMPILER_FLAGS=-mcpu=cortex-a9 -mfpu=vfpv3 -mfloat-abi=hard -nostartfiles -g -Wall -Wextra"
"Compiling devcfg"
"Running Make libs in ps7_cortexa9_0/libsrc/dmaps_v2_4/src"
make -C ps7_cortexa9_0/libsrc/dmaps_v2_4/src -s libs  "SHELL=CMD" "COMPILER=arm-none-eabi-gcc" "ARCHIVER=arm-none-eabi-ar" "COMPILER_FLAGS=  -O2 -c" "EXTRA_COMPILER_FLAGS=-mcpu=cortex-a9 -mfpu=vfpv3 -mfloat-abi=hard -nostartfiles -g -Wall -Wextra"
"Compiling dmaps"
"Running Make libs in ps7_cortexa9_0/libsrc/emacps_v3_9/src"
make -C ps7_cortexa9_0/libsrc/emacps_v3_9/src -s libs  "SHELL=CMD" "COMPILER=arm-none-eabi-gcc" "ARCHIVER=arm-none-eabi-ar" "COMPILER_FLAGS=  -O2 -c" "EXTRA_COMPILER_FLAGS=-mcpu=cortex-a9 -mfpu=vfpv3 -mfloat-abi=hard -nostartfiles -g -Wall -Wextra"
"Compiling emacps"
"Running Make libs in ps7_cortexa9_0/libsrc/gpio_v4_4/src"
make -C ps7_cortexa9_0/libsrc/gpio_v4_4/src -s libs  "SHELL=CMD" "COMPILER=arm-none-eabi-gcc" "ARCHIVER=arm-none-eabi-ar" "COMPILER_FLAGS=  -O2 -c" "EXTRA_COMPILER_FLAGS=-mcpu=cortex-a9 -mfpu=vfpv3 -mfloat-abi=hard -nostartfiles -g -Wall -Wextra"
"Compiling gpio"
"Running Make libs in ps7_cortexa9_0/libsrc/iicps_v3_9/src"
make -C ps7_cortexa9_0/libsrc/iicps_v3_9/src -s libs  "SHELL=CMD" "COMPILER=arm-none-eabi-gcc" "ARCHIVER=arm-none-eabi-ar" "COMPILER_FLAGS=  -O2 -c" "EXTRA_COMPILER_FLAGS=-mcpu=cortex-a9 -mfpu=vfpv3 -mfloat-abi=hard -nostartfiles -g -Wall -Wextra"
"Compiling iicps"
"Running Make libs in ps7_cortexa9_0/libsrc/qspips_v3_6/src"
make -C ps7_cortexa9_0/libsrc/qspips_v3_6/src -s libs  "SHELL=CMD" "COMPILER=arm-none-eabi-gcc" "ARCHIVER=arm-none-eabi-ar" "COMPILER_FLAGS=  -O2 -c" "EXTRA_COMPILER_FLAGS=-mcpu=cortex-a9 -mfpu=vfpv3 -mfloat-abi=hard -nostartfiles -g -Wall -Wextra"
"Compiling qspips"
"Running Make libs in ps7_cortexa9_0/libsrc/scugic_v4_0/src"
make -C ps7_cortexa9_0/libsrc/scugic_v4_0/src -s libs  "SHELL=CMD" "COMPILER=arm-none-eabi-gcc" "ARCHIVER=arm-none-eabi-ar" "COMPILER_FLAGS=  -O2 -c" "EXTRA_COMPILER_FLAGS=-mcpu=cortex-a9 -mfpu=vfpv3 -mfloat-abi=hard -nostartfiles -g -Wall -Wextra"
"Compiling scugic"
"Running Make libs in ps7_cortexa9_0/libsrc/scutimer_v2_1/src"
make -C ps7_cortexa9_0/libsrc/scutimer_v2_1/src -s libs  "SHELL=CMD" "COMPILER=arm-none-eabi-gcc" "ARCHIVER=arm-none-eabi-ar" "COMPILER_FLAGS=  -O2 -c" "EXTRA_COMPILER_FLAGS=-mcpu=cortex-a9 -mfpu=vfpv3 -mfloat-abi=hard -nostartfiles -g -Wall -Wextra"
"Compiling scutimer"
"Running Make libs in ps7_cortexa9_0/libsrc/scuwdt_v2_1/src"
make -C ps7_cortexa9_0/libsrc/scuwdt_v2_1/src -s libs  "SHELL=CMD" "COMPILER=arm-none-eabi-gcc" "ARCHIVER=arm-none-eabi-ar" "COMPILER_FLAGS=  -O2 -c" "EXTRA_COMPILER_FLAGS=-mcpu=cortex-a9 -mfpu=vfpv3 -mfloat-abi=hard -nostartfiles -g -Wall -Wextra"
"Compiling scuwdt"
"Running Make libs in ps7_cortexa9_0/libsrc/sdps_v3_7/src"
make -C ps7_cortexa9_0/libsrc/sdps_v3_7/src -s libs  "SHELL=CMD" "COMPILER=arm-none-eabi-gcc" "ARCHIVER=arm-none-eabi-ar" "COMPILER_FLAGS=  -O2 -c" "EXTRA_COMPILER_FLAGS=-mcpu=cortex-a9 -mfpu=vfpv3 -mfloat-abi=hard -nostartfiles -g -Wall -Wextra"
"Compiling sdps"
"Running Make libs in ps7_cortexa9_0/libsrc/standalone_v7_0/src"
make -C ps7_cortexa9_0/libsrc/standalone_v7_0/src -s libs  "SHELL=CMD" "COMPILER=arm-none-eabi-gcc" "ARCHIVER=arm-none-eabi-ar" "COMPILER_FLAGS=  -O2 -c" "EXTRA_COMPILER_FLAGS=-mcpu=cortex-a9 -mfpu=vfpv3 -mfloat-abi=hard -nostartfiles -g -Wall -Wextra"
"Compiling standalone"
In file included from usleep.c:56:
xtime_l.h:87:9: note: #pragma message: For the sleep routines, Global timer is being used
 #pragma message ("For the sleep routines, Global timer is being used")
         ^~~~~~~
In file included from xil_sleeptimer.c:51:
xtime_l.h:87:9: note: #pragma message: For the sleep routines, Global timer is being used
 #pragma message ("For the sleep routines, Global timer is being used")
         ^~~~~~~
In file included from xtime_l.c:49:
xtime_l.h:87:9: note: #pragma message: For the sleep routines, Global timer is being used
 #pragma message ("For the sleep routines, Global timer is being used")
         ^~~~~~~
In file included from sleep.c:53:
xtime_l.h:87:9: note: #pragma message: For the sleep routines, Global timer is being used
 #pragma message ("For the sleep routines, Global timer is being used")
         ^~~~~~~
"Running Make libs in ps7_cortexa9_0/libsrc/uartps_v3_7/src"
make -C ps7_cortexa9_0/libsrc/uartps_v3_7/src -s libs  "SHELL=CMD" "COMPILER=arm-none-eabi-gcc" "ARCHIVER=arm-none-eabi-ar" "COMPILER_FLAGS=  -O2 -c" "EXTRA_COMPILER_FLAGS=-mcpu=cortex-a9 -mfpu=vfpv3 -mfloat-abi=hard -nostartfiles -g -Wall -Wextra"
"Compiling uartps"
"Running Make libs in ps7_cortexa9_0/libsrc/xadcps_v2_3/src"
make -C ps7_cortexa9_0/libsrc/xadcps_v2_3/src -s libs  "SHELL=CMD" "COMPILER=arm-none-eabi-gcc" "ARCHIVER=arm-none-eabi-ar" "COMPILER_FLAGS=  -O2 -c" "EXTRA_COMPILER_FLAGS=-mcpu=cortex-a9 -mfpu=vfpv3 -mfloat-abi=hard -nostartfiles -g -Wall -Wextra"
"Compiling xadcps"
'Finished building libraries'
14:35:13 **** Build of configuration Debug for project run-gftl3 ****
make pre-build main-build 
a9-linaro-pre-build-step
' '
'Building file: ../src/nvme/host_lld.c'
'Invoking: ARM v7 gcc compiler'
arm-none-eabi-gcc -Wall -O0 -g3 -c -fmessage-length=0 -MT"src/nvme/host_lld.o" -mcpu=cortex-a9 -mfpu=vfpv3 -mfloat-abi=hard -I../../run-gftl3_bsp/ps7_cortexa9_0/include -MMD -MP -MF"src/nvme/host_lld.d" -MT"src/nvme/host_lld.o" -o "src/nvme/host_lld.o" "../src/nvme/host_lld.c"
../src/nvme/host_lld.c: In function 'set_direct_tx_dma':
../src/nvme/host_lld.c:358:64: warning: 'hostDmaReg.<U6e40>.dword[4]' may be used uninitialized in this function [-Wmaybe-uninitialized]
  IO_WRITE32((HOST_DMA_CMD_FIFO_REG_ADDR + 16), hostDmaReg.dword[4]);//slot_modified
                                                                ^
../src/nvme/host_lld.c: In function 'set_direct_rx_dma':
../src/nvme/host_lld.c:383:64: warning: 'hostDmaReg.<U6e40>.dword[4]' may be used uninitialized in this function [-Wmaybe-uninitialized]
  IO_WRITE32((HOST_DMA_CMD_FIFO_REG_ADDR + 16), hostDmaReg.dword[4]);//slot_modified
                                                                ^
'Finished building: ../src/nvme/host_lld.c'
' '
'Building file: ../src/nvme/nvme_admin_cmd.c'
'Invoking: ARM v7 gcc compiler'
arm-none-eabi-gcc -Wall -O0 -g3 -c -fmessage-length=0 -MT"src/nvme/nvme_admin_cmd.o" -mcpu=cortex-a9 -mfpu=vfpv3 -mfloat-abi=hard -I../../run-gftl3_bsp/ps7_cortexa9_0/include -MMD -MP -MF"src/nvme/nvme_admin_cmd.d" -MT"src/nvme/nvme_admin_cmd.o" -o "src/nvme/nvme_admin_cmd.o" "../src/nvme/nvme_admin_cmd.c"
../src/nvme/nvme_admin_cmd.c: In function 'handle_identify':
../src/nvme/nvme_admin_cmd.c:358:3: warning: implicit declaration of function 'identify_active_namespace'; did you mean 'identify_namespace'? [-Wimplicit-function-declaration]
   identify_active_namespace(pIdentifyData);
   ^~~~~~~~~~~~~~~~~~~~~~~~~
   identify_namespace
'Finished building: ../src/nvme/nvme_admin_cmd.c'
' '
'Building file: ../src/nvme/nvme_identify.c'
'Invoking: ARM v7 gcc compiler'
arm-none-eabi-gcc -Wall -O0 -g3 -c -fmessage-length=0 -MT"src/nvme/nvme_identify.o" -mcpu=cortex-a9 -mfpu=vfpv3 -mfloat-abi=hard -I../../run-gftl3_bsp/ps7_cortexa9_0/include -MMD -MP -MF"src/nvme/nvme_identify.d" -MT"src/nvme/nvme_identify.o" -o "src/nvme/nvme_identify.o" "../src/nvme/nvme_identify.c"
'Finished building: ../src/nvme/nvme_identify.c'
' '
'Building file: ../src/nvme/nvme_io_cmd.c'
'Invoking: ARM v7 gcc compiler'
arm-none-eabi-gcc -Wall -O0 -g3 -c -fmessage-length=0 -MT"src/nvme/nvme_io_cmd.o" -mcpu=cortex-a9 -mfpu=vfpv3 -mfloat-abi=hard -I../../run-gftl3_bsp/ps7_cortexa9_0/include -MMD -MP -MF"src/nvme/nvme_io_cmd.d" -MT"src/nvme/nvme_io_cmd.o" -o "src/nvme/nvme_io_cmd.o" "../src/nvme/nvme_io_cmd.c"
'Finished building: ../src/nvme/nvme_io_cmd.c'
' '
'Building file: ../src/nvme/nvme_main.c'
'Invoking: ARM v7 gcc compiler'
arm-none-eabi-gcc -Wall -O0 -g3 -c -fmessage-length=0 -MT"src/nvme/nvme_main.o" -mcpu=cortex-a9 -mfpu=vfpv3 -mfloat-abi=hard -I../../run-gftl3_bsp/ps7_cortexa9_0/include -MMD -MP -MF"src/nvme/nvme_main.d" -MT"src/nvme/nvme_main.o" -o "src/nvme/nvme_main.o" "../src/nvme/nvme_main.c"
'Finished building: ../src/nvme/nvme_main.c'
' '
'Building file: ../src/address_translation.c'
'Invoking: ARM v7 gcc compiler'
arm-none-eabi-gcc -Wall -O0 -g3 -c -fmessage-length=0 -MT"src/address_translation.o" -mcpu=cortex-a9 -mfpu=vfpv3 -mfloat-abi=hard -I../../run-gftl3_bsp/ps7_cortexa9_0/include -MMD -MP -MF"src/address_translation.d" -MT"src/address_translation.o" -o "src/address_translation.o" "../src/address_translation.c"
'Finished building: ../src/address_translation.c'
' '
'Building file: ../src/data_buffer.c'
'Invoking: ARM v7 gcc compiler'
arm-none-eabi-gcc -Wall -O0 -g3 -c -fmessage-length=0 -MT"src/data_buffer.o" -mcpu=cortex-a9 -mfpu=vfpv3 -mfloat-abi=hard -I../../run-gftl3_bsp/ps7_cortexa9_0/include -MMD -MP -MF"src/data_buffer.d" -MT"src/data_buffer.o" -o "src/data_buffer.o" "../src/data_buffer.c"
'Finished building: ../src/data_buffer.c'
' '
'Building file: ../src/ftl_config.c'
'Invoking: ARM v7 gcc compiler'
arm-none-eabi-gcc -Wall -O0 -g3 -c -fmessage-length=0 -MT"src/ftl_config.o" -mcpu=cortex-a9 -mfpu=vfpv3 -mfloat-abi=hard -I../../run-gftl3_bsp/ps7_cortexa9_0/include -MMD -MP -MF"src/ftl_config.d" -MT"src/ftl_config.o" -o "src/ftl_config.o" "../src/ftl_config.c"
../src/ftl_config.c: In function 'InitNandArray':
../src/ftl_config.c:179:34: warning: passing argument 3 of 'V2FReadIdSync' from incompatible pointer type [-Wincompatible-pointer-types]
   V2FReadIdSync(&chCtlReg[i], 0, idData);
                                  ^~~~~~
In file included from ../src/ftl_config.h:50,
                 from ../src/data_buffer.h:50,
                 from ../src/memory_map.h:50,
                 from ../src/ftl_config.c:52:
../src/nsc_driver.h:446:59: note: expected 'unsigned int *' but argument is of type 'unsigned char *'
 void V2FReadIdSync(T4REGS* t4regs, int way, unsigned int* statusReport);
                                             ~~~~~~~~~~~~~~^~~~~~~~~~~~
../src/ftl_config.c:180:3: warning: implicit declaration of function 'printf' [-Wimplicit-function-declaration]
   printf("Ch %d ReadId: ", i);
   ^~~~~~
../src/ftl_config.c:180:3: warning: incompatible implicit declaration of built-in function 'printf'
../src/ftl_config.c:180:3: note: include '<stdio.h>' or provide a declaration of 'printf'
../src/ftl_config.c:54:1:
+#include <stdio.h>
 #include "nsc_driver.h"
../src/ftl_config.c:180:3:
   printf("Ch %d ReadId: ", i);
   ^~~~~~
'Finished building: ../src/ftl_config.c'
' '
'Building file: ../src/garbage_collection.c'
'Invoking: ARM v7 gcc compiler'
arm-none-eabi-gcc -Wall -O0 -g3 -c -fmessage-length=0 -MT"src/garbage_collection.o" -mcpu=cortex-a9 -mfpu=vfpv3 -mfloat-abi=hard -I../../run-gftl3_bsp/ps7_cortexa9_0/include -MMD -MP -MF"src/garbage_collection.d" -MT"src/garbage_collection.o" -o "src/garbage_collection.o" "../src/garbage_collection.c"
'Finished building: ../src/garbage_collection.c'
' '
'Building file: ../src/main.c'
'Invoking: ARM v7 gcc compiler'
arm-none-eabi-gcc -Wall -O0 -g3 -c -fmessage-length=0 -MT"src/main.o" -mcpu=cortex-a9 -mfpu=vfpv3 -mfloat-abi=hard -I../../run-gftl3_bsp/ps7_cortexa9_0/include -MMD -MP -MF"src/main.d" -MT"src/main.o" -o "src/main.o" "../src/main.c"
'Finished building: ../src/main.c'
' '
'Building file: ../src/nsc_driver.c'
'Invoking: ARM v7 gcc compiler'
arm-none-eabi-gcc -Wall -O0 -g3 -c -fmessage-length=0 -MT"src/nsc_driver.o" -mcpu=cortex-a9 -mfpu=vfpv3 -mfloat-abi=hard -I../../run-gftl3_bsp/ps7_cortexa9_0/include -MMD -MP -MF"src/nsc_driver.d" -MT"src/nsc_driver.o" -o "src/nsc_driver.o" "../src/nsc_driver.c"
../src/nsc_driver.c: In function 'V2FSetFeaturesSync':
../src/nsc_driver.c:171:27: warning: passing argument 2 of 'V2FGetReadyBusy' discards 'volatile' qualifier from pointer target type [-Wdiscarded-qualifiers]
   V2FGetReadyBusy(t4regs, status);
                           ^~~~~~
../src/nsc_driver.c:148:52: note: expected 'unsigned int *' but argument is of type 'volatile unsigned int *'
 void V2FGetReadyBusy(T4REGS* t4regs, unsigned int* report)
                                      ~~~~~~~~~~~~~~^~~~~~
../src/nsc_driver.c:183:27: warning: passing argument 2 of 'V2FGetReadyBusy' discards 'volatile' qualifier from pointer target type [-Wdiscarded-qualifiers]
   V2FGetReadyBusy(t4regs, status);
                           ^~~~~~
../src/nsc_driver.c:148:52: note: expected 'unsigned int *' but argument is of type 'volatile unsigned int *'
 void V2FGetReadyBusy(T4REGS* t4regs, unsigned int* report)
                                      ~~~~~~~~~~~~~~^~~~~~
../src/nsc_driver.c:195:27: warning: passing argument 2 of 'V2FGetReadyBusy' discards 'volatile' qualifier from pointer target type [-Wdiscarded-qualifiers]
   V2FGetReadyBusy(t4regs, status);
                           ^~~~~~
../src/nsc_driver.c:148:52: note: expected 'unsigned int *' but argument is of type 'volatile unsigned int *'
 void V2FGetReadyBusy(T4REGS* t4regs, unsigned int* report)
                                      ~~~~~~~~~~~~~~^~~~~~
../src/nsc_driver.c:210:27: warning: passing argument 2 of 'V2FGetReadyBusy' discards 'volatile' qualifier from pointer target type [-Wdiscarded-qualifiers]
   V2FGetReadyBusy(t4regs, status);
                           ^~~~~~
../src/nsc_driver.c:148:52: note: expected 'unsigned int *' but argument is of type 'volatile unsigned int *'
 void V2FGetReadyBusy(T4REGS* t4regs, unsigned int* report)
                                      ~~~~~~~~~~~~~~^~~~~~
../src/nsc_driver.c: In function 'V2FReadPageTransferAsync':
../src/nsc_driver.c:237:31: warning: assignment to 'unsigned int' from 'void *' makes integer from pointer without a cast [-Wint-conversion]
  readpagepSLC.pageDataAddress = pageDataBuffer;
                               ^
../src/nsc_driver.c:238:32: warning: assignment to 'unsigned int' from 'void *' makes integer from pointer without a cast [-Wint-conversion]
  readpagepSLC.spareDataAddress = spareDataBuffer;
                                ^
../src/nsc_driver.c:239:32: warning: assignment to 'unsigned int' from 'unsigned int *' makes integer from pointer without a cast [-Wint-conversion]
  readpagepSLC.errorInfoAddress = errorInformation;
                                ^
../src/nsc_driver.c:241:39: warning: assignment to 'unsigned int' from 'unsigned int *' makes integer from pointer without a cast [-Wint-conversion]
  readpagepSLC.completionReportAddress = completion;
                                       ^
../src/nsc_driver.c: In function 'V2FReadPageTransferRawAsync':
../src/nsc_driver.c:256:38: warning: assignment to 'unsigned int' from 'void *' makes integer from pointer without a cast [-Wint-conversion]
  readPageTransferRaw.pageDataAddress = pageDataBuffer;
                                      ^
../src/nsc_driver.c: In function 'V2FProgramPageAsync':
../src/nsc_driver.c:273:31: warning: assignment to 'unsigned int' from 'void *' makes integer from pointer without a cast [-Wint-conversion]
  progPagepSLC.pageDataAddress = pageDataBuffer;
                               ^
../src/nsc_driver.c:274:32: warning: assignment to 'unsigned int' from 'void *' makes integer from pointer without a cast [-Wint-conversion]
  progPagepSLC.spareDataAddress = spareDataBuffer;
                                ^
../src/nsc_driver.c: In function 'V2FStatusCheckSync':
../src/nsc_driver.c:314:9: warning: this 'while' clause does not guard... [-Wmisleading-indentation]
         while (V2FIsControllerBusy(t4regs));
         ^~~~~
../src/nsc_driver.c:315:3: note: ...this statement, but the latter is misleadingly indented as if it were guarded by the 'while'
   V2FStatusCheckAsync(t4regs, way, statusReport);
   ^~~~~~~~~~~~~~~~~~~
../src/nsc_driver.c:321:9: warning: 'return' with a value, in function returning void
  return *statusReport;
         ^~~~~~~~~~~~~
../src/nsc_driver.c:310:38: note: declared here
 void __attribute__((optimize("O0"))) V2FStatusCheckSync(T4REGS* t4regs, int way, unsigned int* statusReport)
                                      ^~~~~~~~~~~~~~~~~~
'Finished building: ../src/nsc_driver.c'
' '
'Building file: ../src/request_allocation.c'
'Invoking: ARM v7 gcc compiler'
arm-none-eabi-gcc -Wall -O0 -g3 -c -fmessage-length=0 -MT"src/request_allocation.o" -mcpu=cortex-a9 -mfpu=vfpv3 -mfloat-abi=hard -I../../run-gftl3_bsp/ps7_cortexa9_0/include -MMD -MP -MF"src/request_allocation.d" -MT"src/request_allocation.o" -o "src/request_allocation.o" "../src/request_allocation.c"
'Finished building: ../src/request_allocation.c'
' '
'Building file: ../src/request_schedule.c'
'Invoking: ARM v7 gcc compiler'
arm-none-eabi-gcc -Wall -O0 -g3 -c -fmessage-length=0 -MT"src/request_schedule.o" -mcpu=cortex-a9 -mfpu=vfpv3 -mfloat-abi=hard -I../../run-gftl3_bsp/ps7_cortexa9_0/include -MMD -MP -MF"src/request_schedule.d" -MT"src/request_schedule.o" -o "src/request_schedule.o" "../src/request_schedule.c"
../src/request_schedule.c: In function 'CheckEccErrorInfo':
../src/request_schedule.c:866:27: warning: variable 'errorInfo1' set but not used [-Wunused-but-set-variable]
  unsigned int errorInfo0, errorInfo1, reqSlotTag;
                           ^~~~~~~~~~
'Finished building: ../src/request_schedule.c'
' '
'Building file: ../src/request_transform.c'
'Invoking: ARM v7 gcc compiler'
arm-none-eabi-gcc -Wall -O0 -g3 -c -fmessage-length=0 -MT"src/request_transform.o" -mcpu=cortex-a9 -mfpu=vfpv3 -mfloat-abi=hard -I../../run-gftl3_bsp/ps7_cortexa9_0/include -MMD -MP -MF"src/request_transform.d" -MT"src/request_transform.o" -o "src/request_transform.o" "../src/request_transform.c"
'Finished building: ../src/request_transform.c'
' '
'Building target: run-gftl3.elf'
'Invoking: ARM v7 gcc linker'
arm-none-eabi-gcc -mcpu=cortex-a9 -mfpu=vfpv3 -mfloat-abi=hard -Wl,-build-id=none -specs=Xilinx.spec -Wl,-T -Wl,../src/lscript.ld -L../../run-gftl3_bsp/ps7_cortexa9_0/lib -o "run-gftl3.elf"  ./src/nvme/host_lld.o ./src/nvme/nvme_admin_cmd.o ./src/nvme/nvme_identify.o ./src/nvme/nvme_io_cmd.o ./src/nvme/nvme_main.o  ./src/address_translation.o ./src/data_buffer.o ./src/ftl_config.o ./src/garbage_collection.o ./src/main.o ./src/nsc_driver.o ./src/request_allocation.o ./src/request_schedule.o ./src/request_transform.o   -Wl,--start-group,-lxil,-lgcc,-lc,--end-group
'Finished building target: run-gftl3.elf'
' '
'Invoking: ARM v7 Print Size'
arm-none-eabi-size run-gftl3.elf  |tee "run-gftl3.elf.size"
   text	   data	    bss	    dec	    hex	filename
 152320	   6928	  24192	 183440	  2cc90	run-gftl3.elf
'Finished building: run-gftl3.elf.size'
' '
15:36:28 **** Incremental Build of configuration Debug for project run-gftl3 ****
make pre-build main-build 
a9-linaro-pre-build-step
' '
make: Nothing to be done for 'main-build'.
11:16:58 **** Incremental Build of configuration Debug for project run-gftl3 ****
make pre-build main-build 
a9-linaro-pre-build-step
' '
make: Nothing to be done for 'main-build'.
13:12:00 **** Auto Build of configuration Debug for project run-gftl3 ****
make pre-build main-build 
a9-linaro-pre-build-step
' '
'Building file: ../src/nvme/nvme_identify.c'
'Invoking: ARM v7 gcc compiler'
arm-none-eabi-gcc -Wall -O0 -g3 -c -fmessage-length=0 -MT"src/nvme/nvme_identify.o" -mcpu=cortex-a9 -mfpu=vfpv3 -mfloat-abi=hard -I../../run-gftl3_bsp/ps7_cortexa9_0/include -MMD -MP -MF"src/nvme/nvme_identify.d" -MT"src/nvme/nvme_identify.o" -o "src/nvme/nvme_identify.o" "../src/nvme/nvme_identify.c"
'Finished building: ../src/nvme/nvme_identify.c'
' '
'Building file: ../src/nvme/nvme_io_cmd.c'
'Invoking: ARM v7 gcc compiler'
arm-none-eabi-gcc -Wall -O0 -g3 -c -fmessage-length=0 -MT"src/nvme/nvme_io_cmd.o" -mcpu=cortex-a9 -mfpu=vfpv3 -mfloat-abi=hard -I../../run-gftl3_bsp/ps7_cortexa9_0/include -MMD -MP -MF"src/nvme/nvme_io_cmd.d" -MT"src/nvme/nvme_io_cmd.o" -o "src/nvme/nvme_io_cmd.o" "../src/nvme/nvme_io_cmd.c"
'Finished building: ../src/nvme/nvme_io_cmd.c'
' '
'Building file: ../src/nvme/nvme_main.c'
'Invoking: ARM v7 gcc compiler'
arm-none-eabi-gcc -Wall -O0 -g3 -c -fmessage-length=0 -MT"src/nvme/nvme_main.o" -mcpu=cortex-a9 -mfpu=vfpv3 -mfloat-abi=hard -I../../run-gftl3_bsp/ps7_cortexa9_0/include -MMD -MP -MF"src/nvme/nvme_main.d" -MT"src/nvme/nvme_main.o" -o "src/nvme/nvme_main.o" "../src/nvme/nvme_main.c"
'Finished building: ../src/nvme/nvme_main.c'
' '
'Building file: ../src/address_translation.c'
'Invoking: ARM v7 gcc compiler'
arm-none-eabi-gcc -Wall -O0 -g3 -c -fmessage-length=0 -MT"src/address_translation.o" -mcpu=cortex-a9 -mfpu=vfpv3 -mfloat-abi=hard -I../../run-gftl3_bsp/ps7_cortexa9_0/include -MMD -MP -MF"src/address_translation.d" -MT"src/address_translation.o" -o "src/address_translation.o" "../src/address_translation.c"
'Finished building: ../src/address_translation.c'
' '
'Building file: ../src/data_buffer.c'
'Invoking: ARM v7 gcc compiler'
arm-none-eabi-gcc -Wall -O0 -g3 -c -fmessage-length=0 -MT"src/data_buffer.o" -mcpu=cortex-a9 -mfpu=vfpv3 -mfloat-abi=hard -I../../run-gftl3_bsp/ps7_cortexa9_0/include -MMD -MP -MF"src/data_buffer.d" -MT"src/data_buffer.o" -o "src/data_buffer.o" "../src/data_buffer.c"
'Finished building: ../src/data_buffer.c'
' '
'Building file: ../src/ftl_config.c'
'Invoking: ARM v7 gcc compiler'
arm-none-eabi-gcc -Wall -O0 -g3 -c -fmessage-length=0 -MT"src/ftl_config.o" -mcpu=cortex-a9 -mfpu=vfpv3 -mfloat-abi=hard -I../../run-gftl3_bsp/ps7_cortexa9_0/include -MMD -MP -MF"src/ftl_config.d" -MT"src/ftl_config.o" -o "src/ftl_config.o" "../src/ftl_config.c"
../src/ftl_config.c: In function 'InitNandArray':
../src/ftl_config.c:179:34: warning: passing argument 3 of 'V2FReadIdSync' from incompatible pointer type [-Wincompatible-pointer-types]
   V2FReadIdSync(&chCtlReg[i], 0, idData);
                                  ^~~~~~
In file included from ../src/ftl_config.h:50,
                 from ../src/data_buffer.h:50,
                 from ../src/memory_map.h:50,
                 from ../src/ftl_config.c:52:
../src/nsc_driver.h:446:59: note: expected 'unsigned int *' but argument is of type 'unsigned char *'
 void V2FReadIdSync(T4REGS* t4regs, int way, unsigned int* statusReport);
                                             ~~~~~~~~~~~~~~^~~~~~~~~~~~
../src/ftl_config.c:180:3: warning: implicit declaration of function 'printf' [-Wimplicit-function-declaration]
   printf("Ch %d ReadId: ", i);
   ^~~~~~
../src/ftl_config.c:180:3: warning: incompatible implicit declaration of built-in function 'printf'
../src/ftl_config.c:180:3: note: include '<stdio.h>' or provide a declaration of 'printf'
../src/ftl_config.c:54:1:
+#include <stdio.h>
 #include "nsc_driver.h"
../src/ftl_config.c:180:3:
   printf("Ch %d ReadId: ", i);
   ^~~~~~
'Finished building: ../src/ftl_config.c'
' '
'Building file: ../src/garbage_collection.c'
'Invoking: ARM v7 gcc compiler'
arm-none-eabi-gcc -Wall -O0 -g3 -c -fmessage-length=0 -MT"src/garbage_collection.o" -mcpu=cortex-a9 -mfpu=vfpv3 -mfloat-abi=hard -I../../run-gftl3_bsp/ps7_cortexa9_0/include -MMD -MP -MF"src/garbage_collection.d" -MT"src/garbage_collection.o" -o "src/garbage_collection.o" "../src/garbage_collection.c"
'Finished building: ../src/garbage_collection.c'
' '
'Building file: ../src/request_allocation.c'
'Invoking: ARM v7 gcc compiler'
arm-none-eabi-gcc -Wall -O0 -g3 -c -fmessage-length=0 -MT"src/request_allocation.o" -mcpu=cortex-a9 -mfpu=vfpv3 -mfloat-abi=hard -I../../run-gftl3_bsp/ps7_cortexa9_0/include -MMD -MP -MF"src/request_allocation.d" -MT"src/request_allocation.o" -o "src/request_allocation.o" "../src/request_allocation.c"
'Finished building: ../src/request_allocation.c'
' '
'Building file: ../src/request_schedule.c'
'Invoking: ARM v7 gcc compiler'
arm-none-eabi-gcc -Wall -O0 -g3 -c -fmessage-length=0 -MT"src/request_schedule.o" -mcpu=cortex-a9 -mfpu=vfpv3 -mfloat-abi=hard -I../../run-gftl3_bsp/ps7_cortexa9_0/include -MMD -MP -MF"src/request_schedule.d" -MT"src/request_schedule.o" -o "src/request_schedule.o" "../src/request_schedule.c"
../src/request_schedule.c: In function 'CheckEccErrorInfo':
../src/request_schedule.c:866:27: warning: variable 'errorInfo1' set but not used [-Wunused-but-set-variable]
  unsigned int errorInfo0, errorInfo1, reqSlotTag;
                           ^~~~~~~~~~
'Finished building: ../src/request_schedule.c'
' '
'Building file: ../src/request_transform.c'
'Invoking: ARM v7 gcc compiler'
arm-none-eabi-gcc -Wall -O0 -g3 -c -fmessage-length=0 -MT"src/request_transform.o" -mcpu=cortex-a9 -mfpu=vfpv3 -mfloat-abi=hard -I../../run-gftl3_bsp/ps7_cortexa9_0/include -MMD -MP -MF"src/request_transform.d" -MT"src/request_transform.o" -o "src/request_transform.o" "../src/request_transform.c"
'Finished building: ../src/request_transform.c'
' '
'Building target: run-gftl3.elf'
'Invoking: ARM v7 gcc linker'
arm-none-eabi-gcc -mcpu=cortex-a9 -mfpu=vfpv3 -mfloat-abi=hard -Wl,-build-id=none -specs=Xilinx.spec -Wl,-T -Wl,../src/lscript.ld -L../../run-gftl3_bsp/ps7_cortexa9_0/lib -o "run-gftl3.elf"  ./src/nvme/host_lld.o ./src/nvme/nvme_admin_cmd.o ./src/nvme/nvme_identify.o ./src/nvme/nvme_io_cmd.o ./src/nvme/nvme_main.o  ./src/address_translation.o ./src/data_buffer.o ./src/ftl_config.o ./src/garbage_collection.o ./src/main.o ./src/nsc_driver.o ./src/request_allocation.o ./src/request_schedule.o ./src/request_transform.o   -Wl,--start-group,-lxil,-lgcc,-lc,--end-group
'Finished building target: run-gftl3.elf'
' '
'Invoking: ARM v7 Print Size'
arm-none-eabi-size run-gftl3.elf  |tee "run-gftl3.elf.size"
   text	   data	    bss	    dec	    hex	filename
 152320	   6928	  23968	 183216	  2cbb0	run-gftl3.elf
'Finished building: run-gftl3.elf.size'
' '
13:12:14 **** Incremental Build of configuration Debug for project run-gftl3 ****
make pre-build main-build 
a9-linaro-pre-build-step
' '
make: Nothing to be done for 'main-build'.
