Copyright 1986-2019 Xilinx, Inc. All Rights Reserved.
------------------------------------------------------------------------------------
| Tool Version : Vivado v.2019.1 (win64) Build 2552052 Fri May 24 14:49:42 MDT 2019
| Date         : Fri Sep  3 11:36:08 2021
| Host         : DESKTOP-KFMNFE2 running 64-bit major release  (build 9200)
| Command      : upgrade_ip
| Device       : xc7z045ffg900-3
------------------------------------------------------------------------------------

Upgrade Log for IP 'sys_top_nvme_ctrl_0_0'

1. Summary
----------

SUCCESS in the upgrade of sys_top_nvme_ctrl_0_0 (enclab:user:nvme_ctrl:1.1.0) from (Rev. 1) to (Rev. 2)






Copyright 1986-2019 Xilinx, Inc. All Rights Reserved.
------------------------------------------------------------------------------------
| Tool Version : Vivado v.2019.1 (win64) Build 2552052 Fri May 24 14:49:42 MDT 2019
| Date         : Fri Sep  3 11:17:21 2021
| Host         : DESKTOP-KFMNFE2 running 64-bit major release  (build 9200)
| Command      : upgrade_ip
| Device       : xc7z045ffg900-3
------------------------------------------------------------------------------------

Upgrade Log for IP 'sys_top_nvme_ctrl_0_0'

1. Summary
----------

SUCCESS in the conversion of sys_top_nvme_ctrl_0_0 (enclab:user:nvme_ctrl:1.1.0 (Rev. 1)) to Vivado generation flows.

